
*** Running vivado
    with args -log fir_compiler_0.vds -m64 -product Vivado -mode batch -messageDb vivado.pb -notrace -source fir_compiler_0.tcl


****** Vivado v2017.2 (64-bit)
  **** SW Build 1909853 on Thu Jun 15 18:39:09 MDT 2017
  **** IP Build 1909766 on Thu Jun 15 19:58:00 MDT 2017
    ** Copyright 1986-2017 Xilinx, Inc. All Rights Reserved.

source fir_compiler_0.tcl -notrace
Starting RTL Elaboration : Time (s): cpu = 00:00:05 ; elapsed = 00:00:07 . Memory (MB): peak = 317.246 ; gain = 79.195
INFO: [Synth 8-638] synthesizing module 'fir_compiler_0' [c:/Vivado/i2s_playback/i2s_playback.srcs/sources_1/ip/fir_compiler_0/synth/fir_compiler_0.vhd:70]
INFO: [Synth 8-256] done synthesizing module 'fir_compiler_0' (13#1) [c:/Vivado/i2s_playback/i2s_playback.srcs/sources_1/ip/fir_compiler_0/synth/fir_compiler_0.vhd:70]
Finished RTL Elaboration : Time (s): cpu = 00:00:10 ; elapsed = 00:00:12 . Memory (MB): peak = 387.070 ; gain = 149.020
Finished RTL Optimization Phase 1 : Time (s): cpu = 00:00:10 ; elapsed = 00:00:13 . Memory (MB): peak = 387.070 ; gain = 149.020
INFO: [Device 21-403] Loading part xc7a100tcsg324-1
Constraint Validation Runtime : Time (s): cpu = 00:00:00 ; elapsed = 00:00:00.160 . Memory (MB): peak = 589.215 ; gain = 0.000
Finished Constraint Validation : Time (s): cpu = 00:00:22 ; elapsed = 00:00:28 . Memory (MB): peak = 589.215 ; gain = 351.164
Finished Loading Part and Timing Information : Time (s): cpu = 00:00:22 ; elapsed = 00:00:28 . Memory (MB): peak = 589.215 ; gain = 351.164
Finished applying 'set_property' XDC Constraints : Time (s): cpu = 00:00:22 ; elapsed = 00:00:28 . Memory (MB): peak = 589.215 ; gain = 351.164
Finished RTL Optimization Phase 2 : Time (s): cpu = 00:00:22 ; elapsed = 00:00:29 . Memory (MB): peak = 589.215 ; gain = 351.164
Finished Cross Boundary and Area Optimization : Time (s): cpu = 00:00:23 ; elapsed = 00:00:29 . Memory (MB): peak = 589.215 ; gain = 351.164
Finished Applying XDC Timing Constraints : Time (s): cpu = 00:00:38 ; elapsed = 00:00:44 . Memory (MB): peak = 664.750 ; gain = 426.699
Finished Timing Optimization : Time (s): cpu = 00:00:38 ; elapsed = 00:00:45 . Memory (MB): peak = 678.898 ; gain = 440.848
Finished Technology Mapping : Time (s): cpu = 00:00:38 ; elapsed = 00:00:45 . Memory (MB): peak = 688.043 ; gain = 449.992
Finished IO Insertion : Time (s): cpu = 00:00:38 ; elapsed = 00:00:45 . Memory (MB): peak = 688.043 ; gain = 449.992
Finished Renaming Generated Instances : Time (s): cpu = 00:00:38 ; elapsed = 00:00:45 . Memory (MB): peak = 688.043 ; gain = 449.992
Finished Rebuilding User Hierarchy : Time (s): cpu = 00:00:39 ; elapsed = 00:00:46 . Memory (MB): peak = 688.043 ; gain = 449.992
Finished Renaming Generated Ports : Time (s): cpu = 00:00:39 ; elapsed = 00:00:46 . Memory (MB): peak = 688.043 ; gain = 449.992
Finished Handling Custom Attributes : Time (s): cpu = 00:00:39 ; elapsed = 00:00:46 . Memory (MB): peak = 688.043 ; gain = 449.992
Finished Renaming Generated Nets : Time (s): cpu = 00:00:39 ; elapsed = 00:00:46 . Memory (MB): peak = 688.043 ; gain = 449.992

Report Cell Usage: 
+------+--------+------+
|      |Cell    |Count |
+------+--------+------+
|1     |DSP48E1 |     1|
|2     |LUT1    |     3|
|3     |LUT2    |    16|
|4     |LUT3    |     2|
|5     |LUT4    |     5|
|6     |LUT5    |     1|
|7     |LUT6    |     5|
|8     |SRL16E  |    53|
|9     |FDRE    |   146|
|10    |FDSE    |     1|
+------+--------+------+
Finished Writing Synthesis Report : Time (s): cpu = 00:00:39 ; elapsed = 00:00:46 . Memory (MB): peak = 688.043 ; gain = 449.992
synth_design: Time (s): cpu = 00:00:41 ; elapsed = 00:00:48 . Memory (MB): peak = 688.043 ; gain = 452.621
