
*** Running vivado
    with args -log i2s_playback.vds -m64 -product Vivado -mode batch -messageDb vivado.pb -notrace -source i2s_playback.tcl


****** Vivado v2017.2 (64-bit)
  **** SW Build 1909853 on Thu Jun 15 18:39:09 MDT 2017
  **** IP Build 1909766 on Thu Jun 15 19:58:00 MDT 2017
    ** Copyright 1986-2017 Xilinx, Inc. All Rights Reserved.

source i2s_playback.tcl -notrace
Command: synth_design -top i2s_playback -part xc7a100tcsg324-1
Starting synth_design
Attempting to get a license for feature 'Synthesis' and/or device 'xc7a100t-csg324'
INFO: [Common 17-349] Got license for feature 'Synthesis' and/or device 'xc7a100t-csg324'
INFO: Launching helper process for spawning children vivado processes
INFO: Helper process launched with PID 8168 
---------------------------------------------------------------------------------
Starting RTL Elaboration : Time (s): cpu = 00:00:03 ; elapsed = 00:00:05 . Memory (MB): peak = 316.668 ; gain = 74.066
---------------------------------------------------------------------------------
INFO: [Synth 8-638] synthesizing module 'i2s_playback' [C:/Vivado/i2s_playback/i2s_playback.srcs/sources_1/new/i2s_playback.vhd:49]
	Parameter d_width bound to: 16 - type: integer 
INFO: [Synth 8-3491] module 'clk_wiz_1' declared at 'C:/Vivado/i2s_playback/i2s_playback.runs/synth_1/.Xil/Vivado-12056-LAPTOP-ATT53B95/realtime/clk_wiz_1_stub.vhdl:5' bound to instance 'i2s_clock' of component 'clk_wiz_1' [C:/Vivado/i2s_playback/i2s_playback.srcs/sources_1/new/i2s_playback.vhd:145]
INFO: [Synth 8-638] synthesizing module 'clk_wiz_1' [C:/Vivado/i2s_playback/i2s_playback.runs/synth_1/.Xil/Vivado-12056-LAPTOP-ATT53B95/realtime/clk_wiz_1_stub.vhdl:13]
	Parameter ms_ratio_w bound to: 3 - type: integer 
	Parameter sw_ratio_w bound to: 6 - type: integer 
	Parameter data_w bound to: 16 - type: integer 
INFO: [Synth 8-3491] module 'i2s' declared at 'C:/Vivado/i2s_playback/i2s_playback.srcs/sources_1/new/i2s_transceiver.vhd:15' bound to instance 'unit_i2s' of component 'i2s' [C:/Vivado/i2s_playback/i2s_playback.srcs/sources_1/new/i2s_playback.vhd:152]
INFO: [Synth 8-638] synthesizing module 'i2s' [C:/Vivado/i2s_playback/i2s_playback.srcs/sources_1/new/i2s_transceiver.vhd:43]
	Parameter ms_ratio_w bound to: 3 - type: integer 
	Parameter sw_ratio_w bound to: 6 - type: integer 
	Parameter data_w bound to: 16 - type: integer 
INFO: [Synth 8-256] done synthesizing module 'i2s' (1#1) [C:/Vivado/i2s_playback/i2s_playback.srcs/sources_1/new/i2s_transceiver.vhd:43]
	Parameter d_width bound to: 16 - type: integer 
INFO: [Synth 8-3491] module 'Digital_Efects' declared at 'C:/Vivado/i2s_playback/i2s_playback.srcs/sources_1/new/Digital_Efects.vhd:35' bound to instance 'unit_digital_efects' of component 'Digital_Efects' [C:/Vivado/i2s_playback/i2s_playback.srcs/sources_1/new/i2s_playback.vhd:172]
INFO: [Synth 8-638] synthesizing module 'Digital_Efects' [C:/Vivado/i2s_playback/i2s_playback.srcs/sources_1/new/Digital_Efects.vhd:53]
	Parameter d_width bound to: 16 - type: integer 
	Parameter d_width bound to: 16 - type: integer 
INFO: [Synth 8-3491] module 'EfectoES' declared at 'C:/Vivado/i2s_playback/i2s_playback.srcs/sources_1/new/EfectoES.vhd:36' bound to instance 'Unit_EfectES' of component 'EfectoES' [C:/Vivado/i2s_playback/i2s_playback.srcs/sources_1/new/Digital_Efects.vhd:144]
INFO: [Synth 8-638] synthesizing module 'EfectoES' [C:/Vivado/i2s_playback/i2s_playback.srcs/sources_1/new/EfectoES.vhd:51]
	Parameter d_width bound to: 16 - type: integer 
INFO: [Synth 8-256] done synthesizing module 'EfectoES' (2#1) [C:/Vivado/i2s_playback/i2s_playback.srcs/sources_1/new/EfectoES.vhd:51]
	Parameter n bound to: 4000 - type: integer 
	Parameter d_width bound to: 16 - type: integer 
INFO: [Synth 8-3491] module 'EfectoDELAY' declared at 'C:/Vivado/i2s_playback/i2s_playback.srcs/sources_1/new/EfectoDELAY.vhd:35' bound to instance 'Unit_EfectDELAY' of component 'EfectoDELAY' [C:/Vivado/i2s_playback/i2s_playback.srcs/sources_1/new/Digital_Efects.vhd:157]
INFO: [Synth 8-638] synthesizing module 'EfectoDELAY' [C:/Vivado/i2s_playback/i2s_playback.srcs/sources_1/new/EfectoDELAY.vhd:51]
	Parameter n bound to: 4000 - type: integer 
	Parameter d_width bound to: 16 - type: integer 
INFO: [Synth 8-256] done synthesizing module 'EfectoDELAY' (3#1) [C:/Vivado/i2s_playback/i2s_playback.srcs/sources_1/new/EfectoDELAY.vhd:51]
	Parameter n bound to: 1000 - type: integer 
	Parameter d_width bound to: 16 - type: integer 
INFO: [Synth 8-3491] module 'EfectoCHORUS' declared at 'C:/Vivado/i2s_playback/i2s_playback.srcs/sources_1/new/EfectoCHORUS.vhd:35' bound to instance 'Unit_EfectCHORUS' of component 'EfectoCHORUS' [C:/Vivado/i2s_playback/i2s_playback.srcs/sources_1/new/Digital_Efects.vhd:170]
INFO: [Synth 8-638] synthesizing module 'EfectoCHORUS' [C:/Vivado/i2s_playback/i2s_playback.srcs/sources_1/new/EfectoCHORUS.vhd:51]
	Parameter n bound to: 1000 - type: integer 
	Parameter d_width bound to: 16 - type: integer 
WARNING: [Synth 8-6014] Unused sequential element l_data_reg_reg[0] was removed.  [C:/Vivado/i2s_playback/i2s_playback.srcs/sources_1/new/EfectoCHORUS.vhd:63]
WARNING: [Synth 8-6014] Unused sequential element l_data_reg_reg[1] was removed.  [C:/Vivado/i2s_playback/i2s_playback.srcs/sources_1/new/EfectoCHORUS.vhd:63]
WARNING: [Synth 8-6014] Unused sequential element l_data_reg_reg[2] was removed.  [C:/Vivado/i2s_playback/i2s_playback.srcs/sources_1/new/EfectoCHORUS.vhd:63]
WARNING: [Synth 8-6014] Unused sequential element l_data_reg_reg[3] was removed.  [C:/Vivado/i2s_playback/i2s_playback.srcs/sources_1/new/EfectoCHORUS.vhd:63]
WARNING: [Synth 8-6014] Unused sequential element l_data_reg_reg[4] was removed.  [C:/Vivado/i2s_playback/i2s_playback.srcs/sources_1/new/EfectoCHORUS.vhd:63]
WARNING: [Synth 8-6014] Unused sequential element l_data_reg_reg[5] was removed.  [C:/Vivado/i2s_playback/i2s_playback.srcs/sources_1/new/EfectoCHORUS.vhd:63]
WARNING: [Synth 8-6014] Unused sequential element l_data_reg_reg[6] was removed.  [C:/Vivado/i2s_playback/i2s_playback.srcs/sources_1/new/EfectoCHORUS.vhd:63]
WARNING: [Synth 8-6014] Unused sequential element l_data_reg_reg[7] was removed.  [C:/Vivado/i2s_playback/i2s_playback.srcs/sources_1/new/EfectoCHORUS.vhd:63]
WARNING: [Synth 8-6014] Unused sequential element l_data_reg_reg[8] was removed.  [C:/Vivado/i2s_playback/i2s_playback.srcs/sources_1/new/EfectoCHORUS.vhd:63]
WARNING: [Synth 8-6014] Unused sequential element l_data_reg_reg[9] was removed.  [C:/Vivado/i2s_playback/i2s_playback.srcs/sources_1/new/EfectoCHORUS.vhd:63]
WARNING: [Synth 8-6014] Unused sequential element l_data_reg_reg[10] was removed.  [C:/Vivado/i2s_playback/i2s_playback.srcs/sources_1/new/EfectoCHORUS.vhd:63]
WARNING: [Synth 8-6014] Unused sequential element l_data_reg_reg[11] was removed.  [C:/Vivado/i2s_playback/i2s_playback.srcs/sources_1/new/EfectoCHORUS.vhd:63]
WARNING: [Synth 8-6014] Unused sequential element l_data_reg_reg[12] was removed.  [C:/Vivado/i2s_playback/i2s_playback.srcs/sources_1/new/EfectoCHORUS.vhd:63]
WARNING: [Synth 8-6014] Unused sequential element l_data_reg_reg[13] was removed.  [C:/Vivado/i2s_playback/i2s_playback.srcs/sources_1/new/EfectoCHORUS.vhd:63]
WARNING: [Synth 8-6014] Unused sequential element l_data_reg_reg[14] was removed.  [C:/Vivado/i2s_playback/i2s_playback.srcs/sources_1/new/EfectoCHORUS.vhd:63]
WARNING: [Synth 8-6014] Unused sequential element l_data_reg_reg[15] was removed.  [C:/Vivado/i2s_playback/i2s_playback.srcs/sources_1/new/EfectoCHORUS.vhd:63]
WARNING: [Synth 8-6014] Unused sequential element l_data_reg_reg[16] was removed.  [C:/Vivado/i2s_playback/i2s_playback.srcs/sources_1/new/EfectoCHORUS.vhd:63]
WARNING: [Synth 8-6014] Unused sequential element l_data_reg_reg[17] was removed.  [C:/Vivado/i2s_playback/i2s_playback.srcs/sources_1/new/EfectoCHORUS.vhd:63]
WARNING: [Synth 8-6014] Unused sequential element l_data_reg_reg[18] was removed.  [C:/Vivado/i2s_playback/i2s_playback.srcs/sources_1/new/EfectoCHORUS.vhd:63]
WARNING: [Synth 8-6014] Unused sequential element l_data_reg_reg[19] was removed.  [C:/Vivado/i2s_playback/i2s_playback.srcs/sources_1/new/EfectoCHORUS.vhd:63]
WARNING: [Synth 8-6014] Unused sequential element l_data_reg_reg[20] was removed.  [C:/Vivado/i2s_playback/i2s_playback.srcs/sources_1/new/EfectoCHORUS.vhd:63]
WARNING: [Synth 8-6014] Unused sequential element l_data_reg_reg[21] was removed.  [C:/Vivado/i2s_playback/i2s_playback.srcs/sources_1/new/EfectoCHORUS.vhd:63]
WARNING: [Synth 8-6014] Unused sequential element l_data_reg_reg[22] was removed.  [C:/Vivado/i2s_playback/i2s_playback.srcs/sources_1/new/EfectoCHORUS.vhd:63]
WARNING: [Synth 8-6014] Unused sequential element l_data_reg_reg[23] was removed.  [C:/Vivado/i2s_playback/i2s_playback.srcs/sources_1/new/EfectoCHORUS.vhd:63]
WARNING: [Synth 8-6014] Unused sequential element l_data_reg_reg[24] was removed.  [C:/Vivado/i2s_playback/i2s_playback.srcs/sources_1/new/EfectoCHORUS.vhd:63]
WARNING: [Synth 8-6014] Unused sequential element l_data_reg_reg[25] was removed.  [C:/Vivado/i2s_playback/i2s_playback.srcs/sources_1/new/EfectoCHORUS.vhd:63]
WARNING: [Synth 8-6014] Unused sequential element l_data_reg_reg[26] was removed.  [C:/Vivado/i2s_playback/i2s_playback.srcs/sources_1/new/EfectoCHORUS.vhd:63]
WARNING: [Synth 8-6014] Unused sequential element l_data_reg_reg[27] was removed.  [C:/Vivado/i2s_playback/i2s_playback.srcs/sources_1/new/EfectoCHORUS.vhd:63]
WARNING: [Synth 8-6014] Unused sequential element l_data_reg_reg[28] was removed.  [C:/Vivado/i2s_playback/i2s_playback.srcs/sources_1/new/EfectoCHORUS.vhd:63]
WARNING: [Synth 8-6014] Unused sequential element l_data_reg_reg[29] was removed.  [C:/Vivado/i2s_playback/i2s_playback.srcs/sources_1/new/EfectoCHORUS.vhd:63]
WARNING: [Synth 8-6014] Unused sequential element l_data_reg_reg[30] was removed.  [C:/Vivado/i2s_playback/i2s_playback.srcs/sources_1/new/EfectoCHORUS.vhd:63]
WARNING: [Synth 8-6014] Unused sequential element l_data_reg_reg[31] was removed.  [C:/Vivado/i2s_playback/i2s_playback.srcs/sources_1/new/EfectoCHORUS.vhd:63]
WARNING: [Synth 8-6014] Unused sequential element l_data_reg_reg[32] was removed.  [C:/Vivado/i2s_playback/i2s_playback.srcs/sources_1/new/EfectoCHORUS.vhd:63]
WARNING: [Synth 8-6014] Unused sequential element l_data_reg_reg[33] was removed.  [C:/Vivado/i2s_playback/i2s_playback.srcs/sources_1/new/EfectoCHORUS.vhd:63]
WARNING: [Synth 8-6014] Unused sequential element l_data_reg_reg[34] was removed.  [C:/Vivado/i2s_playback/i2s_playback.srcs/sources_1/new/EfectoCHORUS.vhd:63]
WARNING: [Synth 8-6014] Unused sequential element l_data_reg_reg[35] was removed.  [C:/Vivado/i2s_playback/i2s_playback.srcs/sources_1/new/EfectoCHORUS.vhd:63]
WARNING: [Synth 8-6014] Unused sequential element l_data_reg_reg[36] was removed.  [C:/Vivado/i2s_playback/i2s_playback.srcs/sources_1/new/EfectoCHORUS.vhd:63]
WARNING: [Synth 8-6014] Unused sequential element l_data_reg_reg[37] was removed.  [C:/Vivado/i2s_playback/i2s_playback.srcs/sources_1/new/EfectoCHORUS.vhd:63]
WARNING: [Synth 8-6014] Unused sequential element l_data_reg_reg[38] was removed.  [C:/Vivado/i2s_playback/i2s_playback.srcs/sources_1/new/EfectoCHORUS.vhd:63]
WARNING: [Synth 8-6014] Unused sequential element l_data_reg_reg[39] was removed.  [C:/Vivado/i2s_playback/i2s_playback.srcs/sources_1/new/EfectoCHORUS.vhd:63]
WARNING: [Synth 8-6014] Unused sequential element l_data_reg_reg[40] was removed.  [C:/Vivado/i2s_playback/i2s_playback.srcs/sources_1/new/EfectoCHORUS.vhd:63]
WARNING: [Synth 8-6014] Unused sequential element l_data_reg_reg[41] was removed.  [C:/Vivado/i2s_playback/i2s_playback.srcs/sources_1/new/EfectoCHORUS.vhd:63]
WARNING: [Synth 8-6014] Unused sequential element l_data_reg_reg[42] was removed.  [C:/Vivado/i2s_playback/i2s_playback.srcs/sources_1/new/EfectoCHORUS.vhd:63]
WARNING: [Synth 8-6014] Unused sequential element l_data_reg_reg[43] was removed.  [C:/Vivado/i2s_playback/i2s_playback.srcs/sources_1/new/EfectoCHORUS.vhd:63]
WARNING: [Synth 8-6014] Unused sequential element l_data_reg_reg[44] was removed.  [C:/Vivado/i2s_playback/i2s_playback.srcs/sources_1/new/EfectoCHORUS.vhd:63]
WARNING: [Synth 8-6014] Unused sequential element l_data_reg_reg[45] was removed.  [C:/Vivado/i2s_playback/i2s_playback.srcs/sources_1/new/EfectoCHORUS.vhd:63]
WARNING: [Synth 8-6014] Unused sequential element l_data_reg_reg[46] was removed.  [C:/Vivado/i2s_playback/i2s_playback.srcs/sources_1/new/EfectoCHORUS.vhd:63]
WARNING: [Synth 8-6014] Unused sequential element l_data_reg_reg[47] was removed.  [C:/Vivado/i2s_playback/i2s_playback.srcs/sources_1/new/EfectoCHORUS.vhd:63]
WARNING: [Synth 8-6014] Unused sequential element l_data_reg_reg[48] was removed.  [C:/Vivado/i2s_playback/i2s_playback.srcs/sources_1/new/EfectoCHORUS.vhd:63]
WARNING: [Synth 8-6014] Unused sequential element l_data_reg_reg[49] was removed.  [C:/Vivado/i2s_playback/i2s_playback.srcs/sources_1/new/EfectoCHORUS.vhd:63]
WARNING: [Synth 8-6014] Unused sequential element l_data_reg_reg[50] was removed.  [C:/Vivado/i2s_playback/i2s_playback.srcs/sources_1/new/EfectoCHORUS.vhd:63]
WARNING: [Synth 8-6014] Unused sequential element l_data_reg_reg[51] was removed.  [C:/Vivado/i2s_playback/i2s_playback.srcs/sources_1/new/EfectoCHORUS.vhd:63]
WARNING: [Synth 8-6014] Unused sequential element l_data_reg_reg[52] was removed.  [C:/Vivado/i2s_playback/i2s_playback.srcs/sources_1/new/EfectoCHORUS.vhd:63]
WARNING: [Synth 8-6014] Unused sequential element l_data_reg_reg[53] was removed.  [C:/Vivado/i2s_playback/i2s_playback.srcs/sources_1/new/EfectoCHORUS.vhd:63]
WARNING: [Synth 8-6014] Unused sequential element l_data_reg_reg[54] was removed.  [C:/Vivado/i2s_playback/i2s_playback.srcs/sources_1/new/EfectoCHORUS.vhd:63]
WARNING: [Synth 8-6014] Unused sequential element l_data_reg_reg[55] was removed.  [C:/Vivado/i2s_playback/i2s_playback.srcs/sources_1/new/EfectoCHORUS.vhd:63]
WARNING: [Synth 8-6014] Unused sequential element l_data_reg_reg[56] was removed.  [C:/Vivado/i2s_playback/i2s_playback.srcs/sources_1/new/EfectoCHORUS.vhd:63]
WARNING: [Synth 8-6014] Unused sequential element l_data_reg_reg[57] was removed.  [C:/Vivado/i2s_playback/i2s_playback.srcs/sources_1/new/EfectoCHORUS.vhd:63]
WARNING: [Synth 8-6014] Unused sequential element l_data_reg_reg[58] was removed.  [C:/Vivado/i2s_playback/i2s_playback.srcs/sources_1/new/EfectoCHORUS.vhd:63]
WARNING: [Synth 8-6014] Unused sequential element l_data_reg_reg[59] was removed.  [C:/Vivado/i2s_playback/i2s_playback.srcs/sources_1/new/EfectoCHORUS.vhd:63]
WARNING: [Synth 8-6014] Unused sequential element l_data_reg_reg[60] was removed.  [C:/Vivado/i2s_playback/i2s_playback.srcs/sources_1/new/EfectoCHORUS.vhd:63]
WARNING: [Synth 8-6014] Unused sequential element l_data_reg_reg[61] was removed.  [C:/Vivado/i2s_playback/i2s_playback.srcs/sources_1/new/EfectoCHORUS.vhd:63]
WARNING: [Synth 8-6014] Unused sequential element l_data_reg_reg[62] was removed.  [C:/Vivado/i2s_playback/i2s_playback.srcs/sources_1/new/EfectoCHORUS.vhd:63]
WARNING: [Synth 8-6014] Unused sequential element l_data_reg_reg[63] was removed.  [C:/Vivado/i2s_playback/i2s_playback.srcs/sources_1/new/EfectoCHORUS.vhd:63]
WARNING: [Synth 8-6014] Unused sequential element l_data_reg_reg[64] was removed.  [C:/Vivado/i2s_playback/i2s_playback.srcs/sources_1/new/EfectoCHORUS.vhd:63]
WARNING: [Synth 8-6014] Unused sequential element l_data_reg_reg[65] was removed.  [C:/Vivado/i2s_playback/i2s_playback.srcs/sources_1/new/EfectoCHORUS.vhd:63]
WARNING: [Synth 8-6014] Unused sequential element l_data_reg_reg[66] was removed.  [C:/Vivado/i2s_playback/i2s_playback.srcs/sources_1/new/EfectoCHORUS.vhd:63]
WARNING: [Synth 8-6014] Unused sequential element l_data_reg_reg[67] was removed.  [C:/Vivado/i2s_playback/i2s_playback.srcs/sources_1/new/EfectoCHORUS.vhd:63]
WARNING: [Synth 8-6014] Unused sequential element l_data_reg_reg[68] was removed.  [C:/Vivado/i2s_playback/i2s_playback.srcs/sources_1/new/EfectoCHORUS.vhd:63]
WARNING: [Synth 8-6014] Unused sequential element l_data_reg_reg[69] was removed.  [C:/Vivado/i2s_playback/i2s_playback.srcs/sources_1/new/EfectoCHORUS.vhd:63]
WARNING: [Synth 8-6014] Unused sequential element l_data_reg_reg[70] was removed.  [C:/Vivado/i2s_playback/i2s_playback.srcs/sources_1/new/EfectoCHORUS.vhd:63]
WARNING: [Synth 8-6014] Unused sequential element l_data_reg_reg[71] was removed.  [C:/Vivado/i2s_playback/i2s_playback.srcs/sources_1/new/EfectoCHORUS.vhd:63]
WARNING: [Synth 8-6014] Unused sequential element l_data_reg_reg[72] was removed.  [C:/Vivado/i2s_playback/i2s_playback.srcs/sources_1/new/EfectoCHORUS.vhd:63]
WARNING: [Synth 8-6014] Unused sequential element l_data_reg_reg[73] was removed.  [C:/Vivado/i2s_playback/i2s_playback.srcs/sources_1/new/EfectoCHORUS.vhd:63]
WARNING: [Synth 8-6014] Unused sequential element l_data_reg_reg[74] was removed.  [C:/Vivado/i2s_playback/i2s_playback.srcs/sources_1/new/EfectoCHORUS.vhd:63]
WARNING: [Synth 8-6014] Unused sequential element l_data_reg_reg[75] was removed.  [C:/Vivado/i2s_playback/i2s_playback.srcs/sources_1/new/EfectoCHORUS.vhd:63]
WARNING: [Synth 8-6014] Unused sequential element l_data_reg_reg[76] was removed.  [C:/Vivado/i2s_playback/i2s_playback.srcs/sources_1/new/EfectoCHORUS.vhd:63]
WARNING: [Synth 8-6014] Unused sequential element l_data_reg_reg[77] was removed.  [C:/Vivado/i2s_playback/i2s_playback.srcs/sources_1/new/EfectoCHORUS.vhd:63]
WARNING: [Synth 8-6014] Unused sequential element l_data_reg_reg[78] was removed.  [C:/Vivado/i2s_playback/i2s_playback.srcs/sources_1/new/EfectoCHORUS.vhd:63]
WARNING: [Synth 8-6014] Unused sequential element l_data_reg_reg[79] was removed.  [C:/Vivado/i2s_playback/i2s_playback.srcs/sources_1/new/EfectoCHORUS.vhd:63]
WARNING: [Synth 8-6014] Unused sequential element l_data_reg_reg[80] was removed.  [C:/Vivado/i2s_playback/i2s_playback.srcs/sources_1/new/EfectoCHORUS.vhd:63]
WARNING: [Synth 8-6014] Unused sequential element l_data_reg_reg[81] was removed.  [C:/Vivado/i2s_playback/i2s_playback.srcs/sources_1/new/EfectoCHORUS.vhd:63]
WARNING: [Synth 8-6014] Unused sequential element l_data_reg_reg[82] was removed.  [C:/Vivado/i2s_playback/i2s_playback.srcs/sources_1/new/EfectoCHORUS.vhd:63]
WARNING: [Synth 8-6014] Unused sequential element l_data_reg_reg[83] was removed.  [C:/Vivado/i2s_playback/i2s_playback.srcs/sources_1/new/EfectoCHORUS.vhd:63]
WARNING: [Synth 8-6014] Unused sequential element l_data_reg_reg[84] was removed.  [C:/Vivado/i2s_playback/i2s_playback.srcs/sources_1/new/EfectoCHORUS.vhd:63]
WARNING: [Synth 8-6014] Unused sequential element l_data_reg_reg[85] was removed.  [C:/Vivado/i2s_playback/i2s_playback.srcs/sources_1/new/EfectoCHORUS.vhd:63]
WARNING: [Synth 8-6014] Unused sequential element l_data_reg_reg[86] was removed.  [C:/Vivado/i2s_playback/i2s_playback.srcs/sources_1/new/EfectoCHORUS.vhd:63]
WARNING: [Synth 8-6014] Unused sequential element l_data_reg_reg[87] was removed.  [C:/Vivado/i2s_playback/i2s_playback.srcs/sources_1/new/EfectoCHORUS.vhd:63]
WARNING: [Synth 8-6014] Unused sequential element l_data_reg_reg[88] was removed.  [C:/Vivado/i2s_playback/i2s_playback.srcs/sources_1/new/EfectoCHORUS.vhd:63]
WARNING: [Synth 8-6014] Unused sequential element l_data_reg_reg[89] was removed.  [C:/Vivado/i2s_playback/i2s_playback.srcs/sources_1/new/EfectoCHORUS.vhd:63]
WARNING: [Synth 8-6014] Unused sequential element l_data_reg_reg[90] was removed.  [C:/Vivado/i2s_playback/i2s_playback.srcs/sources_1/new/EfectoCHORUS.vhd:63]
WARNING: [Synth 8-6014] Unused sequential element l_data_reg_reg[91] was removed.  [C:/Vivado/i2s_playback/i2s_playback.srcs/sources_1/new/EfectoCHORUS.vhd:63]
WARNING: [Synth 8-6014] Unused sequential element l_data_reg_reg[92] was removed.  [C:/Vivado/i2s_playback/i2s_playback.srcs/sources_1/new/EfectoCHORUS.vhd:63]
WARNING: [Synth 8-6014] Unused sequential element l_data_reg_reg[93] was removed.  [C:/Vivado/i2s_playback/i2s_playback.srcs/sources_1/new/EfectoCHORUS.vhd:63]
WARNING: [Synth 8-6014] Unused sequential element l_data_reg_reg[94] was removed.  [C:/Vivado/i2s_playback/i2s_playback.srcs/sources_1/new/EfectoCHORUS.vhd:63]
WARNING: [Synth 8-6014] Unused sequential element l_data_reg_reg[95] was removed.  [C:/Vivado/i2s_playback/i2s_playback.srcs/sources_1/new/EfectoCHORUS.vhd:63]
WARNING: [Synth 8-6014] Unused sequential element l_data_reg_reg[96] was removed.  [C:/Vivado/i2s_playback/i2s_playback.srcs/sources_1/new/EfectoCHORUS.vhd:63]
WARNING: [Synth 8-6014] Unused sequential element l_data_reg_reg[97] was removed.  [C:/Vivado/i2s_playback/i2s_playback.srcs/sources_1/new/EfectoCHORUS.vhd:63]
WARNING: [Synth 8-6014] Unused sequential element l_data_reg_reg[98] was removed.  [C:/Vivado/i2s_playback/i2s_playback.srcs/sources_1/new/EfectoCHORUS.vhd:63]
WARNING: [Synth 8-6014] Unused sequential element l_data_reg_reg[99] was removed.  [C:/Vivado/i2s_playback/i2s_playback.srcs/sources_1/new/EfectoCHORUS.vhd:63]
INFO: [Common 17-14] Message 'Synth 8-6014' appears 100 times and further instances of the messages will be disabled. Use the Tcl command set_msg_config to change the current settings.
INFO: [Synth 8-256] done synthesizing module 'EfectoCHORUS' (4#1) [C:/Vivado/i2s_playback/i2s_playback.srcs/sources_1/new/EfectoCHORUS.vhd:51]
	Parameter n bound to: 1500 - type: integer 
	Parameter d_width bound to: 16 - type: integer 
INFO: [Synth 8-3491] module 'EfectoREVERB' declared at 'C:/Vivado/i2s_playback/i2s_playback.srcs/sources_1/new/EfectoREVERB.vhd:35' bound to instance 'Unit_EfectREVERB' of component 'EfectoREVERB' [C:/Vivado/i2s_playback/i2s_playback.srcs/sources_1/new/Digital_Efects.vhd:183]
INFO: [Synth 8-638] synthesizing module 'EfectoREVERB' [C:/Vivado/i2s_playback/i2s_playback.srcs/sources_1/new/EfectoREVERB.vhd:51]
	Parameter n bound to: 1500 - type: integer 
	Parameter d_width bound to: 16 - type: integer 
INFO: [Synth 8-256] done synthesizing module 'EfectoREVERB' (5#1) [C:/Vivado/i2s_playback/i2s_playback.srcs/sources_1/new/EfectoREVERB.vhd:51]
	Parameter n bound to: 5000 - type: integer 
	Parameter d_width bound to: 16 - type: integer 
INFO: [Synth 8-3491] module 'EfectoECO' declared at 'C:/Vivado/i2s_playback/i2s_playback.srcs/sources_1/new/EfectoREVERB_test.vhd:35' bound to instance 'Unit_EfectECO' of component 'EfectoECO' [C:/Vivado/i2s_playback/i2s_playback.srcs/sources_1/new/Digital_Efects.vhd:196]
INFO: [Synth 8-638] synthesizing module 'EfectoECO' [C:/Vivado/i2s_playback/i2s_playback.srcs/sources_1/new/EfectoREVERB_test.vhd:51]
	Parameter n bound to: 5000 - type: integer 
	Parameter d_width bound to: 16 - type: integer 
INFO: [Synth 8-256] done synthesizing module 'EfectoECO' (6#1) [C:/Vivado/i2s_playback/i2s_playback.srcs/sources_1/new/EfectoREVERB_test.vhd:51]
INFO: [Synth 8-256] done synthesizing module 'Digital_Efects' (7#1) [C:/Vivado/i2s_playback/i2s_playback.srcs/sources_1/new/Digital_Efects.vhd:53]
INFO: [Synth 8-3491] module 'display_interface' declared at 'C:/Vivado/i2s_playback/i2s_playback.srcs/sources_1/new/display_interface.vhd:8' bound to instance 'displays' of component 'display_interface' [C:/Vivado/i2s_playback/i2s_playback.srcs/sources_1/new/i2s_playback.vhd:189]
INFO: [Synth 8-638] synthesizing module 'display_interface' [C:/Vivado/i2s_playback/i2s_playback.srcs/sources_1/new/display_interface.vhd:18]
INFO: [Synth 8-3491] module 'display_counter' declared at 'C:/Vivado/i2s_playback/i2s_playback.srcs/sources_1/new/display_counter.vhd:8' bound to instance 'counter_assig' of component 'display_counter' [C:/Vivado/i2s_playback/i2s_playback.srcs/sources_1/new/display_interface.vhd:32]
INFO: [Synth 8-638] synthesizing module 'display_counter' [C:/Vivado/i2s_playback/i2s_playback.srcs/sources_1/new/display_counter.vhd:16]
INFO: [Synth 8-256] done synthesizing module 'display_counter' (8#1) [C:/Vivado/i2s_playback/i2s_playback.srcs/sources_1/new/display_counter.vhd:16]
INFO: [Synth 8-226] default block is never used [C:/Vivado/i2s_playback/i2s_playback.srcs/sources_1/new/display_interface.vhd:107]
INFO: [Synth 8-256] done synthesizing module 'display_interface' (9#1) [C:/Vivado/i2s_playback/i2s_playback.srcs/sources_1/new/display_interface.vhd:18]
	Parameter d_width bound to: 16 - type: integer 
INFO: [Synth 8-3491] module 'LEDs' declared at 'C:/Vivado/i2s_playback/i2s_playback.srcs/sources_1/new/LEDs.vhd:34' bound to instance 'unit_leds' of component 'LEDs' [C:/Vivado/i2s_playback/i2s_playback.srcs/sources_1/new/i2s_playback.vhd:197]
INFO: [Synth 8-638] synthesizing module 'LEDs' [C:/Vivado/i2s_playback/i2s_playback.srcs/sources_1/new/LEDs.vhd:47]
	Parameter d_width bound to: 16 - type: integer 
INFO: [Synth 8-256] done synthesizing module 'LEDs' (10#1) [C:/Vivado/i2s_playback/i2s_playback.srcs/sources_1/new/LEDs.vhd:47]
INFO: [Synth 8-256] done synthesizing module 'i2s_playback' (11#1) [C:/Vivado/i2s_playback/i2s_playback.srcs/sources_1/new/i2s_playback.vhd:49]
WARNING: [Synth 8-3331] design LEDs has unconnected port l_data_rx[15]
WARNING: [Synth 8-3331] design LEDs has unconnected port l_data_rx[14]
WARNING: [Synth 8-3331] design LEDs has unconnected port l_data_rx[13]
WARNING: [Synth 8-3331] design LEDs has unconnected port l_data_rx[12]
WARNING: [Synth 8-3331] design LEDs has unconnected port l_data_rx[11]
WARNING: [Synth 8-3331] design LEDs has unconnected port l_data_rx[10]
WARNING: [Synth 8-3331] design LEDs has unconnected port l_data_rx[9]
WARNING: [Synth 8-3331] design LEDs has unconnected port l_data_rx[8]
WARNING: [Synth 8-3331] design LEDs has unconnected port l_data_rx[7]
WARNING: [Synth 8-3331] design LEDs has unconnected port l_data_rx[6]
WARNING: [Synth 8-3331] design LEDs has unconnected port l_data_rx[5]
WARNING: [Synth 8-3331] design LEDs has unconnected port l_data_rx[4]
WARNING: [Synth 8-3331] design LEDs has unconnected port l_data_rx[3]
WARNING: [Synth 8-3331] design LEDs has unconnected port l_data_rx[2]
WARNING: [Synth 8-3331] design LEDs has unconnected port l_data_rx[1]
WARNING: [Synth 8-3331] design LEDs has unconnected port l_data_rx[0]
---------------------------------------------------------------------------------
Finished RTL Elaboration : Time (s): cpu = 00:02:04 ; elapsed = 00:02:09 . Memory (MB): peak = 1180.945 ; gain = 938.344
---------------------------------------------------------------------------------

Report Check Netlist: 
+------+------------------+-------+---------+-------+------------------+
|      |Item              |Errors |Warnings |Status |Description       |
+------+------------------+-------+---------+-------+------------------+
|1     |multi_driven_nets |      0|        0|Passed |Multi driven nets |
+------+------------------+-------+---------+-------+------------------+
---------------------------------------------------------------------------------
Finished RTL Optimization Phase 1 : Time (s): cpu = 00:02:12 ; elapsed = 00:02:19 . Memory (MB): peak = 1180.945 ; gain = 938.344
---------------------------------------------------------------------------------
INFO: [Device 21-403] Loading part xc7a100tcsg324-1
INFO: [Project 1-570] Preparing netlist for logic optimization

Processing XDC Constraints
Initializing timing engine
Parsing XDC File [C:/Vivado/i2s_playback/i2s_playback.runs/synth_1/.Xil/Vivado-12056-LAPTOP-ATT53B95/dcp3/clk_wiz_1_in_context.xdc] for cell 'i2s_clock'
Finished Parsing XDC File [C:/Vivado/i2s_playback/i2s_playback.runs/synth_1/.Xil/Vivado-12056-LAPTOP-ATT53B95/dcp3/clk_wiz_1_in_context.xdc] for cell 'i2s_clock'
Parsing XDC File [C:/Vivado/i2s_playback/i2s_playback.srcs/constrs_1/new/i2s_playback.xdc]
Finished Parsing XDC File [C:/Vivado/i2s_playback/i2s_playback.srcs/constrs_1/new/i2s_playback.xdc]
INFO: [Project 1-236] Implementation specific constraints were found while reading constraint file [C:/Vivado/i2s_playback/i2s_playback.srcs/constrs_1/new/i2s_playback.xdc]. These constraints will be ignored for synthesis but will be used in implementation. Impacted constraints are listed in the file [.Xil/i2s_playback_propImpl.xdc].
Resolution: To avoid this warning, move constraints listed in [.Xil/i2s_playback_propImpl.xdc] to another XDC file and exclude this new file from synthesis with the used_in_synthesis property (File Properties dialog in GUI) and re-run elaboration/synthesis.
Parsing XDC File [C:/Vivado/i2s_playback/i2s_playback.runs/synth_1/dont_touch.xdc]
Finished Parsing XDC File [C:/Vivado/i2s_playback/i2s_playback.runs/synth_1/dont_touch.xdc]
write_xdc: Time (s): cpu = 00:00:07 ; elapsed = 00:00:05 . Memory (MB): peak = 2484.180 ; gain = 163.383
Completed Processing XDC Constraints

INFO: [Project 1-111] Unisim Transformation Summary:
No Unisim elements were transformed.

Constraint Validation Runtime : Time (s): cpu = 00:00:00 ; elapsed = 00:00:00.374 . Memory (MB): peak = 2484.180 ; gain = 0.000
---------------------------------------------------------------------------------
Finished Constraint Validation : Time (s): cpu = 00:03:57 ; elapsed = 00:04:08 . Memory (MB): peak = 2484.180 ; gain = 2241.578
---------------------------------------------------------------------------------
---------------------------------------------------------------------------------
Start Loading Part and Timing Information
---------------------------------------------------------------------------------
Loading part: xc7a100tcsg324-1
---------------------------------------------------------------------------------
Finished Loading Part and Timing Information : Time (s): cpu = 00:03:57 ; elapsed = 00:04:08 . Memory (MB): peak = 2484.180 ; gain = 2241.578
---------------------------------------------------------------------------------
---------------------------------------------------------------------------------
Start Applying 'set_property' XDC Constraints
---------------------------------------------------------------------------------
Applied set_property IO_BUFFER_TYPE = NONE for clock. (constraint file  C:/Vivado/i2s_playback/i2s_playback.runs/synth_1/.Xil/Vivado-12056-LAPTOP-ATT53B95/dcp3/clk_wiz_1_in_context.xdc, line 3).
Applied set_property CLOCK_BUFFER_TYPE = NONE for clock. (constraint file  C:/Vivado/i2s_playback/i2s_playback.runs/synth_1/.Xil/Vivado-12056-LAPTOP-ATT53B95/dcp3/clk_wiz_1_in_context.xdc, line 4).
Applied set_property DONT_TOUCH = true for i2s_clock. (constraint file  auto generated constraint, line ).
---------------------------------------------------------------------------------
Finished applying 'set_property' XDC Constraints : Time (s): cpu = 00:03:57 ; elapsed = 00:04:08 . Memory (MB): peak = 2484.180 ; gain = 2241.578
---------------------------------------------------------------------------------
INFO: [Synth 8-802] inferred FSM for state register 'i2s_state_reg_reg' in module 'i2s'
INFO: [Synth 8-5544] ROM "en" won't be mapped to Block RAM because address size (3) smaller than threshold (5)
INFO: [Synth 8-5544] ROM "l_in_next" won't be mapped to Block RAM because address size (3) smaller than threshold (5)
INFO: [Synth 8-5544] ROM "r_in_next" won't be mapped to Block RAM because address size (3) smaller than threshold (5)
INFO: [Synth 8-5544] ROM "r_out_next" won't be mapped to Block RAM because address size (3) smaller than threshold (5)
INFO: [Synth 8-5544] ROM "i2s_state_next" won't be mapped to Block RAM because address size (2) smaller than threshold (5)
INFO: [Synth 8-5546] ROM "i2s_state_next" won't be mapped to RAM because it is too sparse
INFO: [Synth 8-5544] ROM "i2s_state_next" won't be mapped to Block RAM because address size (2) smaller than threshold (5)
INFO: [Synth 8-5546] ROM "i2s_state_next" won't be mapped to RAM because it is too sparse
INFO: [Synth 8-5544] ROM "i2s_state_next" won't be mapped to Block RAM because address size (2) smaller than threshold (5)
INFO: [Synth 8-5544] ROM "i2s_state_next" won't be mapped to Block RAM because address size (2) smaller than threshold (5)
INFO: [Synth 8-5546] ROM "i2s_state_next" won't be mapped to RAM because it is too sparse
INFO: [Synth 8-5546] ROM "i2s_state_next" won't be mapped to RAM because it is too sparse
INFO: [Synth 8-4471] merging register 'r_data_reg_aux_reg[0][15:0]' into 'l_data_reg_aux_reg[0][15:0]' [C:/Vivado/i2s_playback/i2s_playback.srcs/sources_1/new/EfectoCHORUS.vhd:66]
INFO: [Synth 8-4471] merging register 'r_data_reg_aux_reg[1][15:0]' into 'l_data_reg_aux_reg[1][15:0]' [C:/Vivado/i2s_playback/i2s_playback.srcs/sources_1/new/EfectoCHORUS.vhd:66]
INFO: [Synth 8-4471] merging register 'r_data_reg_aux_reg[2][15:0]' into 'l_data_reg_aux_reg[2][15:0]' [C:/Vivado/i2s_playback/i2s_playback.srcs/sources_1/new/EfectoCHORUS.vhd:66]
INFO: [Synth 8-4471] merging register 'r_data_reg_aux_reg[3][15:0]' into 'l_data_reg_aux_reg[3][15:0]' [C:/Vivado/i2s_playback/i2s_playback.srcs/sources_1/new/EfectoCHORUS.vhd:66]
INFO: [Synth 8-4471] merging register 'r_data_reg_aux_reg[4][15:0]' into 'l_data_reg_aux_reg[4][15:0]' [C:/Vivado/i2s_playback/i2s_playback.srcs/sources_1/new/EfectoCHORUS.vhd:66]
INFO: [Synth 8-4471] merging register 'r_data_reg_aux_reg[5][15:0]' into 'l_data_reg_aux_reg[5][15:0]' [C:/Vivado/i2s_playback/i2s_playback.srcs/sources_1/new/EfectoCHORUS.vhd:66]
INFO: [Synth 8-4471] merging register 'r_data_reg_aux_reg[6][15:0]' into 'l_data_reg_aux_reg[6][15:0]' [C:/Vivado/i2s_playback/i2s_playback.srcs/sources_1/new/EfectoCHORUS.vhd:66]
INFO: [Synth 8-4471] merging register 'r_data_reg_aux_reg[7][15:0]' into 'l_data_reg_aux_reg[7][15:0]' [C:/Vivado/i2s_playback/i2s_playback.srcs/sources_1/new/EfectoCHORUS.vhd:66]
INFO: [Synth 8-4471] merging register 'r_data_reg_aux_reg[8][15:0]' into 'l_data_reg_aux_reg[8][15:0]' [C:/Vivado/i2s_playback/i2s_playback.srcs/sources_1/new/EfectoCHORUS.vhd:66]
INFO: [Synth 8-4471] merging register 'r_data_reg_aux_reg[9][15:0]' into 'l_data_reg_aux_reg[9][15:0]' [C:/Vivado/i2s_playback/i2s_playback.srcs/sources_1/new/EfectoCHORUS.vhd:66]
INFO: [Synth 8-4471] merging register 'r_data_reg_aux_reg[10][15:0]' into 'l_data_reg_aux_reg[10][15:0]' [C:/Vivado/i2s_playback/i2s_playback.srcs/sources_1/new/EfectoCHORUS.vhd:66]
INFO: [Synth 8-4471] merging register 'r_data_reg_aux_reg[11][15:0]' into 'l_data_reg_aux_reg[11][15:0]' [C:/Vivado/i2s_playback/i2s_playback.srcs/sources_1/new/EfectoCHORUS.vhd:66]
INFO: [Synth 8-4471] merging register 'r_data_reg_aux_reg[12][15:0]' into 'l_data_reg_aux_reg[12][15:0]' [C:/Vivado/i2s_playback/i2s_playback.srcs/sources_1/new/EfectoCHORUS.vhd:66]
INFO: [Synth 8-4471] merging register 'r_data_reg_aux_reg[13][15:0]' into 'l_data_reg_aux_reg[13][15:0]' [C:/Vivado/i2s_playback/i2s_playback.srcs/sources_1/new/EfectoCHORUS.vhd:66]
INFO: [Synth 8-4471] merging register 'r_data_reg_aux_reg[14][15:0]' into 'l_data_reg_aux_reg[14][15:0]' [C:/Vivado/i2s_playback/i2s_playback.srcs/sources_1/new/EfectoCHORUS.vhd:66]
INFO: [Synth 8-4471] merging register 'r_data_reg_aux_reg[15][15:0]' into 'l_data_reg_aux_reg[15][15:0]' [C:/Vivado/i2s_playback/i2s_playback.srcs/sources_1/new/EfectoCHORUS.vhd:66]
INFO: [Synth 8-4471] merging register 'r_data_reg_aux_reg[16][15:0]' into 'l_data_reg_aux_reg[16][15:0]' [C:/Vivado/i2s_playback/i2s_playback.srcs/sources_1/new/EfectoCHORUS.vhd:66]
INFO: [Synth 8-4471] merging register 'r_data_reg_aux_reg[17][15:0]' into 'l_data_reg_aux_reg[17][15:0]' [C:/Vivado/i2s_playback/i2s_playback.srcs/sources_1/new/EfectoCHORUS.vhd:66]
INFO: [Synth 8-4471] merging register 'r_data_reg_aux_reg[18][15:0]' into 'l_data_reg_aux_reg[18][15:0]' [C:/Vivado/i2s_playback/i2s_playback.srcs/sources_1/new/EfectoCHORUS.vhd:66]
INFO: [Synth 8-4471] merging register 'r_data_reg_aux_reg[19][15:0]' into 'l_data_reg_aux_reg[19][15:0]' [C:/Vivado/i2s_playback/i2s_playback.srcs/sources_1/new/EfectoCHORUS.vhd:66]
INFO: [Synth 8-4471] merging register 'r_data_reg_aux_reg[20][15:0]' into 'l_data_reg_aux_reg[20][15:0]' [C:/Vivado/i2s_playback/i2s_playback.srcs/sources_1/new/EfectoCHORUS.vhd:66]
INFO: [Synth 8-4471] merging register 'r_data_reg_aux_reg[21][15:0]' into 'l_data_reg_aux_reg[21][15:0]' [C:/Vivado/i2s_playback/i2s_playback.srcs/sources_1/new/EfectoCHORUS.vhd:66]
INFO: [Synth 8-4471] merging register 'r_data_reg_aux_reg[22][15:0]' into 'l_data_reg_aux_reg[22][15:0]' [C:/Vivado/i2s_playback/i2s_playback.srcs/sources_1/new/EfectoCHORUS.vhd:66]
INFO: [Synth 8-4471] merging register 'r_data_reg_aux_reg[23][15:0]' into 'l_data_reg_aux_reg[23][15:0]' [C:/Vivado/i2s_playback/i2s_playback.srcs/sources_1/new/EfectoCHORUS.vhd:66]
INFO: [Synth 8-4471] merging register 'r_data_reg_aux_reg[24][15:0]' into 'l_data_reg_aux_reg[24][15:0]' [C:/Vivado/i2s_playback/i2s_playback.srcs/sources_1/new/EfectoCHORUS.vhd:66]
INFO: [Synth 8-4471] merging register 'r_data_reg_aux_reg[25][15:0]' into 'l_data_reg_aux_reg[25][15:0]' [C:/Vivado/i2s_playback/i2s_playback.srcs/sources_1/new/EfectoCHORUS.vhd:66]
INFO: [Synth 8-4471] merging register 'r_data_reg_aux_reg[26][15:0]' into 'l_data_reg_aux_reg[26][15:0]' [C:/Vivado/i2s_playback/i2s_playback.srcs/sources_1/new/EfectoCHORUS.vhd:66]
INFO: [Synth 8-4471] merging register 'r_data_reg_aux_reg[27][15:0]' into 'l_data_reg_aux_reg[27][15:0]' [C:/Vivado/i2s_playback/i2s_playback.srcs/sources_1/new/EfectoCHORUS.vhd:66]
INFO: [Synth 8-4471] merging register 'r_data_reg_aux_reg[28][15:0]' into 'l_data_reg_aux_reg[28][15:0]' [C:/Vivado/i2s_playback/i2s_playback.srcs/sources_1/new/EfectoCHORUS.vhd:66]
INFO: [Synth 8-4471] merging register 'r_data_reg_aux_reg[29][15:0]' into 'l_data_reg_aux_reg[29][15:0]' [C:/Vivado/i2s_playback/i2s_playback.srcs/sources_1/new/EfectoCHORUS.vhd:66]
INFO: [Synth 8-4471] merging register 'r_data_reg_aux_reg[30][15:0]' into 'l_data_reg_aux_reg[30][15:0]' [C:/Vivado/i2s_playback/i2s_playback.srcs/sources_1/new/EfectoCHORUS.vhd:66]
INFO: [Synth 8-4471] merging register 'r_data_reg_aux_reg[31][15:0]' into 'l_data_reg_aux_reg[31][15:0]' [C:/Vivado/i2s_playback/i2s_playback.srcs/sources_1/new/EfectoCHORUS.vhd:66]
INFO: [Synth 8-4471] merging register 'r_data_reg_aux_reg[32][15:0]' into 'l_data_reg_aux_reg[32][15:0]' [C:/Vivado/i2s_playback/i2s_playback.srcs/sources_1/new/EfectoCHORUS.vhd:66]
INFO: [Synth 8-4471] merging register 'r_data_reg_aux_reg[33][15:0]' into 'l_data_reg_aux_reg[33][15:0]' [C:/Vivado/i2s_playback/i2s_playback.srcs/sources_1/new/EfectoCHORUS.vhd:66]
INFO: [Synth 8-4471] merging register 'r_data_reg_aux_reg[34][15:0]' into 'l_data_reg_aux_reg[34][15:0]' [C:/Vivado/i2s_playback/i2s_playback.srcs/sources_1/new/EfectoCHORUS.vhd:66]
INFO: [Synth 8-4471] merging register 'r_data_reg_aux_reg[35][15:0]' into 'l_data_reg_aux_reg[35][15:0]' [C:/Vivado/i2s_playback/i2s_playback.srcs/sources_1/new/EfectoCHORUS.vhd:66]
INFO: [Synth 8-4471] merging register 'r_data_reg_aux_reg[36][15:0]' into 'l_data_reg_aux_reg[36][15:0]' [C:/Vivado/i2s_playback/i2s_playback.srcs/sources_1/new/EfectoCHORUS.vhd:66]
INFO: [Synth 8-4471] merging register 'r_data_reg_aux_reg[37][15:0]' into 'l_data_reg_aux_reg[37][15:0]' [C:/Vivado/i2s_playback/i2s_playback.srcs/sources_1/new/EfectoCHORUS.vhd:66]
INFO: [Synth 8-4471] merging register 'r_data_reg_aux_reg[38][15:0]' into 'l_data_reg_aux_reg[38][15:0]' [C:/Vivado/i2s_playback/i2s_playback.srcs/sources_1/new/EfectoCHORUS.vhd:66]
INFO: [Synth 8-4471] merging register 'r_data_reg_aux_reg[39][15:0]' into 'l_data_reg_aux_reg[39][15:0]' [C:/Vivado/i2s_playback/i2s_playback.srcs/sources_1/new/EfectoCHORUS.vhd:66]
INFO: [Synth 8-4471] merging register 'r_data_reg_aux_reg[40][15:0]' into 'l_data_reg_aux_reg[40][15:0]' [C:/Vivado/i2s_playback/i2s_playback.srcs/sources_1/new/EfectoCHORUS.vhd:66]
INFO: [Synth 8-4471] merging register 'r_data_reg_aux_reg[41][15:0]' into 'l_data_reg_aux_reg[41][15:0]' [C:/Vivado/i2s_playback/i2s_playback.srcs/sources_1/new/EfectoCHORUS.vhd:66]
INFO: [Synth 8-4471] merging register 'r_data_reg_aux_reg[42][15:0]' into 'l_data_reg_aux_reg[42][15:0]' [C:/Vivado/i2s_playback/i2s_playback.srcs/sources_1/new/EfectoCHORUS.vhd:66]
INFO: [Synth 8-4471] merging register 'r_data_reg_aux_reg[43][15:0]' into 'l_data_reg_aux_reg[43][15:0]' [C:/Vivado/i2s_playback/i2s_playback.srcs/sources_1/new/EfectoCHORUS.vhd:66]
INFO: [Synth 8-4471] merging register 'r_data_reg_aux_reg[44][15:0]' into 'l_data_reg_aux_reg[44][15:0]' [C:/Vivado/i2s_playback/i2s_playback.srcs/sources_1/new/EfectoCHORUS.vhd:66]
INFO: [Synth 8-4471] merging register 'r_data_reg_aux_reg[45][15:0]' into 'l_data_reg_aux_reg[45][15:0]' [C:/Vivado/i2s_playback/i2s_playback.srcs/sources_1/new/EfectoCHORUS.vhd:66]
INFO: [Synth 8-4471] merging register 'r_data_reg_aux_reg[46][15:0]' into 'l_data_reg_aux_reg[46][15:0]' [C:/Vivado/i2s_playback/i2s_playback.srcs/sources_1/new/EfectoCHORUS.vhd:66]
INFO: [Synth 8-4471] merging register 'r_data_reg_aux_reg[47][15:0]' into 'l_data_reg_aux_reg[47][15:0]' [C:/Vivado/i2s_playback/i2s_playback.srcs/sources_1/new/EfectoCHORUS.vhd:66]
INFO: [Synth 8-4471] merging register 'r_data_reg_aux_reg[48][15:0]' into 'l_data_reg_aux_reg[48][15:0]' [C:/Vivado/i2s_playback/i2s_playback.srcs/sources_1/new/EfectoCHORUS.vhd:66]
INFO: [Synth 8-4471] merging register 'r_data_reg_aux_reg[49][15:0]' into 'l_data_reg_aux_reg[49][15:0]' [C:/Vivado/i2s_playback/i2s_playback.srcs/sources_1/new/EfectoCHORUS.vhd:66]
INFO: [Synth 8-4471] merging register 'r_data_reg_aux_reg[50][15:0]' into 'l_data_reg_aux_reg[50][15:0]' [C:/Vivado/i2s_playback/i2s_playback.srcs/sources_1/new/EfectoCHORUS.vhd:66]
INFO: [Synth 8-4471] merging register 'r_data_reg_aux_reg[51][15:0]' into 'l_data_reg_aux_reg[51][15:0]' [C:/Vivado/i2s_playback/i2s_playback.srcs/sources_1/new/EfectoCHORUS.vhd:66]
INFO: [Synth 8-4471] merging register 'r_data_reg_aux_reg[52][15:0]' into 'l_data_reg_aux_reg[52][15:0]' [C:/Vivado/i2s_playback/i2s_playback.srcs/sources_1/new/EfectoCHORUS.vhd:66]
INFO: [Synth 8-4471] merging register 'r_data_reg_aux_reg[53][15:0]' into 'l_data_reg_aux_reg[53][15:0]' [C:/Vivado/i2s_playback/i2s_playback.srcs/sources_1/new/EfectoCHORUS.vhd:66]
INFO: [Synth 8-4471] merging register 'r_data_reg_aux_reg[54][15:0]' into 'l_data_reg_aux_reg[54][15:0]' [C:/Vivado/i2s_playback/i2s_playback.srcs/sources_1/new/EfectoCHORUS.vhd:66]
INFO: [Synth 8-4471] merging register 'r_data_reg_aux_reg[55][15:0]' into 'l_data_reg_aux_reg[55][15:0]' [C:/Vivado/i2s_playback/i2s_playback.srcs/sources_1/new/EfectoCHORUS.vhd:66]
INFO: [Synth 8-4471] merging register 'r_data_reg_aux_reg[56][15:0]' into 'l_data_reg_aux_reg[56][15:0]' [C:/Vivado/i2s_playback/i2s_playback.srcs/sources_1/new/EfectoCHORUS.vhd:66]
INFO: [Synth 8-4471] merging register 'r_data_reg_aux_reg[57][15:0]' into 'l_data_reg_aux_reg[57][15:0]' [C:/Vivado/i2s_playback/i2s_playback.srcs/sources_1/new/EfectoCHORUS.vhd:66]
INFO: [Synth 8-4471] merging register 'r_data_reg_aux_reg[58][15:0]' into 'l_data_reg_aux_reg[58][15:0]' [C:/Vivado/i2s_playback/i2s_playback.srcs/sources_1/new/EfectoCHORUS.vhd:66]
INFO: [Synth 8-4471] merging register 'r_data_reg_aux_reg[59][15:0]' into 'l_data_reg_aux_reg[59][15:0]' [C:/Vivado/i2s_playback/i2s_playback.srcs/sources_1/new/EfectoCHORUS.vhd:66]
INFO: [Synth 8-4471] merging register 'r_data_reg_aux_reg[60][15:0]' into 'l_data_reg_aux_reg[60][15:0]' [C:/Vivado/i2s_playback/i2s_playback.srcs/sources_1/new/EfectoCHORUS.vhd:66]
INFO: [Synth 8-4471] merging register 'r_data_reg_aux_reg[61][15:0]' into 'l_data_reg_aux_reg[61][15:0]' [C:/Vivado/i2s_playback/i2s_playback.srcs/sources_1/new/EfectoCHORUS.vhd:66]
INFO: [Synth 8-4471] merging register 'r_data_reg_aux_reg[62][15:0]' into 'l_data_reg_aux_reg[62][15:0]' [C:/Vivado/i2s_playback/i2s_playback.srcs/sources_1/new/EfectoCHORUS.vhd:66]
INFO: [Synth 8-4471] merging register 'r_data_reg_aux_reg[63][15:0]' into 'l_data_reg_aux_reg[63][15:0]' [C:/Vivado/i2s_playback/i2s_playback.srcs/sources_1/new/EfectoCHORUS.vhd:66]
INFO: [Synth 8-4471] merging register 'r_data_reg_aux_reg[64][15:0]' into 'l_data_reg_aux_reg[64][15:0]' [C:/Vivado/i2s_playback/i2s_playback.srcs/sources_1/new/EfectoCHORUS.vhd:66]
INFO: [Synth 8-4471] merging register 'r_data_reg_aux_reg[65][15:0]' into 'l_data_reg_aux_reg[65][15:0]' [C:/Vivado/i2s_playback/i2s_playback.srcs/sources_1/new/EfectoCHORUS.vhd:66]
INFO: [Synth 8-4471] merging register 'r_data_reg_aux_reg[66][15:0]' into 'l_data_reg_aux_reg[66][15:0]' [C:/Vivado/i2s_playback/i2s_playback.srcs/sources_1/new/EfectoCHORUS.vhd:66]
INFO: [Synth 8-4471] merging register 'r_data_reg_aux_reg[67][15:0]' into 'l_data_reg_aux_reg[67][15:0]' [C:/Vivado/i2s_playback/i2s_playback.srcs/sources_1/new/EfectoCHORUS.vhd:66]
INFO: [Synth 8-4471] merging register 'r_data_reg_aux_reg[68][15:0]' into 'l_data_reg_aux_reg[68][15:0]' [C:/Vivado/i2s_playback/i2s_playback.srcs/sources_1/new/EfectoCHORUS.vhd:66]
INFO: [Synth 8-4471] merging register 'r_data_reg_aux_reg[69][15:0]' into 'l_data_reg_aux_reg[69][15:0]' [C:/Vivado/i2s_playback/i2s_playback.srcs/sources_1/new/EfectoCHORUS.vhd:66]
INFO: [Synth 8-4471] merging register 'r_data_reg_aux_reg[70][15:0]' into 'l_data_reg_aux_reg[70][15:0]' [C:/Vivado/i2s_playback/i2s_playback.srcs/sources_1/new/EfectoCHORUS.vhd:66]
INFO: [Synth 8-4471] merging register 'r_data_reg_aux_reg[71][15:0]' into 'l_data_reg_aux_reg[71][15:0]' [C:/Vivado/i2s_playback/i2s_playback.srcs/sources_1/new/EfectoCHORUS.vhd:66]
INFO: [Synth 8-4471] merging register 'r_data_reg_aux_reg[72][15:0]' into 'l_data_reg_aux_reg[72][15:0]' [C:/Vivado/i2s_playback/i2s_playback.srcs/sources_1/new/EfectoCHORUS.vhd:66]
INFO: [Synth 8-4471] merging register 'r_data_reg_aux_reg[73][15:0]' into 'l_data_reg_aux_reg[73][15:0]' [C:/Vivado/i2s_playback/i2s_playback.srcs/sources_1/new/EfectoCHORUS.vhd:66]
INFO: [Synth 8-4471] merging register 'r_data_reg_aux_reg[74][15:0]' into 'l_data_reg_aux_reg[74][15:0]' [C:/Vivado/i2s_playback/i2s_playback.srcs/sources_1/new/EfectoCHORUS.vhd:66]
INFO: [Synth 8-4471] merging register 'r_data_reg_aux_reg[75][15:0]' into 'l_data_reg_aux_reg[75][15:0]' [C:/Vivado/i2s_playback/i2s_playback.srcs/sources_1/new/EfectoCHORUS.vhd:66]
INFO: [Synth 8-4471] merging register 'r_data_reg_aux_reg[76][15:0]' into 'l_data_reg_aux_reg[76][15:0]' [C:/Vivado/i2s_playback/i2s_playback.srcs/sources_1/new/EfectoCHORUS.vhd:66]
INFO: [Synth 8-4471] merging register 'r_data_reg_aux_reg[77][15:0]' into 'l_data_reg_aux_reg[77][15:0]' [C:/Vivado/i2s_playback/i2s_playback.srcs/sources_1/new/EfectoCHORUS.vhd:66]
INFO: [Synth 8-4471] merging register 'r_data_reg_aux_reg[78][15:0]' into 'l_data_reg_aux_reg[78][15:0]' [C:/Vivado/i2s_playback/i2s_playback.srcs/sources_1/new/EfectoCHORUS.vhd:66]
INFO: [Synth 8-4471] merging register 'r_data_reg_aux_reg[79][15:0]' into 'l_data_reg_aux_reg[79][15:0]' [C:/Vivado/i2s_playback/i2s_playback.srcs/sources_1/new/EfectoCHORUS.vhd:66]
INFO: [Synth 8-4471] merging register 'r_data_reg_aux_reg[80][15:0]' into 'l_data_reg_aux_reg[80][15:0]' [C:/Vivado/i2s_playback/i2s_playback.srcs/sources_1/new/EfectoCHORUS.vhd:66]
INFO: [Synth 8-4471] merging register 'r_data_reg_aux_reg[81][15:0]' into 'l_data_reg_aux_reg[81][15:0]' [C:/Vivado/i2s_playback/i2s_playback.srcs/sources_1/new/EfectoCHORUS.vhd:66]
INFO: [Synth 8-4471] merging register 'r_data_reg_aux_reg[82][15:0]' into 'l_data_reg_aux_reg[82][15:0]' [C:/Vivado/i2s_playback/i2s_playback.srcs/sources_1/new/EfectoCHORUS.vhd:66]
INFO: [Synth 8-4471] merging register 'r_data_reg_aux_reg[83][15:0]' into 'l_data_reg_aux_reg[83][15:0]' [C:/Vivado/i2s_playback/i2s_playback.srcs/sources_1/new/EfectoCHORUS.vhd:66]
INFO: [Synth 8-4471] merging register 'r_data_reg_aux_reg[84][15:0]' into 'l_data_reg_aux_reg[84][15:0]' [C:/Vivado/i2s_playback/i2s_playback.srcs/sources_1/new/EfectoCHORUS.vhd:66]
INFO: [Synth 8-4471] merging register 'r_data_reg_aux_reg[85][15:0]' into 'l_data_reg_aux_reg[85][15:0]' [C:/Vivado/i2s_playback/i2s_playback.srcs/sources_1/new/EfectoCHORUS.vhd:66]
INFO: [Synth 8-4471] merging register 'r_data_reg_aux_reg[86][15:0]' into 'l_data_reg_aux_reg[86][15:0]' [C:/Vivado/i2s_playback/i2s_playback.srcs/sources_1/new/EfectoCHORUS.vhd:66]
INFO: [Synth 8-4471] merging register 'r_data_reg_aux_reg[87][15:0]' into 'l_data_reg_aux_reg[87][15:0]' [C:/Vivado/i2s_playback/i2s_playback.srcs/sources_1/new/EfectoCHORUS.vhd:66]
INFO: [Synth 8-4471] merging register 'r_data_reg_aux_reg[88][15:0]' into 'l_data_reg_aux_reg[88][15:0]' [C:/Vivado/i2s_playback/i2s_playback.srcs/sources_1/new/EfectoCHORUS.vhd:66]
INFO: [Synth 8-4471] merging register 'r_data_reg_aux_reg[89][15:0]' into 'l_data_reg_aux_reg[89][15:0]' [C:/Vivado/i2s_playback/i2s_playback.srcs/sources_1/new/EfectoCHORUS.vhd:66]
INFO: [Synth 8-4471] merging register 'r_data_reg_aux_reg[90][15:0]' into 'l_data_reg_aux_reg[90][15:0]' [C:/Vivado/i2s_playback/i2s_playback.srcs/sources_1/new/EfectoCHORUS.vhd:66]
INFO: [Synth 8-4471] merging register 'r_data_reg_aux_reg[91][15:0]' into 'l_data_reg_aux_reg[91][15:0]' [C:/Vivado/i2s_playback/i2s_playback.srcs/sources_1/new/EfectoCHORUS.vhd:66]
INFO: [Synth 8-4471] merging register 'r_data_reg_aux_reg[92][15:0]' into 'l_data_reg_aux_reg[92][15:0]' [C:/Vivado/i2s_playback/i2s_playback.srcs/sources_1/new/EfectoCHORUS.vhd:66]
INFO: [Synth 8-4471] merging register 'r_data_reg_aux_reg[93][15:0]' into 'l_data_reg_aux_reg[93][15:0]' [C:/Vivado/i2s_playback/i2s_playback.srcs/sources_1/new/EfectoCHORUS.vhd:66]
INFO: [Synth 8-4471] merging register 'r_data_reg_aux_reg[94][15:0]' into 'l_data_reg_aux_reg[94][15:0]' [C:/Vivado/i2s_playback/i2s_playback.srcs/sources_1/new/EfectoCHORUS.vhd:66]
INFO: [Synth 8-4471] merging register 'r_data_reg_aux_reg[95][15:0]' into 'l_data_reg_aux_reg[95][15:0]' [C:/Vivado/i2s_playback/i2s_playback.srcs/sources_1/new/EfectoCHORUS.vhd:66]
INFO: [Synth 8-4471] merging register 'r_data_reg_aux_reg[96][15:0]' into 'l_data_reg_aux_reg[96][15:0]' [C:/Vivado/i2s_playback/i2s_playback.srcs/sources_1/new/EfectoCHORUS.vhd:66]
INFO: [Synth 8-4471] merging register 'r_data_reg_aux_reg[97][15:0]' into 'l_data_reg_aux_reg[97][15:0]' [C:/Vivado/i2s_playback/i2s_playback.srcs/sources_1/new/EfectoCHORUS.vhd:66]
INFO: [Synth 8-4471] merging register 'r_data_reg_aux_reg[98][15:0]' into 'l_data_reg_aux_reg[98][15:0]' [C:/Vivado/i2s_playback/i2s_playback.srcs/sources_1/new/EfectoCHORUS.vhd:66]
INFO: [Synth 8-4471] merging register 'r_data_reg_aux_reg[99][15:0]' into 'l_data_reg_aux_reg[99][15:0]' [C:/Vivado/i2s_playback/i2s_playback.srcs/sources_1/new/EfectoCHORUS.vhd:66]
INFO: [Common 17-14] Message 'Synth 8-4471' appears 100 times and further instances of the messages will be disabled. Use the Tcl command set_msg_config to change the current settings.
---------------------------------------------------------------------------------------------------
                   State |                     New Encoding |                Previous Encoding 
---------------------------------------------------------------------------------------------------
                    idle |                              000 |                              000
                      l0 |                              001 |                              001
                      l1 |                              010 |                              010
                      r0 |                              011 |                              011
                      r1 |                              100 |                              100
---------------------------------------------------------------------------------------------------
INFO: [Synth 8-3354] encoded FSM with state register 'i2s_state_reg_reg' using encoding 'sequential' in module 'i2s'
---------------------------------------------------------------------------------
Finished RTL Optimization Phase 2 : Time (s): cpu = 00:14:14 ; elapsed = 00:14:26 . Memory (MB): peak = 2484.180 ; gain = 2241.578
---------------------------------------------------------------------------------

Report RTL Partitions: 
+------+--------------------+------------+----------+
|      |RTL Partition       |Replication |Instances |
+------+--------------------+------------+----------+
|1     |EfectoDELAY__GB0    |           1|     32064|
|2     |EfectoDELAY__GB1    |           1|     32002|
|3     |EfectoDELAY__GB2    |           1|     32033|
|4     |EfectoDELAY__GB3    |           1|     32032|
|5     |EfectoREVERB__GB0   |           1|     24516|
|6     |EfectoREVERB__GB1   |           1|     24016|
|7     |EfectoREVERB__GB2   |           1|     24533|
|8     |EfectoECO__GB0      |           1|     20576|
|9     |EfectoECO__GB1      |           1|     20356|
|10    |EfectoECO__GB2      |           1|     19984|
|11    |EfectoECO__GB3      |           1|     19984|
|12    |EfectoECO__GB4      |           1|     24630|
|13    |EfectoECO__GB5      |           1|     15536|
|14    |EfectoECO__GB6      |           1|     20193|
|15    |EfectoECO__GB7      |           1|     20176|
|16    |EfectoECO__GB8      |           1|     19920|
|17    |EfectoECO__GB9      |           1|     19904|
|18    |EfectoECO__GB10     |           1|     19904|
|19    |EfectoECO__GB11     |           1|     19904|
|20    |Digital_Efects__GC0 |           1|     33435|
|21    |i2s_playback__GC0   |           1|      2137|
+------+--------------------+------------+----------+
---------------------------------------------------------------------------------
Start RTL Component Statistics 
---------------------------------------------------------------------------------
Detailed RTL Component Info : 
+---Adders : 
	   2 Input     31 Bit       Adders := 4     
	   2 Input     18 Bit       Adders := 1     
	   2 Input     16 Bit       Adders := 8     
	   4 Input     16 Bit       Adders := 4     
	   2 Input     10 Bit       Adders := 1     
	   2 Input      5 Bit       Adders := 1     
	   2 Input      3 Bit       Adders := 1     
	   2 Input      2 Bit       Adders := 1     
+---XORs : 
	   2 Input      1 Bit         XORs := 1     
+---Registers : 
	               32 Bit    Registers := 4     
	               18 Bit    Registers := 1     
	               16 Bit    Registers := 28511 
	                5 Bit    Registers := 1     
	                3 Bit    Registers := 1     
	                2 Bit    Registers := 3     
	                1 Bit    Registers := 5     
+---Muxes : 
	   2 Input     32 Bit        Muxes := 1     
	   5 Input     32 Bit        Muxes := 4     
	   4 Input     32 Bit        Muxes := 2     
	   2 Input     31 Bit        Muxes := 4     
	   2 Input     18 Bit        Muxes := 1     
	   2 Input     16 Bit        Muxes := 20    
	   6 Input     16 Bit        Muxes := 2     
	   5 Input     16 Bit        Muxes := 2     
	   8 Input      8 Bit        Muxes := 1     
	   4 Input      7 Bit        Muxes := 4     
	   2 Input      7 Bit        Muxes := 1     
	   5 Input      5 Bit        Muxes := 1     
	   3 Input      4 Bit        Muxes := 1     
	   2 Input      3 Bit        Muxes := 2     
	   5 Input      3 Bit        Muxes := 1     
	  13 Input      3 Bit        Muxes := 1     
	   2 Input      2 Bit        Muxes := 2     
	   3 Input      2 Bit        Muxes := 1     
	   5 Input      2 Bit        Muxes := 1     
	   4 Input      2 Bit        Muxes := 2     
	   2 Input      1 Bit        Muxes := 4     
	   5 Input      1 Bit        Muxes := 4     
	   4 Input      1 Bit        Muxes := 3     
---------------------------------------------------------------------------------
Finished RTL Component Statistics 
---------------------------------------------------------------------------------
---------------------------------------------------------------------------------
Start RTL Hierarchical Component Statistics 
---------------------------------------------------------------------------------
Hierarchical RTL Component report 
Module i2s_playback 
Detailed RTL Component Info : 
+---Registers : 
	                2 Bit    Registers := 1     
+---Muxes : 
	   4 Input      2 Bit        Muxes := 2     
	   4 Input      1 Bit        Muxes := 1     
Module EfectoDELAY 
Detailed RTL Component Info : 
+---Adders : 
	   2 Input     16 Bit       Adders := 2     
+---Registers : 
	               16 Bit    Registers := 8002  
	                1 Bit    Registers := 1     
Module EfectoREVERB 
Detailed RTL Component Info : 
+---Adders : 
	   2 Input     31 Bit       Adders := 2     
	   4 Input     16 Bit       Adders := 2     
	   2 Input     16 Bit       Adders := 2     
+---Registers : 
	               16 Bit    Registers := 4502  
	                1 Bit    Registers := 1     
+---Muxes : 
	   2 Input     31 Bit        Muxes := 2     
	   2 Input     16 Bit        Muxes := 2     
Module EfectoECO 
Detailed RTL Component Info : 
+---Adders : 
	   2 Input     31 Bit       Adders := 2     
	   4 Input     16 Bit       Adders := 2     
	   2 Input     16 Bit       Adders := 2     
+---Registers : 
	               16 Bit    Registers := 15002 
	                1 Bit    Registers := 1     
+---Muxes : 
	   2 Input     31 Bit        Muxes := 2     
	   2 Input     16 Bit        Muxes := 2     
Module EfectoES 
Detailed RTL Component Info : 
+---Registers : 
	               16 Bit    Registers := 2     
	                1 Bit    Registers := 1     
Module EfectoCHORUS 
Detailed RTL Component Info : 
+---Adders : 
	   2 Input     16 Bit       Adders := 2     
	   2 Input     10 Bit       Adders := 1     
+---XORs : 
	   2 Input      1 Bit         XORs := 1     
+---Registers : 
	               16 Bit    Registers := 1002  
	                2 Bit    Registers := 1     
	                1 Bit    Registers := 1     
Module Digital_Efects 
Detailed RTL Component Info : 
+---Muxes : 
	   6 Input     16 Bit        Muxes := 2     
	   5 Input     16 Bit        Muxes := 2     
	   2 Input     16 Bit        Muxes := 12    
Module i2s 
Detailed RTL Component Info : 
+---Adders : 
	   2 Input      5 Bit       Adders := 1     
	   2 Input      2 Bit       Adders := 1     
+---Registers : 
	               32 Bit    Registers := 4     
	                5 Bit    Registers := 1     
	                2 Bit    Registers := 1     
+---Muxes : 
	   2 Input     32 Bit        Muxes := 1     
	   5 Input     32 Bit        Muxes := 4     
	   4 Input     32 Bit        Muxes := 2     
	   2 Input     16 Bit        Muxes := 2     
	   5 Input      5 Bit        Muxes := 1     
	   2 Input      3 Bit        Muxes := 2     
	   5 Input      3 Bit        Muxes := 1     
	  13 Input      3 Bit        Muxes := 1     
	   2 Input      2 Bit        Muxes := 2     
	   3 Input      2 Bit        Muxes := 1     
	   5 Input      2 Bit        Muxes := 1     
	   2 Input      1 Bit        Muxes := 4     
	   5 Input      1 Bit        Muxes := 4     
	   4 Input      1 Bit        Muxes := 2     
Module display_counter 
Detailed RTL Component Info : 
+---Adders : 
	   2 Input     18 Bit       Adders := 1     
+---Registers : 
	               18 Bit    Registers := 1     
+---Muxes : 
	   2 Input     18 Bit        Muxes := 1     
Module display_interface 
Detailed RTL Component Info : 
+---Adders : 
	   2 Input      3 Bit       Adders := 1     
+---Registers : 
	                3 Bit    Registers := 1     
+---Muxes : 
	   8 Input      8 Bit        Muxes := 1     
	   4 Input      7 Bit        Muxes := 4     
	   2 Input      7 Bit        Muxes := 1     
	   3 Input      4 Bit        Muxes := 1     
Module LEDs 
Detailed RTL Component Info : 
+---Registers : 
	               16 Bit    Registers := 1     
+---Muxes : 
	   2 Input     16 Bit        Muxes := 2     
---------------------------------------------------------------------------------
Finished RTL Hierarchical Component Statistics
---------------------------------------------------------------------------------
---------------------------------------------------------------------------------
Start Part Resource Summary
---------------------------------------------------------------------------------
Part Resources:
DSPs: 240 (col length:80)
BRAMs: 270 (col length: RAMB18 80 RAMB36 40)
---------------------------------------------------------------------------------
Finished Part Resource Summary
---------------------------------------------------------------------------------
INFO: [Synth 8-5580] Multithreading enabled for synth_design using a maximum of 2 processes.
---------------------------------------------------------------------------------
Start Cross Boundary and Area Optimization
---------------------------------------------------------------------------------
INFO: [Synth 8-5544] ROM "unit_i2s/r_out_next" won't be mapped to Block RAM because address size (3) smaller than threshold (5)
INFO: [Synth 8-3333] propagating constant 0 across sequential element (i_20/\unit_i2s/r_out_reg_reg[0] )
WARNING: [Synth 8-3332] Sequential element (l_data_reg_aux_reg[0][1]) is unused and will be removed from module EfectoCHORUS.
WARNING: [Synth 8-3332] Sequential element (l_data_reg_aux_reg[0][0]) is unused and will be removed from module EfectoCHORUS.
WARNING: [Synth 8-3332] Sequential element (l_data_reg_aux_reg[1][1]) is unused and will be removed from module EfectoCHORUS.
WARNING: [Synth 8-3332] Sequential element (l_data_reg_aux_reg[1][0]) is unused and will be removed from module EfectoCHORUS.
WARNING: [Synth 8-3332] Sequential element (l_data_reg_aux_reg[2][1]) is unused and will be removed from module EfectoCHORUS.
WARNING: [Synth 8-3332] Sequential element (l_data_reg_aux_reg[2][0]) is unused and will be removed from module EfectoCHORUS.
WARNING: [Synth 8-3332] Sequential element (l_data_reg_aux_reg[3][1]) is unused and will be removed from module EfectoCHORUS.
WARNING: [Synth 8-3332] Sequential element (l_data_reg_aux_reg[3][0]) is unused and will be removed from module EfectoCHORUS.
WARNING: [Synth 8-3332] Sequential element (l_data_reg_aux_reg[4][1]) is unused and will be removed from module EfectoCHORUS.
WARNING: [Synth 8-3332] Sequential element (l_data_reg_aux_reg[4][0]) is unused and will be removed from module EfectoCHORUS.
WARNING: [Synth 8-3332] Sequential element (l_data_reg_aux_reg[5][1]) is unused and will be removed from module EfectoCHORUS.
WARNING: [Synth 8-3332] Sequential element (l_data_reg_aux_reg[5][0]) is unused and will be removed from module EfectoCHORUS.
WARNING: [Synth 8-3332] Sequential element (l_data_reg_aux_reg[6][1]) is unused and will be removed from module EfectoCHORUS.
WARNING: [Synth 8-3332] Sequential element (l_data_reg_aux_reg[6][0]) is unused and will be removed from module EfectoCHORUS.
WARNING: [Synth 8-3332] Sequential element (l_data_reg_aux_reg[7][1]) is unused and will be removed from module EfectoCHORUS.
WARNING: [Synth 8-3332] Sequential element (l_data_reg_aux_reg[7][0]) is unused and will be removed from module EfectoCHORUS.
WARNING: [Synth 8-3332] Sequential element (l_data_reg_aux_reg[8][1]) is unused and will be removed from module EfectoCHORUS.
WARNING: [Synth 8-3332] Sequential element (l_data_reg_aux_reg[8][0]) is unused and will be removed from module EfectoCHORUS.
WARNING: [Synth 8-3332] Sequential element (l_data_reg_aux_reg[9][1]) is unused and will be removed from module EfectoCHORUS.
WARNING: [Synth 8-3332] Sequential element (l_data_reg_aux_reg[9][0]) is unused and will be removed from module EfectoCHORUS.
WARNING: [Synth 8-3332] Sequential element (l_data_reg_aux_reg[10][1]) is unused and will be removed from module EfectoCHORUS.
WARNING: [Synth 8-3332] Sequential element (l_data_reg_aux_reg[10][0]) is unused and will be removed from module EfectoCHORUS.
WARNING: [Synth 8-3332] Sequential element (l_data_reg_aux_reg[11][1]) is unused and will be removed from module EfectoCHORUS.
WARNING: [Synth 8-3332] Sequential element (l_data_reg_aux_reg[11][0]) is unused and will be removed from module EfectoCHORUS.
WARNING: [Synth 8-3332] Sequential element (l_data_reg_aux_reg[12][1]) is unused and will be removed from module EfectoCHORUS.
WARNING: [Synth 8-3332] Sequential element (l_data_reg_aux_reg[12][0]) is unused and will be removed from module EfectoCHORUS.
WARNING: [Synth 8-3332] Sequential element (l_data_reg_aux_reg[13][1]) is unused and will be removed from module EfectoCHORUS.
WARNING: [Synth 8-3332] Sequential element (l_data_reg_aux_reg[13][0]) is unused and will be removed from module EfectoCHORUS.
WARNING: [Synth 8-3332] Sequential element (l_data_reg_aux_reg[14][1]) is unused and will be removed from module EfectoCHORUS.
WARNING: [Synth 8-3332] Sequential element (l_data_reg_aux_reg[14][0]) is unused and will be removed from module EfectoCHORUS.
WARNING: [Synth 8-3332] Sequential element (l_data_reg_aux_reg[15][1]) is unused and will be removed from module EfectoCHORUS.
WARNING: [Synth 8-3332] Sequential element (l_data_reg_aux_reg[15][0]) is unused and will be removed from module EfectoCHORUS.
WARNING: [Synth 8-3332] Sequential element (l_data_reg_aux_reg[16][1]) is unused and will be removed from module EfectoCHORUS.
WARNING: [Synth 8-3332] Sequential element (l_data_reg_aux_reg[16][0]) is unused and will be removed from module EfectoCHORUS.
WARNING: [Synth 8-3332] Sequential element (l_data_reg_aux_reg[17][1]) is unused and will be removed from module EfectoCHORUS.
WARNING: [Synth 8-3332] Sequential element (l_data_reg_aux_reg[17][0]) is unused and will be removed from module EfectoCHORUS.
WARNING: [Synth 8-3332] Sequential element (l_data_reg_aux_reg[18][1]) is unused and will be removed from module EfectoCHORUS.
WARNING: [Synth 8-3332] Sequential element (l_data_reg_aux_reg[18][0]) is unused and will be removed from module EfectoCHORUS.
WARNING: [Synth 8-3332] Sequential element (l_data_reg_aux_reg[19][1]) is unused and will be removed from module EfectoCHORUS.
WARNING: [Synth 8-3332] Sequential element (l_data_reg_aux_reg[19][0]) is unused and will be removed from module EfectoCHORUS.
WARNING: [Synth 8-3332] Sequential element (l_data_reg_aux_reg[20][1]) is unused and will be removed from module EfectoCHORUS.
WARNING: [Synth 8-3332] Sequential element (l_data_reg_aux_reg[20][0]) is unused and will be removed from module EfectoCHORUS.
WARNING: [Synth 8-3332] Sequential element (l_data_reg_aux_reg[21][1]) is unused and will be removed from module EfectoCHORUS.
WARNING: [Synth 8-3332] Sequential element (l_data_reg_aux_reg[21][0]) is unused and will be removed from module EfectoCHORUS.
WARNING: [Synth 8-3332] Sequential element (l_data_reg_aux_reg[22][1]) is unused and will be removed from module EfectoCHORUS.
WARNING: [Synth 8-3332] Sequential element (l_data_reg_aux_reg[22][0]) is unused and will be removed from module EfectoCHORUS.
WARNING: [Synth 8-3332] Sequential element (l_data_reg_aux_reg[23][1]) is unused and will be removed from module EfectoCHORUS.
WARNING: [Synth 8-3332] Sequential element (l_data_reg_aux_reg[23][0]) is unused and will be removed from module EfectoCHORUS.
WARNING: [Synth 8-3332] Sequential element (l_data_reg_aux_reg[24][1]) is unused and will be removed from module EfectoCHORUS.
WARNING: [Synth 8-3332] Sequential element (l_data_reg_aux_reg[24][0]) is unused and will be removed from module EfectoCHORUS.
WARNING: [Synth 8-3332] Sequential element (l_data_reg_aux_reg[25][1]) is unused and will be removed from module EfectoCHORUS.
WARNING: [Synth 8-3332] Sequential element (l_data_reg_aux_reg[25][0]) is unused and will be removed from module EfectoCHORUS.
WARNING: [Synth 8-3332] Sequential element (l_data_reg_aux_reg[26][1]) is unused and will be removed from module EfectoCHORUS.
WARNING: [Synth 8-3332] Sequential element (l_data_reg_aux_reg[26][0]) is unused and will be removed from module EfectoCHORUS.
WARNING: [Synth 8-3332] Sequential element (l_data_reg_aux_reg[27][1]) is unused and will be removed from module EfectoCHORUS.
WARNING: [Synth 8-3332] Sequential element (l_data_reg_aux_reg[27][0]) is unused and will be removed from module EfectoCHORUS.
WARNING: [Synth 8-3332] Sequential element (l_data_reg_aux_reg[28][1]) is unused and will be removed from module EfectoCHORUS.
WARNING: [Synth 8-3332] Sequential element (l_data_reg_aux_reg[28][0]) is unused and will be removed from module EfectoCHORUS.
WARNING: [Synth 8-3332] Sequential element (l_data_reg_aux_reg[29][1]) is unused and will be removed from module EfectoCHORUS.
WARNING: [Synth 8-3332] Sequential element (l_data_reg_aux_reg[29][0]) is unused and will be removed from module EfectoCHORUS.
WARNING: [Synth 8-3332] Sequential element (l_data_reg_aux_reg[30][1]) is unused and will be removed from module EfectoCHORUS.
WARNING: [Synth 8-3332] Sequential element (l_data_reg_aux_reg[30][0]) is unused and will be removed from module EfectoCHORUS.
WARNING: [Synth 8-3332] Sequential element (l_data_reg_aux_reg[31][1]) is unused and will be removed from module EfectoCHORUS.
WARNING: [Synth 8-3332] Sequential element (l_data_reg_aux_reg[31][0]) is unused and will be removed from module EfectoCHORUS.
WARNING: [Synth 8-3332] Sequential element (l_data_reg_aux_reg[32][1]) is unused and will be removed from module EfectoCHORUS.
WARNING: [Synth 8-3332] Sequential element (l_data_reg_aux_reg[32][0]) is unused and will be removed from module EfectoCHORUS.
WARNING: [Synth 8-3332] Sequential element (l_data_reg_aux_reg[33][1]) is unused and will be removed from module EfectoCHORUS.
WARNING: [Synth 8-3332] Sequential element (l_data_reg_aux_reg[33][0]) is unused and will be removed from module EfectoCHORUS.
WARNING: [Synth 8-3332] Sequential element (l_data_reg_aux_reg[34][1]) is unused and will be removed from module EfectoCHORUS.
WARNING: [Synth 8-3332] Sequential element (l_data_reg_aux_reg[34][0]) is unused and will be removed from module EfectoCHORUS.
WARNING: [Synth 8-3332] Sequential element (l_data_reg_aux_reg[35][1]) is unused and will be removed from module EfectoCHORUS.
WARNING: [Synth 8-3332] Sequential element (l_data_reg_aux_reg[35][0]) is unused and will be removed from module EfectoCHORUS.
WARNING: [Synth 8-3332] Sequential element (l_data_reg_aux_reg[36][1]) is unused and will be removed from module EfectoCHORUS.
WARNING: [Synth 8-3332] Sequential element (l_data_reg_aux_reg[36][0]) is unused and will be removed from module EfectoCHORUS.
WARNING: [Synth 8-3332] Sequential element (l_data_reg_aux_reg[37][1]) is unused and will be removed from module EfectoCHORUS.
WARNING: [Synth 8-3332] Sequential element (l_data_reg_aux_reg[37][0]) is unused and will be removed from module EfectoCHORUS.
WARNING: [Synth 8-3332] Sequential element (l_data_reg_aux_reg[38][1]) is unused and will be removed from module EfectoCHORUS.
WARNING: [Synth 8-3332] Sequential element (l_data_reg_aux_reg[38][0]) is unused and will be removed from module EfectoCHORUS.
WARNING: [Synth 8-3332] Sequential element (l_data_reg_aux_reg[39][1]) is unused and will be removed from module EfectoCHORUS.
WARNING: [Synth 8-3332] Sequential element (l_data_reg_aux_reg[39][0]) is unused and will be removed from module EfectoCHORUS.
WARNING: [Synth 8-3332] Sequential element (l_data_reg_aux_reg[40][1]) is unused and will be removed from module EfectoCHORUS.
WARNING: [Synth 8-3332] Sequential element (l_data_reg_aux_reg[40][0]) is unused and will be removed from module EfectoCHORUS.
WARNING: [Synth 8-3332] Sequential element (l_data_reg_aux_reg[41][1]) is unused and will be removed from module EfectoCHORUS.
WARNING: [Synth 8-3332] Sequential element (l_data_reg_aux_reg[41][0]) is unused and will be removed from module EfectoCHORUS.
WARNING: [Synth 8-3332] Sequential element (l_data_reg_aux_reg[42][1]) is unused and will be removed from module EfectoCHORUS.
WARNING: [Synth 8-3332] Sequential element (l_data_reg_aux_reg[42][0]) is unused and will be removed from module EfectoCHORUS.
WARNING: [Synth 8-3332] Sequential element (l_data_reg_aux_reg[43][1]) is unused and will be removed from module EfectoCHORUS.
WARNING: [Synth 8-3332] Sequential element (l_data_reg_aux_reg[43][0]) is unused and will be removed from module EfectoCHORUS.
WARNING: [Synth 8-3332] Sequential element (l_data_reg_aux_reg[44][1]) is unused and will be removed from module EfectoCHORUS.
WARNING: [Synth 8-3332] Sequential element (l_data_reg_aux_reg[44][0]) is unused and will be removed from module EfectoCHORUS.
WARNING: [Synth 8-3332] Sequential element (l_data_reg_aux_reg[45][1]) is unused and will be removed from module EfectoCHORUS.
WARNING: [Synth 8-3332] Sequential element (l_data_reg_aux_reg[45][0]) is unused and will be removed from module EfectoCHORUS.
WARNING: [Synth 8-3332] Sequential element (l_data_reg_aux_reg[46][1]) is unused and will be removed from module EfectoCHORUS.
WARNING: [Synth 8-3332] Sequential element (l_data_reg_aux_reg[46][0]) is unused and will be removed from module EfectoCHORUS.
WARNING: [Synth 8-3332] Sequential element (l_data_reg_aux_reg[47][1]) is unused and will be removed from module EfectoCHORUS.
WARNING: [Synth 8-3332] Sequential element (l_data_reg_aux_reg[47][0]) is unused and will be removed from module EfectoCHORUS.
WARNING: [Synth 8-3332] Sequential element (l_data_reg_aux_reg[48][1]) is unused and will be removed from module EfectoCHORUS.
WARNING: [Synth 8-3332] Sequential element (l_data_reg_aux_reg[48][0]) is unused and will be removed from module EfectoCHORUS.
WARNING: [Synth 8-3332] Sequential element (l_data_reg_aux_reg[49][1]) is unused and will be removed from module EfectoCHORUS.
WARNING: [Synth 8-3332] Sequential element (l_data_reg_aux_reg[49][0]) is unused and will be removed from module EfectoCHORUS.
INFO: [Common 17-14] Message 'Synth 8-3332' appears 100 times and further instances of the messages will be disabled. Use the Tcl command set_msg_config to change the current settings.
INFO: [Common 17-14] Message 'Synth 8-3332' appears 100 times and further instances of the messages will be disabled. Use the Tcl command set_msg_config to change the current settings.
---------------------------------------------------------------------------------
Finished Cross Boundary and Area Optimization : Time (s): cpu = 00:16:54 ; elapsed = 00:17:45 . Memory (MB): peak = 2484.180 ; gain = 2241.578
---------------------------------------------------------------------------------

Report RTL Partitions: 
+------+--------------------+------------+----------+
|      |RTL Partition       |Replication |Instances |
+------+--------------------+------------+----------+
|1     |EfectoDELAY__GB0    |           1|     30060|
|2     |EfectoDELAY__GB1    |           1|     31975|
|3     |EfectoDELAY__GB2    |           1|     32006|
|4     |EfectoDELAY__GB3    |           1|     30030|
|5     |EfectoREVERB__GB0   |           1|     24307|
|6     |EfectoREVERB__GB1   |           1|     22516|
|7     |EfectoREVERB__GB2   |           1|     24324|
|8     |EfectoECO__GB0      |           1|     20576|
|9     |EfectoECO__GB1      |           1|     20147|
|10    |EfectoECO__GB2      |           1|     19984|
|11    |EfectoECO__GB3      |           1|     19984|
|12    |EfectoECO__GB4      |           1|     24421|
|13    |EfectoECO__GB5      |           1|     15536|
|14    |EfectoECO__GB6      |           1|     20193|
|15    |EfectoECO__GB7      |           1|     20176|
|16    |EfectoECO__GB8      |           1|     19920|
|17    |EfectoECO__GB9      |           1|     19904|
|18    |EfectoECO__GB10     |           1|     19904|
|19    |EfectoECO__GB11     |           1|     18660|
|20    |Digital_Efects__GC0 |           1|     14765|
|21    |i2s_playback__GC0   |           1|       675|
+------+--------------------+------------+----------+
---------------------------------------------------------------------------------
Start Applying XDC Timing Constraints
---------------------------------------------------------------------------------
INFO: [Synth 8-5578] Moved timing constraint from pin 'i2s_clock/clk_out1' to pin 'i2s_clock/bbstub_clk_out1/O'
INFO: [Synth 8-5819] Moved 1 constraints on hierarchical pins to their respective driving/loading pins
---------------------------------------------------------------------------------
Finished Applying XDC Timing Constraints : Time (s): cpu = 00:17:14 ; elapsed = 00:18:05 . Memory (MB): peak = 2484.180 ; gain = 2241.578
---------------------------------------------------------------------------------
---------------------------------------------------------------------------------
Start Timing Optimization
---------------------------------------------------------------------------------
---------------------------------------------------------------------------------
Finished Timing Optimization : Time (s): cpu = 00:17:42 ; elapsed = 00:18:33 . Memory (MB): peak = 2484.180 ; gain = 2241.578
---------------------------------------------------------------------------------

Report RTL Partitions: 
+------+--------------------+------------+----------+
|      |RTL Partition       |Replication |Instances |
+------+--------------------+------------+----------+
|1     |EfectoDELAY__GB0    |           1|     30060|
|2     |EfectoDELAY__GB1    |           1|     29978|
|3     |EfectoDELAY__GB2    |           1|     30008|
|4     |EfectoDELAY__GB3    |           1|     30030|
|5     |EfectoREVERB__GB0   |           1|     24307|
|6     |EfectoREVERB__GB1   |           1|     22516|
|7     |EfectoREVERB__GB2   |           1|     24324|
|8     |EfectoECO__GB0      |           1|     20576|
|9     |EfectoECO__GB1      |           1|     20125|
|10    |EfectoECO__GB2      |           1|     19984|
|11    |EfectoECO__GB3      |           1|     19984|
|12    |EfectoECO__GB4      |           1|     24421|
|13    |EfectoECO__GB5      |           1|     15536|
|14    |EfectoECO__GB6      |           1|     20192|
|15    |EfectoECO__GB7      |           1|     20176|
|16    |EfectoECO__GB8      |           1|     18675|
|17    |EfectoECO__GB9      |           1|     18660|
|18    |EfectoECO__GB10     |           1|     18660|
|19    |EfectoECO__GB11     |           1|     18660|
|20    |Digital_Efects__GC0 |           1|     14763|
|21    |i2s_playback__GC0   |           1|       682|
+------+--------------------+------------+----------+
---------------------------------------------------------------------------------
Start Technology Mapping
---------------------------------------------------------------------------------
INFO: [Synth 8-3333] propagating constant 0 across sequential element (\unit_i2s/l_out_reg_reg[0] )
---------------------------------------------------------------------------------
Finished Technology Mapping : Time (s): cpu = 00:18:45 ; elapsed = 00:19:34 . Memory (MB): peak = 2484.180 ; gain = 2241.578
---------------------------------------------------------------------------------

Report RTL Partitions: 
+------+--------------------+------------+----------+
|      |RTL Partition       |Replication |Instances |
+------+--------------------+------------+----------+
|1     |EfectoDELAY__GB0    |           1|     30060|
|2     |EfectoDELAY__GB1    |           1|     29976|
|3     |EfectoDELAY__GB2    |           1|     30006|
|4     |EfectoDELAY__GB3    |           1|     30030|
|5     |EfectoREVERB__GB0   |           1|     24093|
|6     |EfectoREVERB__GB1   |           1|     22516|
|7     |EfectoREVERB__GB2   |           1|     24109|
|8     |EfectoECO__GB0      |           1|     20576|
|9     |EfectoECO__GB1      |           1|     19910|
|10    |EfectoECO__GB2      |           1|     19984|
|11    |EfectoECO__GB3      |           1|     19984|
|12    |EfectoECO__GB4      |           1|     24206|
|13    |EfectoECO__GB5      |           1|     15536|
|14    |EfectoECO__GB6      |           1|     20192|
|15    |EfectoECO__GB7      |           1|     20176|
|16    |EfectoECO__GB8      |           1|     18675|
|17    |EfectoECO__GB9      |           1|     18660|
|18    |EfectoECO__GB10     |           1|     18660|
|19    |EfectoECO__GB11     |           1|     18660|
|20    |Digital_Efects__GC0 |           1|     14349|
+------+--------------------+------------+----------+
---------------------------------------------------------------------------------
Start IO Insertion
---------------------------------------------------------------------------------
---------------------------------------------------------------------------------
Start Flattening Before IO Insertion
---------------------------------------------------------------------------------
---------------------------------------------------------------------------------
Finished Flattening Before IO Insertion
---------------------------------------------------------------------------------
---------------------------------------------------------------------------------
Start Final Netlist Cleanup
---------------------------------------------------------------------------------
---------------------------------------------------------------------------------
Finished Final Netlist Cleanup
---------------------------------------------------------------------------------
---------------------------------------------------------------------------------
Finished IO Insertion : Time (s): cpu = 00:19:13 ; elapsed = 00:20:03 . Memory (MB): peak = 2484.180 ; gain = 2241.578
---------------------------------------------------------------------------------

Report Check Netlist: 
+------+------------------+-------+---------+-------+------------------+
|      |Item              |Errors |Warnings |Status |Description       |
+------+------------------+-------+---------+-------+------------------+
|1     |multi_driven_nets |      0|        0|Passed |Multi driven nets |
+------+------------------+-------+---------+-------+------------------+
---------------------------------------------------------------------------------
Start Renaming Generated Instances
---------------------------------------------------------------------------------
---------------------------------------------------------------------------------
Finished Renaming Generated Instances : Time (s): cpu = 00:19:14 ; elapsed = 00:20:03 . Memory (MB): peak = 2484.180 ; gain = 2241.578
---------------------------------------------------------------------------------

Report RTL Partitions: 
+-+--------------+------------+----------+
| |RTL Partition |Replication |Instances |
+-+--------------+------------+----------+
+-+--------------+------------+----------+
---------------------------------------------------------------------------------
Start Rebuilding User Hierarchy
---------------------------------------------------------------------------------
---------------------------------------------------------------------------------
Finished Rebuilding User Hierarchy : Time (s): cpu = 00:19:16 ; elapsed = 00:20:06 . Memory (MB): peak = 2484.180 ; gain = 2241.578
---------------------------------------------------------------------------------
---------------------------------------------------------------------------------
Start Renaming Generated Ports
---------------------------------------------------------------------------------
---------------------------------------------------------------------------------
Finished Renaming Generated Ports : Time (s): cpu = 00:19:17 ; elapsed = 00:20:06 . Memory (MB): peak = 2484.180 ; gain = 2241.578
---------------------------------------------------------------------------------
---------------------------------------------------------------------------------
Start Handling Custom Attributes
---------------------------------------------------------------------------------
---------------------------------------------------------------------------------
Finished Handling Custom Attributes : Time (s): cpu = 00:19:17 ; elapsed = 00:20:06 . Memory (MB): peak = 2484.180 ; gain = 2241.578
---------------------------------------------------------------------------------
---------------------------------------------------------------------------------
Start Renaming Generated Nets
---------------------------------------------------------------------------------
---------------------------------------------------------------------------------
Finished Renaming Generated Nets : Time (s): cpu = 00:19:17 ; elapsed = 00:20:06 . Memory (MB): peak = 2484.180 ; gain = 2241.578
---------------------------------------------------------------------------------
---------------------------------------------------------------------------------
Start ROM, RAM, DSP and Shift Register Reporting
---------------------------------------------------------------------------------

Static Shift Register Report:
+-------------+-------------------------------------------------------------------+--------+-------+--------------+--------------------+-------------------+--------+---------+
|Module Name  | RTL Name                                                          | Length | Width | Reset Signal | Pull out first Reg | Pull out last Reg | SRL16E | SRLC32E | 
+-------------+-------------------------------------------------------------------+--------+-------+--------------+--------------------+-------------------+--------+---------+
|i2s_playback | unit_digital_efects/Unit_EfectDELAY/l_data_reg_reg[3999][15]      | 4000   | 15    | YES          | NO                 | YES               | 0      | 1875    | 
|i2s_playback | unit_digital_efects/Unit_EfectDELAY/r_data_reg_reg[3999][15]      | 4000   | 15    | YES          | NO                 | YES               | 0      | 1875    | 
|i2s_playback | unit_digital_efects/Unit_EfectREVERB/l_data_reg_reg[1499][15]     | 1500   | 16    | YES          | NO                 | YES               | 0      | 752     | 
|i2s_playback | unit_digital_efects/Unit_EfectREVERB/l_data_reg_aux_reg[1499][15] | 1500   | 15    | YES          | NO                 | YES               | 0      | 705     | 
|i2s_playback | unit_digital_efects/Unit_EfectREVERB/r_data_reg_reg[1499][15]     | 1500   | 16    | YES          | NO                 | YES               | 0      | 752     | 
|i2s_playback | unit_digital_efects/Unit_EfectECO/l_data_reg_reg[4999][15]        | 5000   | 16    | YES          | NO                 | YES               | 0      | 2512    | 
|i2s_playback | unit_digital_efects/Unit_EfectECO/r_data_reg_reg[4999][15]        | 5000   | 16    | YES          | NO                 | YES               | 0      | 2512    | 
|i2s_playback | unit_digital_efects/Unit_EfectECO/l_data_reg_aux_reg[4999][15]    | 5000   | 15    | YES          | NO                 | YES               | 0      | 2355    | 
|i2s_playback | unit_digital_efects/Unit_EfectCHORUS/l_data_reg_aux_reg[996][15]  | 997    | 14    | YES          | NO                 | YES               | 0      | 448     | 
+-------------+-------------------------------------------------------------------+--------+-------+--------------+--------------------+-------------------+--------+---------+

---------------------------------------------------------------------------------
Finished ROM, RAM, DSP and Shift Register Reporting
---------------------------------------------------------------------------------
---------------------------------------------------------------------------------
Start Writing Synthesis Report
---------------------------------------------------------------------------------

Report BlackBoxes: 
+------+--------------+----------+
|      |BlackBox name |Instances |
+------+--------------+----------+
|1     |clk_wiz_1     |         1|
+------+--------------+----------+

Report Cell Usage: 
+------+---------------+------+
|      |Cell           |Count |
+------+---------------+------+
|1     |clk_wiz_1_bbox |     1|
|2     |CARRY4         |    77|
|3     |LUT1           |    67|
|4     |LUT2           |   271|
|5     |LUT3           |   120|
|6     |LUT4           |   243|
|7     |LUT5           |   194|
|8     |LUT6           |   119|
|9     |SRLC32E        | 13786|
|10    |FDCE           | 11944|
|11    |FDPE           |     1|
|12    |FDRE           |   173|
|13    |IBUF           |     6|
|14    |OBUF           |    38|
+------+---------------+------+

Report Instance Areas: 
+------+----------------------+------------------+------+
|      |Instance              |Module            |Cells |
+------+----------------------+------------------+------+
|1     |top                   |                  | 27040|
|2     |  displays            |display_interface |    68|
|3     |    counter_assig     |display_counter   |    47|
|4     |  unit_digital_efects |Digital_Efects    | 26113|
|5     |    Unit_EfectCHORUS  |EfectoCHORUS      |  1598|
|6     |    Unit_EfectDELAY   |EfectoDELAY       |  7887|
|7     |    Unit_EfectECO     |EfectoECO         | 12617|
|8     |    Unit_EfectES      |EfectoES          |    48|
|9     |    Unit_EfectREVERB  |EfectoREVERB      |  3963|
|10    |  unit_i2s            |i2s               |   792|
|11    |  unit_leds           |LEDs              |    18|
+------+----------------------+------------------+------+
---------------------------------------------------------------------------------
Finished Writing Synthesis Report : Time (s): cpu = 00:19:17 ; elapsed = 00:20:06 . Memory (MB): peak = 2484.180 ; gain = 2241.578
---------------------------------------------------------------------------------
Synthesis finished with 0 errors, 0 critical warnings and 7621 warnings.
Synthesis Optimization Runtime : Time (s): cpu = 00:15:29 ; elapsed = 00:18:29 . Memory (MB): peak = 2484.180 ; gain = 938.344
Synthesis Optimization Complete : Time (s): cpu = 00:19:17 ; elapsed = 00:20:07 . Memory (MB): peak = 2484.180 ; gain = 2241.578
INFO: [Project 1-571] Translating synthesized netlist
INFO: [Netlist 29-17] Analyzing 83 Unisim elements for replacement
INFO: [Netlist 29-28] Unisim Transformation completed in 0 CPU seconds
INFO: [Project 1-570] Preparing netlist for logic optimization
INFO: [Opt 31-140] Inserted 1 IBUFs to IO ports without IO buffers.
INFO: [Opt 31-138] Pushed 0 inverter(s) to 0 load pin(s).
INFO: [Project 1-111] Unisim Transformation Summary:
No Unisim elements were transformed.

171 Infos, 216 Warnings, 0 Critical Warnings and 0 Errors encountered.
synth_design completed successfully
synth_design: Time (s): cpu = 00:19:24 ; elapsed = 00:20:22 . Memory (MB): peak = 2484.180 ; gain = 2248.863
INFO: [Common 17-1381] The checkpoint 'C:/Vivado/i2s_playback/i2s_playback.runs/synth_1/i2s_playback.dcp' has been generated.
write_checkpoint: Time (s): cpu = 00:00:06 ; elapsed = 00:00:07 . Memory (MB): peak = 2484.180 ; gain = 0.000
report_utilization: Time (s): cpu = 00:00:01 ; elapsed = 00:00:01 . Memory (MB): peak = 2484.180 ; gain = 0.000
INFO: [Common 17-206] Exiting Vivado at Fri Nov  8 22:50:10 2019...
