
*** Running vivado
    with args -log fir_compiler_0.vds -m64 -product Vivado -mode batch -messageDb vivado.pb -notrace -source fir_compiler_0.tcl


****** Vivado v2017.2 (64-bit)
  **** SW Build 1909853 on Thu Jun 15 18:39:09 MDT 2017
  **** IP Build 1909766 on Thu Jun 15 19:58:00 MDT 2017
    ** Copyright 1986-2017 Xilinx, Inc. All Rights Reserved.

source fir_compiler_0.tcl -notrace
Starting RTL Elaboration : Time (s): cpu = 00:00:06 ; elapsed = 00:00:07 . Memory (MB): peak = 317.828 ; gain = 80.059
INFO: [Synth 8-638] synthesizing module 'fir_compiler_0' [c:/Vivado/i2s_playback/i2s_playback.srcs/sources_1/ip/fir_compiler_0/synth/fir_compiler_0.vhd:70]
INFO: [Synth 8-256] done synthesizing module 'fir_compiler_0' (11#1) [c:/Vivado/i2s_playback/i2s_playback.srcs/sources_1/ip/fir_compiler_0/synth/fir_compiler_0.vhd:70]
Finished RTL Elaboration : Time (s): cpu = 00:00:14 ; elapsed = 00:00:16 . Memory (MB): peak = 385.961 ; gain = 148.191
Finished RTL Optimization Phase 1 : Time (s): cpu = 00:00:14 ; elapsed = 00:00:16 . Memory (MB): peak = 385.961 ; gain = 148.191
INFO: [Device 21-403] Loading part xc7a100tcsg324-1
Constraint Validation Runtime : Time (s): cpu = 00:00:00 ; elapsed = 00:00:00.031 . Memory (MB): peak = 588.105 ; gain = 0.000
Finished Constraint Validation : Time (s): cpu = 00:00:28 ; elapsed = 00:00:32 . Memory (MB): peak = 588.105 ; gain = 350.336
Finished Loading Part and Timing Information : Time (s): cpu = 00:00:28 ; elapsed = 00:00:32 . Memory (MB): peak = 588.105 ; gain = 350.336
Finished applying 'set_property' XDC Constraints : Time (s): cpu = 00:00:28 ; elapsed = 00:00:32 . Memory (MB): peak = 588.105 ; gain = 350.336
Finished RTL Optimization Phase 2 : Time (s): cpu = 00:00:29 ; elapsed = 00:00:32 . Memory (MB): peak = 588.105 ; gain = 350.336
Finished Cross Boundary and Area Optimization : Time (s): cpu = 00:00:30 ; elapsed = 00:00:33 . Memory (MB): peak = 588.105 ; gain = 350.336
Finished Applying XDC Timing Constraints : Time (s): cpu = 00:00:52 ; elapsed = 00:00:56 . Memory (MB): peak = 664.539 ; gain = 426.770
Finished Timing Optimization : Time (s): cpu = 00:00:52 ; elapsed = 00:00:56 . Memory (MB): peak = 664.539 ; gain = 426.770
Finished Technology Mapping : Time (s): cpu = 00:00:52 ; elapsed = 00:00:56 . Memory (MB): peak = 684.824 ; gain = 447.055
Finished IO Insertion : Time (s): cpu = 00:00:53 ; elapsed = 00:00:57 . Memory (MB): peak = 684.824 ; gain = 447.055
Finished Renaming Generated Instances : Time (s): cpu = 00:00:53 ; elapsed = 00:00:57 . Memory (MB): peak = 684.824 ; gain = 447.055
Finished Rebuilding User Hierarchy : Time (s): cpu = 00:00:53 ; elapsed = 00:00:57 . Memory (MB): peak = 684.824 ; gain = 447.055
Finished Renaming Generated Ports : Time (s): cpu = 00:00:53 ; elapsed = 00:00:57 . Memory (MB): peak = 684.824 ; gain = 447.055
Finished Handling Custom Attributes : Time (s): cpu = 00:00:53 ; elapsed = 00:00:57 . Memory (MB): peak = 684.824 ; gain = 447.055
Finished Renaming Generated Nets : Time (s): cpu = 00:00:53 ; elapsed = 00:00:57 . Memory (MB): peak = 684.824 ; gain = 447.055

Report Cell Usage: 
+------+--------+------+
|      |Cell    |Count |
+------+--------+------+
|1     |DSP48E1 |     1|
|2     |LUT1    |     2|
|3     |LUT2    |    13|
|4     |LUT3    |     1|
|5     |LUT4    |     2|
|6     |LUT5    |     1|
|7     |SRL16E  |    53|
|8     |FDRE    |   108|
|9     |FDSE    |     1|
+------+--------+------+
Finished Writing Synthesis Report : Time (s): cpu = 00:00:53 ; elapsed = 00:00:57 . Memory (MB): peak = 684.824 ; gain = 447.055
synth_design: Time (s): cpu = 00:00:55 ; elapsed = 00:01:00 . Memory (MB): peak = 684.824 ; gain = 448.684
