
*** Running vivado
    with args -log fir_compiler_0.vds -m64 -product Vivado -mode batch -messageDb vivado.pb -notrace -source fir_compiler_0.tcl


****** Vivado v2017.2 (64-bit)
  **** SW Build 1909853 on Thu Jun 15 18:39:09 MDT 2017
  **** IP Build 1909766 on Thu Jun 15 19:58:00 MDT 2017
    ** Copyright 1986-2017 Xilinx, Inc. All Rights Reserved.

source fir_compiler_0.tcl -notrace
Starting RTL Elaboration : Time (s): cpu = 00:00:08 ; elapsed = 00:00:09 . Memory (MB): peak = 317.934 ; gain = 80.035
INFO: [Synth 8-638] synthesizing module 'fir_compiler_0' [c:/Vivado/i2s_playback/i2s_playback.srcs/sources_1/ip/fir_compiler_0/synth/fir_compiler_0.vhd:70]
INFO: [Synth 8-256] done synthesizing module 'fir_compiler_0' (11#1) [c:/Vivado/i2s_playback/i2s_playback.srcs/sources_1/ip/fir_compiler_0/synth/fir_compiler_0.vhd:70]
Finished RTL Elaboration : Time (s): cpu = 00:00:20 ; elapsed = 00:00:23 . Memory (MB): peak = 388.070 ; gain = 150.172
Finished RTL Optimization Phase 1 : Time (s): cpu = 00:00:20 ; elapsed = 00:00:23 . Memory (MB): peak = 388.070 ; gain = 150.172
INFO: [Device 21-403] Loading part xc7a100tcsg324-1
Constraint Validation Runtime : Time (s): cpu = 00:00:00 ; elapsed = 00:00:00.056 . Memory (MB): peak = 619.773 ; gain = 0.000
Finished Constraint Validation : Time (s): cpu = 00:00:34 ; elapsed = 00:00:39 . Memory (MB): peak = 619.773 ; gain = 381.875
Finished Loading Part and Timing Information : Time (s): cpu = 00:00:34 ; elapsed = 00:00:39 . Memory (MB): peak = 619.773 ; gain = 381.875
Finished applying 'set_property' XDC Constraints : Time (s): cpu = 00:00:34 ; elapsed = 00:00:39 . Memory (MB): peak = 619.773 ; gain = 381.875
Finished RTL Optimization Phase 2 : Time (s): cpu = 00:00:34 ; elapsed = 00:00:39 . Memory (MB): peak = 619.773 ; gain = 381.875
Finished Cross Boundary and Area Optimization : Time (s): cpu = 00:00:35 ; elapsed = 00:00:40 . Memory (MB): peak = 619.773 ; gain = 381.875
Finished Applying XDC Timing Constraints : Time (s): cpu = 00:01:01 ; elapsed = 00:01:07 . Memory (MB): peak = 665.648 ; gain = 427.750
Finished Timing Optimization : Time (s): cpu = 00:01:01 ; elapsed = 00:01:07 . Memory (MB): peak = 669.656 ; gain = 431.758
Finished Technology Mapping : Time (s): cpu = 00:01:01 ; elapsed = 00:01:08 . Memory (MB): peak = 688.945 ; gain = 451.047
Finished IO Insertion : Time (s): cpu = 00:01:02 ; elapsed = 00:01:09 . Memory (MB): peak = 688.945 ; gain = 451.047
Finished Renaming Generated Instances : Time (s): cpu = 00:01:02 ; elapsed = 00:01:09 . Memory (MB): peak = 688.945 ; gain = 451.047
Finished Rebuilding User Hierarchy : Time (s): cpu = 00:01:02 ; elapsed = 00:01:09 . Memory (MB): peak = 688.945 ; gain = 451.047
Finished Renaming Generated Ports : Time (s): cpu = 00:01:02 ; elapsed = 00:01:09 . Memory (MB): peak = 688.945 ; gain = 451.047
Finished Handling Custom Attributes : Time (s): cpu = 00:01:02 ; elapsed = 00:01:09 . Memory (MB): peak = 688.945 ; gain = 451.047
Finished Renaming Generated Nets : Time (s): cpu = 00:01:02 ; elapsed = 00:01:09 . Memory (MB): peak = 688.945 ; gain = 451.047

Report Cell Usage: 
+------+--------+------+
|      |Cell    |Count |
+------+--------+------+
|1     |DSP48E1 |     5|
|2     |LUT1    |     4|
|3     |LUT2    |    12|
|4     |LUT3    |     1|
|5     |LUT4    |     2|
|6     |LUT5    |     1|
|7     |SRL16E  |   323|
|8     |FDRE    |   547|
|9     |FDSE    |     1|
+------+--------+------+
Finished Writing Synthesis Report : Time (s): cpu = 00:01:02 ; elapsed = 00:01:09 . Memory (MB): peak = 688.945 ; gain = 451.047
synth_design: Time (s): cpu = 00:01:05 ; elapsed = 00:01:12 . Memory (MB): peak = 688.945 ; gain = 451.676
