Unable to capture context for thread 11276 in process 8992, can not generate back trace
Exception at PC 0x00007FF879ACBB93
Printing stacktrace...

[0]  [0x00007FF879ACBB93]
[1]  [0x00007FF879ACBB93]
[2]  [0x00007FF879ACB4A1]
[3]  [0x00007FF879ACB3EF]
[4]  [0x00007FF879AB19FE]
[5]  [0x00007FF879AB0ED1]
[6]  [0x00007FF879AB0D76]
[7]  [0x00007FF879A579F6]
[8]  [0x00007FF879A47AFB]
[9]  [0x00007FF879B6E90A]
[10]  [0x00007FF879B89F87]
[11]  [0x00007FF879B8A05F]
[12] (BaseThreadInitThunk+0x14) [0x00007FF8C74B7BD4]
[13] (RtlUserThreadStart+0x21) [0x00007FF8C930CED1]
Done
Exception at PC 0x00007FF8797D1A52
Attemped to write at address 0x00007FF891CAABA4
Printing stacktrace...

[0]  [0x00007FF8797D1A52]
[1]  [0x00007FF8797D1A52]
[2]  [0x00007FF8797D1AD4]
[3]  [0x00007FF879913FF7]
[4]  [0x00007FF8797F9128]
[5]  [0x00007FF879AADFB9]
[6]  [0x00007FF879C7EF23]
[7]  [0x00007FF879B8B06B]
[8]  [0x00007FF879B808AF]
[9]  [0x00007FF879B80A32]
[10] (RtlActivateActivationContextUnsafeFast+0x121) [0x00007FF8C92C50A1]
[11] (LdrShutdownProcess+0x132) [0x00007FF8C930AB02]
[12] (RtlExitUserProcess+0xad) [0x00007FF8C930A9AD]
[13] (ExitProcess+0xa) [0x00007FF8C74BCD8A]
[14] (exit+0x85) [0x00007FF8C828A245]
[15] (initterm_e+0x245) [0x00007FF8C828A8B5]
[16]  [0x00000000004014CD]
[17]  [0x000000000040151B]
[18] (BaseThreadInitThunk+0x14) [0x00007FF8C74B7BD4]
[19] (RtlUserThreadStart+0x21) [0x00007FF8C930CED1]
Done
