INFO: [VRFC 10-163] Analyzing VHDL file "C:/Vivado/i2s_playback/i2s_playback.sim/sim_1/synth/func/tb_randomEfect_func_synth.vhd" into library xil_defaultlib
INFO: [VRFC 10-307] analyzing entity EfectCOMPRESSOR
INFO: [VRFC 10-307] analyzing entity EfectoDELAY
INFO: [VRFC 10-307] analyzing entity EfectoECO
INFO: [VRFC 10-307] analyzing entity EfectoES
INFO: [VRFC 10-307] analyzing entity EfectoOVERDRIVE
INFO: [VRFC 10-307] analyzing entity EfectoREVERB
INFO: [VRFC 10-307] analyzing entity EfectoVIBRATO
INFO: [VRFC 10-307] analyzing entity LEDs
INFO: [VRFC 10-307] analyzing entity \clk_wiz_1__clk_wiz_1_clk_wiz\
INFO: [VRFC 10-307] analyzing entity controlador_fir
INFO: [VRFC 10-307] analyzing entity controlador_fir_6
INFO: [VRFC 10-307] analyzing entity display_counter
INFO: [VRFC 10-307] analyzing entity i2s
INFO: [VRFC 10-307] analyzing entity reg
INFO: [VRFC 10-307] analyzing entity reg_1
INFO: [VRFC 10-307] analyzing entity reg_10
INFO: [VRFC 10-307] analyzing entity reg_11
INFO: [VRFC 10-307] analyzing entity reg_2
INFO: [VRFC 10-307] analyzing entity reg_3
INFO: [VRFC 10-307] analyzing entity reg_4
INFO: [VRFC 10-307] analyzing entity reg_7
INFO: [VRFC 10-307] analyzing entity reg_8
INFO: [VRFC 10-307] analyzing entity reg_9
INFO: [VRFC 10-307] analyzing entity \blk_mem_gen_0__blk_mem_gen_mux\
INFO: [VRFC 10-307] analyzing entity \blk_mem_gen_0__blk_mem_gen_prim_wrapper\
INFO: [VRFC 10-307] analyzing entity \blk_mem_gen_0__blk_mem_gen_prim_wrapper__parameterized0\
INFO: [VRFC 10-307] analyzing entity \blk_mem_gen_0__blk_mem_gen_prim_wrapper__parameterized1\
INFO: [VRFC 10-307] analyzing entity \blk_mem_gen_0__blk_mem_gen_prim_wrapper__parameterized10\
INFO: [VRFC 10-307] analyzing entity \blk_mem_gen_0__blk_mem_gen_prim_wrapper__parameterized11\
INFO: [VRFC 10-307] analyzing entity \blk_mem_gen_0__blk_mem_gen_prim_wrapper__parameterized12\
INFO: [VRFC 10-307] analyzing entity \blk_mem_gen_0__blk_mem_gen_prim_wrapper__parameterized13\
INFO: [VRFC 10-307] analyzing entity \blk_mem_gen_0__blk_mem_gen_prim_wrapper__parameterized14\
INFO: [VRFC 10-307] analyzing entity \blk_mem_gen_0__blk_mem_gen_prim_wrapper__parameterized15\
INFO: [VRFC 10-307] analyzing entity \blk_mem_gen_0__blk_mem_gen_prim_wrapper__parameterized16\
INFO: [VRFC 10-307] analyzing entity \blk_mem_gen_0__blk_mem_gen_prim_wrapper__parameterized17\
INFO: [VRFC 10-307] analyzing entity \blk_mem_gen_0__blk_mem_gen_prim_wrapper__parameterized18\
INFO: [VRFC 10-307] analyzing entity \blk_mem_gen_0__blk_mem_gen_prim_wrapper__parameterized19\
INFO: [VRFC 10-307] analyzing entity \blk_mem_gen_0__blk_mem_gen_prim_wrapper__parameterized2\
INFO: [VRFC 10-307] analyzing entity \blk_mem_gen_0__blk_mem_gen_prim_wrapper__parameterized20\
INFO: [VRFC 10-307] analyzing entity \blk_mem_gen_0__blk_mem_gen_prim_wrapper__parameterized21\
INFO: [VRFC 10-307] analyzing entity \blk_mem_gen_0__blk_mem_gen_prim_wrapper__parameterized22\
INFO: [VRFC 10-307] analyzing entity \blk_mem_gen_0__blk_mem_gen_prim_wrapper__parameterized23\
INFO: [VRFC 10-307] analyzing entity \blk_mem_gen_0__blk_mem_gen_prim_wrapper__parameterized24\
INFO: [VRFC 10-307] analyzing entity \blk_mem_gen_0__blk_mem_gen_prim_wrapper__parameterized25\
INFO: [VRFC 10-307] analyzing entity \blk_mem_gen_0__blk_mem_gen_prim_wrapper__parameterized26\
INFO: [VRFC 10-307] analyzing entity \blk_mem_gen_0__blk_mem_gen_prim_wrapper__parameterized27\
INFO: [VRFC 10-307] analyzing entity \blk_mem_gen_0__blk_mem_gen_prim_wrapper__parameterized28\
INFO: [VRFC 10-307] analyzing entity \blk_mem_gen_0__blk_mem_gen_prim_wrapper__parameterized29\
INFO: [VRFC 10-307] analyzing entity \blk_mem_gen_0__blk_mem_gen_prim_wrapper__parameterized3\
INFO: [VRFC 10-307] analyzing entity \blk_mem_gen_0__blk_mem_gen_prim_wrapper__parameterized30\
INFO: [VRFC 10-307] analyzing entity \blk_mem_gen_0__blk_mem_gen_prim_wrapper__parameterized31\
INFO: [VRFC 10-307] analyzing entity \blk_mem_gen_0__blk_mem_gen_prim_wrapper__parameterized32\
INFO: [VRFC 10-307] analyzing entity \blk_mem_gen_0__blk_mem_gen_prim_wrapper__parameterized33\
INFO: [VRFC 10-307] analyzing entity \blk_mem_gen_0__blk_mem_gen_prim_wrapper__parameterized34\
INFO: [VRFC 10-307] analyzing entity \blk_mem_gen_0__blk_mem_gen_prim_wrapper__parameterized35\
INFO: [VRFC 10-307] analyzing entity \blk_mem_gen_0__blk_mem_gen_prim_wrapper__parameterized36\
INFO: [VRFC 10-307] analyzing entity \blk_mem_gen_0__blk_mem_gen_prim_wrapper__parameterized37\
INFO: [VRFC 10-307] analyzing entity \blk_mem_gen_0__blk_mem_gen_prim_wrapper__parameterized38\
INFO: [VRFC 10-307] analyzing entity \blk_mem_gen_0__blk_mem_gen_prim_wrapper__parameterized39\
INFO: [VRFC 10-307] analyzing entity \blk_mem_gen_0__blk_mem_gen_prim_wrapper__parameterized4\
INFO: [VRFC 10-307] analyzing entity \blk_mem_gen_0__blk_mem_gen_prim_wrapper__parameterized40\
INFO: [VRFC 10-307] analyzing entity \blk_mem_gen_0__blk_mem_gen_prim_wrapper__parameterized41\
INFO: [VRFC 10-307] analyzing entity \blk_mem_gen_0__blk_mem_gen_prim_wrapper__parameterized42\
INFO: [VRFC 10-307] analyzing entity \blk_mem_gen_0__blk_mem_gen_prim_wrapper__parameterized43\
INFO: [VRFC 10-307] analyzing entity \blk_mem_gen_0__blk_mem_gen_prim_wrapper__parameterized44\
INFO: [VRFC 10-307] analyzing entity \blk_mem_gen_0__blk_mem_gen_prim_wrapper__parameterized45\
INFO: [VRFC 10-307] analyzing entity \blk_mem_gen_0__blk_mem_gen_prim_wrapper__parameterized46\
INFO: [VRFC 10-307] analyzing entity \blk_mem_gen_0__blk_mem_gen_prim_wrapper__parameterized47\
INFO: [VRFC 10-307] analyzing entity \blk_mem_gen_0__blk_mem_gen_prim_wrapper__parameterized48\
INFO: [VRFC 10-307] analyzing entity \blk_mem_gen_0__blk_mem_gen_prim_wrapper__parameterized49\
INFO: [VRFC 10-307] analyzing entity \blk_mem_gen_0__blk_mem_gen_prim_wrapper__parameterized5\
INFO: [VRFC 10-307] analyzing entity \blk_mem_gen_0__blk_mem_gen_prim_wrapper__parameterized50\
INFO: [VRFC 10-307] analyzing entity \blk_mem_gen_0__blk_mem_gen_prim_wrapper__parameterized51\
INFO: [VRFC 10-307] analyzing entity \blk_mem_gen_0__blk_mem_gen_prim_wrapper__parameterized52\
INFO: [VRFC 10-307] analyzing entity \blk_mem_gen_0__blk_mem_gen_prim_wrapper__parameterized53\
INFO: [VRFC 10-307] analyzing entity \blk_mem_gen_0__blk_mem_gen_prim_wrapper__parameterized54\
INFO: [VRFC 10-307] analyzing entity \blk_mem_gen_0__blk_mem_gen_prim_wrapper__parameterized55\
INFO: [VRFC 10-307] analyzing entity \blk_mem_gen_0__blk_mem_gen_prim_wrapper__parameterized56\
INFO: [VRFC 10-307] analyzing entity \blk_mem_gen_0__blk_mem_gen_prim_wrapper__parameterized57\
INFO: [VRFC 10-307] analyzing entity \blk_mem_gen_0__blk_mem_gen_prim_wrapper__parameterized58\
INFO: [VRFC 10-307] analyzing entity \blk_mem_gen_0__blk_mem_gen_prim_wrapper__parameterized59\
INFO: [VRFC 10-307] analyzing entity \blk_mem_gen_0__blk_mem_gen_prim_wrapper__parameterized6\
INFO: [VRFC 10-307] analyzing entity \blk_mem_gen_0__blk_mem_gen_prim_wrapper__parameterized60\
INFO: [VRFC 10-307] analyzing entity \blk_mem_gen_0__blk_mem_gen_prim_wrapper__parameterized61\
INFO: [VRFC 10-307] analyzing entity \blk_mem_gen_0__blk_mem_gen_prim_wrapper__parameterized62\
INFO: [VRFC 10-307] analyzing entity \blk_mem_gen_0__blk_mem_gen_prim_wrapper__parameterized63\
INFO: [VRFC 10-307] analyzing entity \blk_mem_gen_0__blk_mem_gen_prim_wrapper__parameterized64\
INFO: [VRFC 10-307] analyzing entity \blk_mem_gen_0__blk_mem_gen_prim_wrapper__parameterized65\
INFO: [VRFC 10-307] analyzing entity \blk_mem_gen_0__blk_mem_gen_prim_wrapper__parameterized66\
INFO: [VRFC 10-307] analyzing entity \blk_mem_gen_0__blk_mem_gen_prim_wrapper__parameterized67\
INFO: [VRFC 10-307] analyzing entity \blk_mem_gen_0__blk_mem_gen_prim_wrapper__parameterized68\
INFO: [VRFC 10-307] analyzing entity \blk_mem_gen_0__blk_mem_gen_prim_wrapper__parameterized69\
INFO: [VRFC 10-307] analyzing entity \blk_mem_gen_0__blk_mem_gen_prim_wrapper__parameterized7\
INFO: [VRFC 10-307] analyzing entity \blk_mem_gen_0__blk_mem_gen_prim_wrapper__parameterized70\
INFO: [VRFC 10-307] analyzing entity \blk_mem_gen_0__blk_mem_gen_prim_wrapper__parameterized71\
INFO: [VRFC 10-307] analyzing entity \blk_mem_gen_0__blk_mem_gen_prim_wrapper__parameterized72\
INFO: [VRFC 10-307] analyzing entity \blk_mem_gen_0__blk_mem_gen_prim_wrapper__parameterized73\
INFO: [VRFC 10-307] analyzing entity \blk_mem_gen_0__blk_mem_gen_prim_wrapper__parameterized74\
INFO: [VRFC 10-307] analyzing entity \blk_mem_gen_0__blk_mem_gen_prim_wrapper__parameterized75\
INFO: [VRFC 10-307] analyzing entity \blk_mem_gen_0__blk_mem_gen_prim_wrapper__parameterized76\
INFO: [VRFC 10-307] analyzing entity \blk_mem_gen_0__blk_mem_gen_prim_wrapper__parameterized77\
INFO: [VRFC 10-307] analyzing entity \blk_mem_gen_0__blk_mem_gen_prim_wrapper__parameterized78\
INFO: [VRFC 10-307] analyzing entity \blk_mem_gen_0__blk_mem_gen_prim_wrapper__parameterized79\
INFO: [VRFC 10-307] analyzing entity \blk_mem_gen_0__blk_mem_gen_prim_wrapper__parameterized8\
INFO: [VRFC 10-307] analyzing entity \blk_mem_gen_0__blk_mem_gen_prim_wrapper__parameterized80\
INFO: [VRFC 10-307] analyzing entity \blk_mem_gen_0__blk_mem_gen_prim_wrapper__parameterized81\
INFO: [VRFC 10-307] analyzing entity \blk_mem_gen_0__blk_mem_gen_prim_wrapper__parameterized82\
INFO: [VRFC 10-307] analyzing entity \blk_mem_gen_0__blk_mem_gen_prim_wrapper__parameterized83\
INFO: [VRFC 10-307] analyzing entity \blk_mem_gen_0__blk_mem_gen_prim_wrapper__parameterized84\
INFO: [VRFC 10-307] analyzing entity \blk_mem_gen_0__blk_mem_gen_prim_wrapper__parameterized85\
INFO: [VRFC 10-307] analyzing entity \blk_mem_gen_0__blk_mem_gen_prim_wrapper__parameterized86\
INFO: [VRFC 10-307] analyzing entity \blk_mem_gen_0__blk_mem_gen_prim_wrapper__parameterized87\
INFO: [VRFC 10-307] analyzing entity \blk_mem_gen_0__blk_mem_gen_prim_wrapper__parameterized88\
INFO: [VRFC 10-307] analyzing entity \blk_mem_gen_0__blk_mem_gen_prim_wrapper__parameterized89\
INFO: [VRFC 10-307] analyzing entity \blk_mem_gen_0__blk_mem_gen_prim_wrapper__parameterized9\
INFO: [VRFC 10-307] analyzing entity \blk_mem_gen_0__blk_mem_gen_prim_wrapper__parameterized90\
INFO: [VRFC 10-307] analyzing entity Ruta_datos_Fir
INFO: [VRFC 10-307] analyzing entity Ruta_datos_Fir_5
INFO: [VRFC 10-307] analyzing entity clk_wiz_1
INFO: [VRFC 10-307] analyzing entity display_interface
INFO: [VRFC 10-307] analyzing entity \blk_mem_gen_0__blk_mem_gen_prim_width\
INFO: [VRFC 10-307] analyzing entity \blk_mem_gen_0__blk_mem_gen_prim_width__parameterized0\
INFO: [VRFC 10-307] analyzing entity \blk_mem_gen_0__blk_mem_gen_prim_width__parameterized1\
INFO: [VRFC 10-307] analyzing entity \blk_mem_gen_0__blk_mem_gen_prim_width__parameterized10\
INFO: [VRFC 10-307] analyzing entity \blk_mem_gen_0__blk_mem_gen_prim_width__parameterized11\
INFO: [VRFC 10-307] analyzing entity \blk_mem_gen_0__blk_mem_gen_prim_width__parameterized12\
INFO: [VRFC 10-307] analyzing entity \blk_mem_gen_0__blk_mem_gen_prim_width__parameterized13\
INFO: [VRFC 10-307] analyzing entity \blk_mem_gen_0__blk_mem_gen_prim_width__parameterized14\
INFO: [VRFC 10-307] analyzing entity \blk_mem_gen_0__blk_mem_gen_prim_width__parameterized15\
INFO: [VRFC 10-307] analyzing entity \blk_mem_gen_0__blk_mem_gen_prim_width__parameterized16\
INFO: [VRFC 10-307] analyzing entity \blk_mem_gen_0__blk_mem_gen_prim_width__parameterized17\
INFO: [VRFC 10-307] analyzing entity \blk_mem_gen_0__blk_mem_gen_prim_width__parameterized18\
INFO: [VRFC 10-307] analyzing entity \blk_mem_gen_0__blk_mem_gen_prim_width__parameterized19\
INFO: [VRFC 10-307] analyzing entity \blk_mem_gen_0__blk_mem_gen_prim_width__parameterized2\
INFO: [VRFC 10-307] analyzing entity \blk_mem_gen_0__blk_mem_gen_prim_width__parameterized20\
INFO: [VRFC 10-307] analyzing entity \blk_mem_gen_0__blk_mem_gen_prim_width__parameterized21\
INFO: [VRFC 10-307] analyzing entity \blk_mem_gen_0__blk_mem_gen_prim_width__parameterized22\
INFO: [VRFC 10-307] analyzing entity \blk_mem_gen_0__blk_mem_gen_prim_width__parameterized23\
INFO: [VRFC 10-307] analyzing entity \blk_mem_gen_0__blk_mem_gen_prim_width__parameterized24\
INFO: [VRFC 10-307] analyzing entity \blk_mem_gen_0__blk_mem_gen_prim_width__parameterized25\
INFO: [VRFC 10-307] analyzing entity \blk_mem_gen_0__blk_mem_gen_prim_width__parameterized26\
INFO: [VRFC 10-307] analyzing entity \blk_mem_gen_0__blk_mem_gen_prim_width__parameterized27\
INFO: [VRFC 10-307] analyzing entity \blk_mem_gen_0__blk_mem_gen_prim_width__parameterized28\
INFO: [VRFC 10-307] analyzing entity \blk_mem_gen_0__blk_mem_gen_prim_width__parameterized29\
INFO: [VRFC 10-307] analyzing entity \blk_mem_gen_0__blk_mem_gen_prim_width__parameterized3\
INFO: [VRFC 10-307] analyzing entity \blk_mem_gen_0__blk_mem_gen_prim_width__parameterized30\
INFO: [VRFC 10-307] analyzing entity \blk_mem_gen_0__blk_mem_gen_prim_width__parameterized31\
INFO: [VRFC 10-307] analyzing entity \blk_mem_gen_0__blk_mem_gen_prim_width__parameterized32\
INFO: [VRFC 10-307] analyzing entity \blk_mem_gen_0__blk_mem_gen_prim_width__parameterized33\
INFO: [VRFC 10-307] analyzing entity \blk_mem_gen_0__blk_mem_gen_prim_width__parameterized34\
INFO: [VRFC 10-307] analyzing entity \blk_mem_gen_0__blk_mem_gen_prim_width__parameterized35\
INFO: [VRFC 10-307] analyzing entity \blk_mem_gen_0__blk_mem_gen_prim_width__parameterized36\
INFO: [VRFC 10-307] analyzing entity \blk_mem_gen_0__blk_mem_gen_prim_width__parameterized37\
INFO: [VRFC 10-307] analyzing entity \blk_mem_gen_0__blk_mem_gen_prim_width__parameterized38\
INFO: [VRFC 10-307] analyzing entity \blk_mem_gen_0__blk_mem_gen_prim_width__parameterized39\
INFO: [VRFC 10-307] analyzing entity \blk_mem_gen_0__blk_mem_gen_prim_width__parameterized4\
INFO: [VRFC 10-307] analyzing entity \blk_mem_gen_0__blk_mem_gen_prim_width__parameterized40\
INFO: [VRFC 10-307] analyzing entity \blk_mem_gen_0__blk_mem_gen_prim_width__parameterized41\
INFO: [VRFC 10-307] analyzing entity \blk_mem_gen_0__blk_mem_gen_prim_width__parameterized42\
INFO: [VRFC 10-307] analyzing entity \blk_mem_gen_0__blk_mem_gen_prim_width__parameterized43\
INFO: [VRFC 10-307] analyzing entity \blk_mem_gen_0__blk_mem_gen_prim_width__parameterized44\
INFO: [VRFC 10-307] analyzing entity \blk_mem_gen_0__blk_mem_gen_prim_width__parameterized45\
INFO: [VRFC 10-307] analyzing entity \blk_mem_gen_0__blk_mem_gen_prim_width__parameterized46\
INFO: [VRFC 10-307] analyzing entity \blk_mem_gen_0__blk_mem_gen_prim_width__parameterized47\
INFO: [VRFC 10-307] analyzing entity \blk_mem_gen_0__blk_mem_gen_prim_width__parameterized48\
INFO: [VRFC 10-307] analyzing entity \blk_mem_gen_0__blk_mem_gen_prim_width__parameterized49\
INFO: [VRFC 10-307] analyzing entity \blk_mem_gen_0__blk_mem_gen_prim_width__parameterized5\
INFO: [VRFC 10-307] analyzing entity \blk_mem_gen_0__blk_mem_gen_prim_width__parameterized50\
INFO: [VRFC 10-307] analyzing entity \blk_mem_gen_0__blk_mem_gen_prim_width__parameterized51\
INFO: [VRFC 10-307] analyzing entity \blk_mem_gen_0__blk_mem_gen_prim_width__parameterized52\
INFO: [VRFC 10-307] analyzing entity \blk_mem_gen_0__blk_mem_gen_prim_width__parameterized53\
INFO: [VRFC 10-307] analyzing entity \blk_mem_gen_0__blk_mem_gen_prim_width__parameterized54\
INFO: [VRFC 10-307] analyzing entity \blk_mem_gen_0__blk_mem_gen_prim_width__parameterized55\
INFO: [VRFC 10-307] analyzing entity \blk_mem_gen_0__blk_mem_gen_prim_width__parameterized56\
INFO: [VRFC 10-307] analyzing entity \blk_mem_gen_0__blk_mem_gen_prim_width__parameterized57\
INFO: [VRFC 10-307] analyzing entity \blk_mem_gen_0__blk_mem_gen_prim_width__parameterized58\
INFO: [VRFC 10-307] analyzing entity \blk_mem_gen_0__blk_mem_gen_prim_width__parameterized59\
INFO: [VRFC 10-307] analyzing entity \blk_mem_gen_0__blk_mem_gen_prim_width__parameterized6\
INFO: [VRFC 10-307] analyzing entity \blk_mem_gen_0__blk_mem_gen_prim_width__parameterized60\
INFO: [VRFC 10-307] analyzing entity \blk_mem_gen_0__blk_mem_gen_prim_width__parameterized61\
INFO: [VRFC 10-307] analyzing entity \blk_mem_gen_0__blk_mem_gen_prim_width__parameterized62\
INFO: [VRFC 10-307] analyzing entity \blk_mem_gen_0__blk_mem_gen_prim_width__parameterized63\
INFO: [VRFC 10-307] analyzing entity \blk_mem_gen_0__blk_mem_gen_prim_width__parameterized64\
INFO: [VRFC 10-307] analyzing entity \blk_mem_gen_0__blk_mem_gen_prim_width__parameterized65\
INFO: [VRFC 10-307] analyzing entity \blk_mem_gen_0__blk_mem_gen_prim_width__parameterized66\
INFO: [VRFC 10-307] analyzing entity \blk_mem_gen_0__blk_mem_gen_prim_width__parameterized67\
INFO: [VRFC 10-307] analyzing entity \blk_mem_gen_0__blk_mem_gen_prim_width__parameterized68\
INFO: [VRFC 10-307] analyzing entity \blk_mem_gen_0__blk_mem_gen_prim_width__parameterized69\
INFO: [VRFC 10-307] analyzing entity \blk_mem_gen_0__blk_mem_gen_prim_width__parameterized7\
INFO: [VRFC 10-307] analyzing entity \blk_mem_gen_0__blk_mem_gen_prim_width__parameterized70\
INFO: [VRFC 10-307] analyzing entity \blk_mem_gen_0__blk_mem_gen_prim_width__parameterized71\
INFO: [VRFC 10-307] analyzing entity \blk_mem_gen_0__blk_mem_gen_prim_width__parameterized72\
INFO: [VRFC 10-307] analyzing entity \blk_mem_gen_0__blk_mem_gen_prim_width__parameterized73\
INFO: [VRFC 10-307] analyzing entity \blk_mem_gen_0__blk_mem_gen_prim_width__parameterized74\
INFO: [VRFC 10-307] analyzing entity \blk_mem_gen_0__blk_mem_gen_prim_width__parameterized75\
INFO: [VRFC 10-307] analyzing entity \blk_mem_gen_0__blk_mem_gen_prim_width__parameterized76\
INFO: [VRFC 10-307] analyzing entity \blk_mem_gen_0__blk_mem_gen_prim_width__parameterized77\
INFO: [VRFC 10-307] analyzing entity \blk_mem_gen_0__blk_mem_gen_prim_width__parameterized78\
INFO: [VRFC 10-307] analyzing entity \blk_mem_gen_0__blk_mem_gen_prim_width__parameterized79\
INFO: [VRFC 10-307] analyzing entity \blk_mem_gen_0__blk_mem_gen_prim_width__parameterized8\
INFO: [VRFC 10-307] analyzing entity \blk_mem_gen_0__blk_mem_gen_prim_width__parameterized80\
INFO: [VRFC 10-307] analyzing entity \blk_mem_gen_0__blk_mem_gen_prim_width__parameterized81\
INFO: [VRFC 10-307] analyzing entity \blk_mem_gen_0__blk_mem_gen_prim_width__parameterized82\
INFO: [VRFC 10-307] analyzing entity \blk_mem_gen_0__blk_mem_gen_prim_width__parameterized83\
INFO: [VRFC 10-307] analyzing entity \blk_mem_gen_0__blk_mem_gen_prim_width__parameterized84\
INFO: [VRFC 10-307] analyzing entity \blk_mem_gen_0__blk_mem_gen_prim_width__parameterized85\
INFO: [VRFC 10-307] analyzing entity \blk_mem_gen_0__blk_mem_gen_prim_width__parameterized86\
INFO: [VRFC 10-307] analyzing entity \blk_mem_gen_0__blk_mem_gen_prim_width__parameterized87\
INFO: [VRFC 10-307] analyzing entity \blk_mem_gen_0__blk_mem_gen_prim_width__parameterized88\
INFO: [VRFC 10-307] analyzing entity \blk_mem_gen_0__blk_mem_gen_prim_width__parameterized89\
INFO: [VRFC 10-307] analyzing entity \blk_mem_gen_0__blk_mem_gen_prim_width__parameterized9\
INFO: [VRFC 10-307] analyzing entity \blk_mem_gen_0__blk_mem_gen_prim_width__parameterized90\
INFO: [VRFC 10-307] analyzing entity fir_filter
INFO: [VRFC 10-307] analyzing entity fir_filter_0
INFO: [VRFC 10-307] analyzing entity \blk_mem_gen_0__blk_mem_gen_generic_cstr\
INFO: [VRFC 10-307] analyzing entity EfectoCHORUS
INFO: [VRFC 10-307] analyzing entity \blk_mem_gen_0__blk_mem_gen_top\
INFO: [VRFC 10-307] analyzing entity \blk_mem_gen_0__blk_mem_gen_v8_3_6_synth\
INFO: [VRFC 10-307] analyzing entity \blk_mem_gen_0__blk_mem_gen_v8_3_6\
INFO: [VRFC 10-307] analyzing entity blk_mem_gen_0
INFO: [VRFC 10-307] analyzing entity EfectoLOOPER
INFO: [VRFC 10-307] analyzing entity Digital_Efects
INFO: [VRFC 10-307] analyzing entity i2s_playback
INFO: [VRFC 10-163] Analyzing VHDL file "C:/Vivado/i2s_playback/i2s_playback.srcs/sources_1/new/EfectoCHORUS.vhd" into library xil_defaultlib
INFO: [VRFC 10-307] analyzing entity EfectoCHORUS
WARNING: [VRFC 10-1193] overwriting existing primary unit efectochorus [C:/Vivado/i2s_playback/i2s_playback.srcs/sources_1/new/EfectoCHORUS.vhd:35]
INFO: [VRFC 10-163] Analyzing VHDL file "C:/Vivado/i2s_playback/i2s_playback.srcs/sources_1/new/Ruta_datos_FIR.vhd" into library xil_defaultlib
INFO: [VRFC 10-307] analyzing entity Ruta_datos_Fir
WARNING: [VRFC 10-1193] overwriting existing primary unit ruta_datos_fir [C:/Vivado/i2s_playback/i2s_playback.srcs/sources_1/new/Ruta_datos_FIR.vhd:35]
INFO: [VRFC 10-163] Analyzing VHDL file "C:/Vivado/i2s_playback/i2s_playback.srcs/sources_1/new/controlador_FIR.vhd" into library xil_defaultlib
INFO: [VRFC 10-307] analyzing entity controlador_fir
WARNING: [VRFC 10-1193] overwriting existing primary unit controlador_fir [C:/Vivado/i2s_playback/i2s_playback.srcs/sources_1/new/controlador_FIR.vhd:34]
INFO: [VRFC 10-163] Analyzing VHDL file "C:/Vivado/i2s_playback/i2s_playback.srcs/sources_1/new/fir_filter.vhd" into library xil_defaultlib
INFO: [VRFC 10-307] analyzing entity fir_filter
WARNING: [VRFC 10-1193] overwriting existing primary unit fir_filter [C:/Vivado/i2s_playback/i2s_playback.srcs/sources_1/new/fir_filter.vhd:35]
INFO: [VRFC 10-163] Analyzing VHDL file "C:/Vivado/i2s_playback/i2s_playback.srcs/sources_1/new/register.vhd" into library xil_defaultlib
INFO: [VRFC 10-307] analyzing entity reg
WARNING: [VRFC 10-1193] overwriting existing primary unit reg [C:/Vivado/i2s_playback/i2s_playback.srcs/sources_1/new/register.vhd:35]
INFO: [VRFC 10-163] Analyzing VHDL file "C:/Vivado/i2s_playback/i2s_playback.srcs/sim_1/new/tb_randomEfect.vhd" into library xil_defaultlib
INFO: [VRFC 10-307] analyzing entity tb_randomEfect
