
*** Running vivado
    with args -log blk_mem_gen_1.vds -m64 -product Vivado -mode batch -messageDb vivado.pb -notrace -source blk_mem_gen_1.tcl


****** Vivado v2017.2 (64-bit)
  **** SW Build 1909853 on Thu Jun 15 18:39:09 MDT 2017
  **** IP Build 1909766 on Thu Jun 15 19:58:00 MDT 2017
    ** Copyright 1986-2017 Xilinx, Inc. All Rights Reserved.

source blk_mem_gen_1.tcl -notrace
Starting RTL Elaboration : Time (s): cpu = 00:00:06 ; elapsed = 00:00:07 . Memory (MB): peak = 317.477 ; gain = 79.582
INFO: [Synth 8-638] synthesizing module 'blk_mem_gen_1' [c:/Vivado/i2s_playback/i2s_playback.srcs/sources_1/ip/blk_mem_gen_1/synth/blk_mem_gen_1.vhd:70]
INFO: [Synth 8-256] done synthesizing module 'blk_mem_gen_1' (11#1) [c:/Vivado/i2s_playback/i2s_playback.srcs/sources_1/ip/blk_mem_gen_1/synth/blk_mem_gen_1.vhd:70]
Finished RTL Elaboration : Time (s): cpu = 00:01:58 ; elapsed = 00:02:16 . Memory (MB): peak = 540.039 ; gain = 302.145
Finished RTL Optimization Phase 1 : Time (s): cpu = 00:01:58 ; elapsed = 00:02:16 . Memory (MB): peak = 540.039 ; gain = 302.145
INFO: [Device 21-403] Loading part xc7a100tcsg324-1
Constraint Validation Runtime : Time (s): cpu = 00:00:00 ; elapsed = 00:00:00.109 . Memory (MB): peak = 708.910 ; gain = 0.000
Finished Constraint Validation : Time (s): cpu = 00:02:11 ; elapsed = 00:02:30 . Memory (MB): peak = 708.910 ; gain = 471.016
Finished Loading Part and Timing Information : Time (s): cpu = 00:02:11 ; elapsed = 00:02:30 . Memory (MB): peak = 708.910 ; gain = 471.016
Finished applying 'set_property' XDC Constraints : Time (s): cpu = 00:02:11 ; elapsed = 00:02:30 . Memory (MB): peak = 708.910 ; gain = 471.016
Finished RTL Optimization Phase 2 : Time (s): cpu = 00:02:13 ; elapsed = 00:02:33 . Memory (MB): peak = 708.910 ; gain = 471.016
Finished Cross Boundary and Area Optimization : Time (s): cpu = 00:02:14 ; elapsed = 00:02:33 . Memory (MB): peak = 708.910 ; gain = 471.016
Finished Applying XDC Timing Constraints : Time (s): cpu = 00:02:26 ; elapsed = 00:02:46 . Memory (MB): peak = 708.910 ; gain = 471.016
Finished Timing Optimization : Time (s): cpu = 00:02:26 ; elapsed = 00:02:47 . Memory (MB): peak = 708.910 ; gain = 471.016
Finished Technology Mapping : Time (s): cpu = 00:02:26 ; elapsed = 00:02:47 . Memory (MB): peak = 708.910 ; gain = 471.016
Finished IO Insertion : Time (s): cpu = 00:02:27 ; elapsed = 00:02:48 . Memory (MB): peak = 708.910 ; gain = 471.016
Finished Renaming Generated Instances : Time (s): cpu = 00:02:27 ; elapsed = 00:02:48 . Memory (MB): peak = 708.910 ; gain = 471.016
Finished Rebuilding User Hierarchy : Time (s): cpu = 00:02:27 ; elapsed = 00:02:48 . Memory (MB): peak = 708.910 ; gain = 471.016
Finished Renaming Generated Ports : Time (s): cpu = 00:02:27 ; elapsed = 00:02:48 . Memory (MB): peak = 708.910 ; gain = 471.016
Finished Handling Custom Attributes : Time (s): cpu = 00:02:27 ; elapsed = 00:02:48 . Memory (MB): peak = 708.910 ; gain = 471.016
Finished Renaming Generated Nets : Time (s): cpu = 00:02:27 ; elapsed = 00:02:48 . Memory (MB): peak = 708.910 ; gain = 471.016

Report Cell Usage: 
+------+-----------+------+
|      |Cell       |Count |
+------+-----------+------+
|1     |LUT3       |     3|
|2     |LUT4       |    11|
|3     |LUT6       |    16|
|4     |MUXF7      |     8|
|5     |RAMB36E1   |    64|
|6     |RAMB36E1_1 |    64|
|7     |FDRE       |     6|
+------+-----------+------+
Finished Writing Synthesis Report : Time (s): cpu = 00:02:27 ; elapsed = 00:02:48 . Memory (MB): peak = 708.910 ; gain = 471.016
synth_design: Time (s): cpu = 00:02:29 ; elapsed = 00:02:51 . Memory (MB): peak = 708.910 ; gain = 474.645
