
*** Running vivado
    with args -log fir_compiler_0.vds -m64 -product Vivado -mode batch -messageDb vivado.pb -notrace -source fir_compiler_0.tcl


****** Vivado v2017.2 (64-bit)
  **** SW Build 1909853 on Thu Jun 15 18:39:09 MDT 2017
  **** IP Build 1909766 on Thu Jun 15 19:58:00 MDT 2017
    ** Copyright 1986-2017 Xilinx, Inc. All Rights Reserved.

source fir_compiler_0.tcl -notrace
Starting RTL Elaboration : Time (s): cpu = 00:00:06 ; elapsed = 00:00:08 . Memory (MB): peak = 317.926 ; gain = 80.465
INFO: [Synth 8-638] synthesizing module 'fir_compiler_0' [c:/Vivado/i2s_playback/i2s_playback.srcs/sources_1/ip/fir_compiler_0/synth/fir_compiler_0.vhd:70]
INFO: [Synth 8-256] done synthesizing module 'fir_compiler_0' (13#1) [c:/Vivado/i2s_playback/i2s_playback.srcs/sources_1/ip/fir_compiler_0/synth/fir_compiler_0.vhd:70]
Finished RTL Elaboration : Time (s): cpu = 00:00:13 ; elapsed = 00:00:17 . Memory (MB): peak = 386.742 ; gain = 149.281
Finished RTL Optimization Phase 1 : Time (s): cpu = 00:00:13 ; elapsed = 00:00:18 . Memory (MB): peak = 386.742 ; gain = 149.281
INFO: [Device 21-403] Loading part xc7a100tcsg324-1
Constraint Validation Runtime : Time (s): cpu = 00:00:00 ; elapsed = 00:00:00.340 . Memory (MB): peak = 589.793 ; gain = 0.000
Finished Constraint Validation : Time (s): cpu = 00:00:30 ; elapsed = 00:00:44 . Memory (MB): peak = 589.793 ; gain = 352.332
Finished Loading Part and Timing Information : Time (s): cpu = 00:00:30 ; elapsed = 00:00:44 . Memory (MB): peak = 589.793 ; gain = 352.332
Finished applying 'set_property' XDC Constraints : Time (s): cpu = 00:00:30 ; elapsed = 00:00:44 . Memory (MB): peak = 589.793 ; gain = 352.332
Finished RTL Optimization Phase 2 : Time (s): cpu = 00:00:31 ; elapsed = 00:00:44 . Memory (MB): peak = 589.793 ; gain = 352.332
Finished Cross Boundary and Area Optimization : Time (s): cpu = 00:00:32 ; elapsed = 00:00:46 . Memory (MB): peak = 589.793 ; gain = 352.332
Finished Applying XDC Timing Constraints : Time (s): cpu = 00:00:53 ; elapsed = 00:01:08 . Memory (MB): peak = 665.328 ; gain = 427.867
Finished Timing Optimization : Time (s): cpu = 00:00:53 ; elapsed = 00:01:08 . Memory (MB): peak = 679.480 ; gain = 442.020
Finished Technology Mapping : Time (s): cpu = 00:00:53 ; elapsed = 00:01:08 . Memory (MB): peak = 688.621 ; gain = 451.160
Finished IO Insertion : Time (s): cpu = 00:00:54 ; elapsed = 00:01:09 . Memory (MB): peak = 688.621 ; gain = 451.160
Finished Renaming Generated Instances : Time (s): cpu = 00:00:54 ; elapsed = 00:01:09 . Memory (MB): peak = 688.621 ; gain = 451.160
Finished Rebuilding User Hierarchy : Time (s): cpu = 00:00:54 ; elapsed = 00:01:09 . Memory (MB): peak = 688.621 ; gain = 451.160
Finished Renaming Generated Ports : Time (s): cpu = 00:00:54 ; elapsed = 00:01:09 . Memory (MB): peak = 688.621 ; gain = 451.160
Finished Handling Custom Attributes : Time (s): cpu = 00:00:54 ; elapsed = 00:01:09 . Memory (MB): peak = 688.621 ; gain = 451.160
Finished Renaming Generated Nets : Time (s): cpu = 00:00:54 ; elapsed = 00:01:09 . Memory (MB): peak = 688.621 ; gain = 451.160

Report Cell Usage: 
+------+--------+------+
|      |Cell    |Count |
+------+--------+------+
|1     |DSP48E1 |     1|
|2     |LUT1    |     3|
|3     |LUT2    |    16|
|4     |LUT3    |     2|
|5     |LUT4    |     5|
|6     |LUT5    |     1|
|7     |LUT6    |     5|
|8     |SRL16E  |    53|
|9     |FDRE    |   149|
|10    |FDSE    |     1|
+------+--------+------+
Finished Writing Synthesis Report : Time (s): cpu = 00:00:54 ; elapsed = 00:01:09 . Memory (MB): peak = 688.621 ; gain = 451.160
synth_design: Time (s): cpu = 00:00:56 ; elapsed = 00:01:13 . Memory (MB): peak = 688.621 ; gain = 451.789
