
*** Running vivado
    with args -log fir_compiler_0.vds -m64 -product Vivado -mode batch -messageDb vivado.pb -notrace -source fir_compiler_0.tcl


****** Vivado v2017.2 (64-bit)
  **** SW Build 1909853 on Thu Jun 15 18:39:09 MDT 2017
  **** IP Build 1909766 on Thu Jun 15 19:58:00 MDT 2017
    ** Copyright 1986-2017 Xilinx, Inc. All Rights Reserved.

source fir_compiler_0.tcl -notrace
Starting RTL Elaboration : Time (s): cpu = 00:00:07 ; elapsed = 00:00:08 . Memory (MB): peak = 317.820 ; gain = 80.531
INFO: [Synth 8-638] synthesizing module 'fir_compiler_0' [c:/Vivado/i2s_playback/i2s_playback.srcs/sources_1/ip/fir_compiler_0/synth/fir_compiler_0.vhd:70]
INFO: [Synth 8-256] done synthesizing module 'fir_compiler_0' (11#1) [c:/Vivado/i2s_playback/i2s_playback.srcs/sources_1/ip/fir_compiler_0/synth/fir_compiler_0.vhd:70]
Finished RTL Elaboration : Time (s): cpu = 00:00:13 ; elapsed = 00:00:14 . Memory (MB): peak = 386.590 ; gain = 149.301
Finished RTL Optimization Phase 1 : Time (s): cpu = 00:00:13 ; elapsed = 00:00:14 . Memory (MB): peak = 386.590 ; gain = 149.301
INFO: [Device 21-403] Loading part xc7a100tcsg324-1
Constraint Validation Runtime : Time (s): cpu = 00:00:00 ; elapsed = 00:00:00.020 . Memory (MB): peak = 587.734 ; gain = 0.000
Finished Constraint Validation : Time (s): cpu = 00:00:22 ; elapsed = 00:00:24 . Memory (MB): peak = 587.734 ; gain = 350.445
Finished Loading Part and Timing Information : Time (s): cpu = 00:00:22 ; elapsed = 00:00:24 . Memory (MB): peak = 587.734 ; gain = 350.445
Finished applying 'set_property' XDC Constraints : Time (s): cpu = 00:00:22 ; elapsed = 00:00:24 . Memory (MB): peak = 587.734 ; gain = 350.445
Finished RTL Optimization Phase 2 : Time (s): cpu = 00:00:22 ; elapsed = 00:00:24 . Memory (MB): peak = 587.734 ; gain = 350.445
Finished Cross Boundary and Area Optimization : Time (s): cpu = 00:00:23 ; elapsed = 00:00:25 . Memory (MB): peak = 587.734 ; gain = 350.445
Finished Applying XDC Timing Constraints : Time (s): cpu = 00:00:38 ; elapsed = 00:00:40 . Memory (MB): peak = 665.266 ; gain = 427.977
Finished Timing Optimization : Time (s): cpu = 00:00:38 ; elapsed = 00:00:40 . Memory (MB): peak = 665.266 ; gain = 427.977
Finished Technology Mapping : Time (s): cpu = 00:00:38 ; elapsed = 00:00:40 . Memory (MB): peak = 685.551 ; gain = 448.262
Finished IO Insertion : Time (s): cpu = 00:00:39 ; elapsed = 00:00:41 . Memory (MB): peak = 685.551 ; gain = 448.262
Finished Renaming Generated Instances : Time (s): cpu = 00:00:39 ; elapsed = 00:00:41 . Memory (MB): peak = 685.551 ; gain = 448.262
Finished Rebuilding User Hierarchy : Time (s): cpu = 00:00:39 ; elapsed = 00:00:41 . Memory (MB): peak = 685.551 ; gain = 448.262
Finished Renaming Generated Ports : Time (s): cpu = 00:00:39 ; elapsed = 00:00:41 . Memory (MB): peak = 685.551 ; gain = 448.262
Finished Handling Custom Attributes : Time (s): cpu = 00:00:39 ; elapsed = 00:00:41 . Memory (MB): peak = 685.551 ; gain = 448.262
Finished Renaming Generated Nets : Time (s): cpu = 00:00:39 ; elapsed = 00:00:41 . Memory (MB): peak = 685.551 ; gain = 448.262

Report Cell Usage: 
+------+--------+------+
|      |Cell    |Count |
+------+--------+------+
|1     |DSP48E1 |     1|
|2     |LUT1    |     4|
|3     |LUT2    |    12|
|4     |LUT3    |     1|
|5     |LUT4    |     2|
|6     |LUT5    |     1|
|7     |SRL16E  |    53|
|8     |FDRE    |   109|
|9     |FDSE    |     1|
+------+--------+------+
Finished Writing Synthesis Report : Time (s): cpu = 00:00:39 ; elapsed = 00:00:41 . Memory (MB): peak = 685.551 ; gain = 448.262
synth_design: Time (s): cpu = 00:00:41 ; elapsed = 00:00:43 . Memory (MB): peak = 685.551 ; gain = 448.891
