Unable to capture context for thread 2640 in process 232, can not generate back trace
Exception at PC 0x00007FFABDA5BB93
Printing stacktrace...

[0]  [0x00007FFABDA5BB93]
[1]  [0x00007FFABDA5BB93]
[2]  [0x00007FFABDA5B4A1]
[3]  [0x00007FFABDA5B3EF]
[4]  [0x00007FFABDA419FE]
[5]  [0x00007FFABDA40ED1]
[6]  [0x00007FFABDA40D76]
[7]  [0x00007FFABD9E79F6]
[8]  [0x00007FFABD9D7AFB]
[9]  [0x00007FFABDAFE90A]
[10]  [0x00007FFABDB19F87]
[11]  [0x00007FFABDB1A05F]
[12] (BaseThreadInitThunk+0x14) [0x00007FFAFBC37BD4]
[13] (RtlUserThreadStart+0x21) [0x00007FFAFDA2CED1]
Done
Exception at PC 0x00007FFABD761A52
Attemped to write at address 0x00007FFAC979ABA4
Printing stacktrace...

[0]  [0x00007FFABD761A52]
[1]  [0x00007FFABD761A52]
[2]  [0x00007FFABD761AD4]
[3]  [0x00007FFABD8A3FF7]
[4]  [0x00007FFABD789128]
[5]  [0x00007FFABDA3DFB9]
[6]  [0x00007FFABDC0EF23]
[7]  [0x00007FFABDB1B06B]
[8]  [0x00007FFABDB108AF]
[9]  [0x00007FFABDB10A32]
[10] (RtlActivateActivationContextUnsafeFast+0x121) [0x00007FFAFD9E50A1]
[11] (LdrShutdownProcess+0x132) [0x00007FFAFDA2AB02]
[12] (RtlExitUserProcess+0xad) [0x00007FFAFDA2A9AD]
[13] (ExitProcess+0xa) [0x00007FFAFBC3CD8A]
[14] (exit+0x85) [0x00007FFAFCCEA245]
[15] (initterm_e+0x245) [0x00007FFAFCCEA8B5]
[16]  [0x00000000004014CD]
[17]  [0x000000000040151B]
[18] (BaseThreadInitThunk+0x14) [0x00007FFAFBC37BD4]
[19] (RtlUserThreadStart+0x21) [0x00007FFAFDA2CED1]
Done
