Copyright 1986-2017 Xilinx, Inc. All Rights Reserved.
------------------------------------------------------------------------------------------------------------------------------
| Tool Version : Vivado v.2017.2 (win64) Build 1909853 Thu Jun 15 18:39:09 MDT 2017
| Date         : Fri Dec 27 14:12:46 2019
| Host         : LAPTOP-ATT53B95 running 64-bit major release  (build 9200)
| Command      : report_drc -file i2s_playback_drc_routed.rpt -pb i2s_playback_drc_routed.pb -rpx i2s_playback_drc_routed.rpx
| Design       : i2s_playback
| Device       : xc7a100tcsg324-1
| Speed File   : -1
| Design State : Routed
------------------------------------------------------------------------------------------------------------------------------

Report DRC

Table of Contents
-----------------
1. REPORT SUMMARY
2. REPORT DETAILS

1. REPORT SUMMARY
-----------------
            Netlist: netlist
          Floorplan: design_1
      Design limits: <entire design considered>
           Ruledeck: default
             Max violations: <unlimited>
             Violations found: 71
+--------+----------+------------------------------------------------------------------+------------+
| Rule   | Severity | Description                                                      | Violations |
+--------+----------+------------------------------------------------------------------+------------+
| CKLD-2 | Warning  | Clock Net has IO Driver, not a Clock Buf, and/or non-Clock loads | 1          |
| DPIP-1 | Warning  | Input pipelining                                                 | 6          |
| DPIR-1 | Warning  | Asynchronous driver check                                        | 60         |
| DPOP-1 | Warning  | PREG Output pipelining                                           | 2          |
| DPOP-2 | Warning  | MREG Output pipelining                                           | 2          |
+--------+----------+------------------------------------------------------------------+------------+

2. REPORT DETAILS
-----------------
CKLD-2#1 Warning
Clock Net has IO Driver, not a Clock Buf, and/or non-Clock loads  
Clock net clock_IBUF is directly driven by an IO rather than a Clock Buffer or may be an IO driving a mix of Clock Buffer and non-Clock loads. This connectivity should be reviewed and corrected as appropriate. Driver(s): clock_IBUF_inst/O
Related violations: <none>

DPIP-1#1 Warning
Input pipelining  
DSP unit_digital_efects/Unit_EfectBANKFILTER/Unit_FIR_Filter_bankfilter_L/U0/R2_reg_reg input unit_digital_efects/Unit_EfectBANKFILTER/Unit_FIR_Filter_bankfilter_L/U0/R2_reg_reg/A[29:0] is not pipelined. Pipelining DSP48 input will improve performance.
Related violations: <none>

DPIP-1#2 Warning
Input pipelining  
DSP unit_digital_efects/Unit_EfectBANKFILTER/Unit_FIR_Filter_bankfilter_L/U0/R2_reg_reg input unit_digital_efects/Unit_EfectBANKFILTER/Unit_FIR_Filter_bankfilter_L/U0/R2_reg_reg/B[17:0] is not pipelined. Pipelining DSP48 input will improve performance.
Related violations: <none>

DPIP-1#3 Warning
Input pipelining  
DSP unit_digital_efects/Unit_EfectBANKFILTER/Unit_FIR_Filter_bankfilter_R/U0/R2_reg_reg input unit_digital_efects/Unit_EfectBANKFILTER/Unit_FIR_Filter_bankfilter_R/U0/R2_reg_reg/A[29:0] is not pipelined. Pipelining DSP48 input will improve performance.
Related violations: <none>

DPIP-1#4 Warning
Input pipelining  
DSP unit_digital_efects/Unit_EfectBANKFILTER/Unit_FIR_Filter_bankfilter_R/U0/R2_reg_reg input unit_digital_efects/Unit_EfectBANKFILTER/Unit_FIR_Filter_bankfilter_R/U0/R2_reg_reg/B[17:0] is not pipelined. Pipelining DSP48 input will improve performance.
Related violations: <none>

DPIP-1#5 Warning
Input pipelining  
DSP unit_digital_efects/Unit_EfectCOMPRESSOR/l_data_out_aux0 input unit_digital_efects/Unit_EfectCOMPRESSOR/l_data_out_aux0/A[29:0] is not pipelined. Pipelining DSP48 input will improve performance.
Related violations: <none>

DPIP-1#6 Warning
Input pipelining  
DSP unit_digital_efects/Unit_EfectCOMPRESSOR/r_data_out_aux0 input unit_digital_efects/Unit_EfectCOMPRESSOR/r_data_out_aux0/A[29:0] is not pipelined. Pipelining DSP48 input will improve performance.
Related violations: <none>

DPIR-1#1 Warning
Asynchronous driver check  
DSP unit_digital_efects/Unit_EfectCOMPRESSOR/l_data_out_aux0 input pin unit_digital_efects/Unit_EfectCOMPRESSOR/l_data_out_aux0/A[0] is connected to registers with an asynchronous reset. This is preventing the possibility of merging these registers in to the DSP Block since the DSP block registers only possess synchronous reset capability.  It is suggested to recode or change these registers to remove the reset or use a synchronous reset to get the best optimization for performance, power and area.
Related violations: <none>

DPIR-1#2 Warning
Asynchronous driver check  
DSP unit_digital_efects/Unit_EfectCOMPRESSOR/l_data_out_aux0 input pin unit_digital_efects/Unit_EfectCOMPRESSOR/l_data_out_aux0/A[10] is connected to registers with an asynchronous reset. This is preventing the possibility of merging these registers in to the DSP Block since the DSP block registers only possess synchronous reset capability.  It is suggested to recode or change these registers to remove the reset or use a synchronous reset to get the best optimization for performance, power and area.
Related violations: <none>

DPIR-1#3 Warning
Asynchronous driver check  
DSP unit_digital_efects/Unit_EfectCOMPRESSOR/l_data_out_aux0 input pin unit_digital_efects/Unit_EfectCOMPRESSOR/l_data_out_aux0/A[11] is connected to registers with an asynchronous reset. This is preventing the possibility of merging these registers in to the DSP Block since the DSP block registers only possess synchronous reset capability.  It is suggested to recode or change these registers to remove the reset or use a synchronous reset to get the best optimization for performance, power and area.
Related violations: <none>

DPIR-1#4 Warning
Asynchronous driver check  
DSP unit_digital_efects/Unit_EfectCOMPRESSOR/l_data_out_aux0 input pin unit_digital_efects/Unit_EfectCOMPRESSOR/l_data_out_aux0/A[12] is connected to registers with an asynchronous reset. This is preventing the possibility of merging these registers in to the DSP Block since the DSP block registers only possess synchronous reset capability.  It is suggested to recode or change these registers to remove the reset or use a synchronous reset to get the best optimization for performance, power and area.
Related violations: <none>

DPIR-1#5 Warning
Asynchronous driver check  
DSP unit_digital_efects/Unit_EfectCOMPRESSOR/l_data_out_aux0 input pin unit_digital_efects/Unit_EfectCOMPRESSOR/l_data_out_aux0/A[13] is connected to registers with an asynchronous reset. This is preventing the possibility of merging these registers in to the DSP Block since the DSP block registers only possess synchronous reset capability.  It is suggested to recode or change these registers to remove the reset or use a synchronous reset to get the best optimization for performance, power and area.
Related violations: <none>

DPIR-1#6 Warning
Asynchronous driver check  
DSP unit_digital_efects/Unit_EfectCOMPRESSOR/l_data_out_aux0 input pin unit_digital_efects/Unit_EfectCOMPRESSOR/l_data_out_aux0/A[14] is connected to registers with an asynchronous reset. This is preventing the possibility of merging these registers in to the DSP Block since the DSP block registers only possess synchronous reset capability.  It is suggested to recode or change these registers to remove the reset or use a synchronous reset to get the best optimization for performance, power and area.
Related violations: <none>

DPIR-1#7 Warning
Asynchronous driver check  
DSP unit_digital_efects/Unit_EfectCOMPRESSOR/l_data_out_aux0 input pin unit_digital_efects/Unit_EfectCOMPRESSOR/l_data_out_aux0/A[15] is connected to registers with an asynchronous reset. This is preventing the possibility of merging these registers in to the DSP Block since the DSP block registers only possess synchronous reset capability.  It is suggested to recode or change these registers to remove the reset or use a synchronous reset to get the best optimization for performance, power and area.
Related violations: <none>

DPIR-1#8 Warning
Asynchronous driver check  
DSP unit_digital_efects/Unit_EfectCOMPRESSOR/l_data_out_aux0 input pin unit_digital_efects/Unit_EfectCOMPRESSOR/l_data_out_aux0/A[16] is connected to registers with an asynchronous reset. This is preventing the possibility of merging these registers in to the DSP Block since the DSP block registers only possess synchronous reset capability.  It is suggested to recode or change these registers to remove the reset or use a synchronous reset to get the best optimization for performance, power and area.
Related violations: <none>

DPIR-1#9 Warning
Asynchronous driver check  
DSP unit_digital_efects/Unit_EfectCOMPRESSOR/l_data_out_aux0 input pin unit_digital_efects/Unit_EfectCOMPRESSOR/l_data_out_aux0/A[17] is connected to registers with an asynchronous reset. This is preventing the possibility of merging these registers in to the DSP Block since the DSP block registers only possess synchronous reset capability.  It is suggested to recode or change these registers to remove the reset or use a synchronous reset to get the best optimization for performance, power and area.
Related violations: <none>

DPIR-1#10 Warning
Asynchronous driver check  
DSP unit_digital_efects/Unit_EfectCOMPRESSOR/l_data_out_aux0 input pin unit_digital_efects/Unit_EfectCOMPRESSOR/l_data_out_aux0/A[18] is connected to registers with an asynchronous reset. This is preventing the possibility of merging these registers in to the DSP Block since the DSP block registers only possess synchronous reset capability.  It is suggested to recode or change these registers to remove the reset or use a synchronous reset to get the best optimization for performance, power and area.
Related violations: <none>

DPIR-1#11 Warning
Asynchronous driver check  
DSP unit_digital_efects/Unit_EfectCOMPRESSOR/l_data_out_aux0 input pin unit_digital_efects/Unit_EfectCOMPRESSOR/l_data_out_aux0/A[19] is connected to registers with an asynchronous reset. This is preventing the possibility of merging these registers in to the DSP Block since the DSP block registers only possess synchronous reset capability.  It is suggested to recode or change these registers to remove the reset or use a synchronous reset to get the best optimization for performance, power and area.
Related violations: <none>

DPIR-1#12 Warning
Asynchronous driver check  
DSP unit_digital_efects/Unit_EfectCOMPRESSOR/l_data_out_aux0 input pin unit_digital_efects/Unit_EfectCOMPRESSOR/l_data_out_aux0/A[1] is connected to registers with an asynchronous reset. This is preventing the possibility of merging these registers in to the DSP Block since the DSP block registers only possess synchronous reset capability.  It is suggested to recode or change these registers to remove the reset or use a synchronous reset to get the best optimization for performance, power and area.
Related violations: <none>

DPIR-1#13 Warning
Asynchronous driver check  
DSP unit_digital_efects/Unit_EfectCOMPRESSOR/l_data_out_aux0 input pin unit_digital_efects/Unit_EfectCOMPRESSOR/l_data_out_aux0/A[20] is connected to registers with an asynchronous reset. This is preventing the possibility of merging these registers in to the DSP Block since the DSP block registers only possess synchronous reset capability.  It is suggested to recode or change these registers to remove the reset or use a synchronous reset to get the best optimization for performance, power and area.
Related violations: <none>

DPIR-1#14 Warning
Asynchronous driver check  
DSP unit_digital_efects/Unit_EfectCOMPRESSOR/l_data_out_aux0 input pin unit_digital_efects/Unit_EfectCOMPRESSOR/l_data_out_aux0/A[21] is connected to registers with an asynchronous reset. This is preventing the possibility of merging these registers in to the DSP Block since the DSP block registers only possess synchronous reset capability.  It is suggested to recode or change these registers to remove the reset or use a synchronous reset to get the best optimization for performance, power and area.
Related violations: <none>

DPIR-1#15 Warning
Asynchronous driver check  
DSP unit_digital_efects/Unit_EfectCOMPRESSOR/l_data_out_aux0 input pin unit_digital_efects/Unit_EfectCOMPRESSOR/l_data_out_aux0/A[22] is connected to registers with an asynchronous reset. This is preventing the possibility of merging these registers in to the DSP Block since the DSP block registers only possess synchronous reset capability.  It is suggested to recode or change these registers to remove the reset or use a synchronous reset to get the best optimization for performance, power and area.
Related violations: <none>

DPIR-1#16 Warning
Asynchronous driver check  
DSP unit_digital_efects/Unit_EfectCOMPRESSOR/l_data_out_aux0 input pin unit_digital_efects/Unit_EfectCOMPRESSOR/l_data_out_aux0/A[23] is connected to registers with an asynchronous reset. This is preventing the possibility of merging these registers in to the DSP Block since the DSP block registers only possess synchronous reset capability.  It is suggested to recode or change these registers to remove the reset or use a synchronous reset to get the best optimization for performance, power and area.
Related violations: <none>

DPIR-1#17 Warning
Asynchronous driver check  
DSP unit_digital_efects/Unit_EfectCOMPRESSOR/l_data_out_aux0 input pin unit_digital_efects/Unit_EfectCOMPRESSOR/l_data_out_aux0/A[24] is connected to registers with an asynchronous reset. This is preventing the possibility of merging these registers in to the DSP Block since the DSP block registers only possess synchronous reset capability.  It is suggested to recode or change these registers to remove the reset or use a synchronous reset to get the best optimization for performance, power and area.
Related violations: <none>

DPIR-1#18 Warning
Asynchronous driver check  
DSP unit_digital_efects/Unit_EfectCOMPRESSOR/l_data_out_aux0 input pin unit_digital_efects/Unit_EfectCOMPRESSOR/l_data_out_aux0/A[25] is connected to registers with an asynchronous reset. This is preventing the possibility of merging these registers in to the DSP Block since the DSP block registers only possess synchronous reset capability.  It is suggested to recode or change these registers to remove the reset or use a synchronous reset to get the best optimization for performance, power and area.
Related violations: <none>

DPIR-1#19 Warning
Asynchronous driver check  
DSP unit_digital_efects/Unit_EfectCOMPRESSOR/l_data_out_aux0 input pin unit_digital_efects/Unit_EfectCOMPRESSOR/l_data_out_aux0/A[26] is connected to registers with an asynchronous reset. This is preventing the possibility of merging these registers in to the DSP Block since the DSP block registers only possess synchronous reset capability.  It is suggested to recode or change these registers to remove the reset or use a synchronous reset to get the best optimization for performance, power and area.
Related violations: <none>

DPIR-1#20 Warning
Asynchronous driver check  
DSP unit_digital_efects/Unit_EfectCOMPRESSOR/l_data_out_aux0 input pin unit_digital_efects/Unit_EfectCOMPRESSOR/l_data_out_aux0/A[27] is connected to registers with an asynchronous reset. This is preventing the possibility of merging these registers in to the DSP Block since the DSP block registers only possess synchronous reset capability.  It is suggested to recode or change these registers to remove the reset or use a synchronous reset to get the best optimization for performance, power and area.
Related violations: <none>

DPIR-1#21 Warning
Asynchronous driver check  
DSP unit_digital_efects/Unit_EfectCOMPRESSOR/l_data_out_aux0 input pin unit_digital_efects/Unit_EfectCOMPRESSOR/l_data_out_aux0/A[28] is connected to registers with an asynchronous reset. This is preventing the possibility of merging these registers in to the DSP Block since the DSP block registers only possess synchronous reset capability.  It is suggested to recode or change these registers to remove the reset or use a synchronous reset to get the best optimization for performance, power and area.
Related violations: <none>

DPIR-1#22 Warning
Asynchronous driver check  
DSP unit_digital_efects/Unit_EfectCOMPRESSOR/l_data_out_aux0 input pin unit_digital_efects/Unit_EfectCOMPRESSOR/l_data_out_aux0/A[29] is connected to registers with an asynchronous reset. This is preventing the possibility of merging these registers in to the DSP Block since the DSP block registers only possess synchronous reset capability.  It is suggested to recode or change these registers to remove the reset or use a synchronous reset to get the best optimization for performance, power and area.
Related violations: <none>

DPIR-1#23 Warning
Asynchronous driver check  
DSP unit_digital_efects/Unit_EfectCOMPRESSOR/l_data_out_aux0 input pin unit_digital_efects/Unit_EfectCOMPRESSOR/l_data_out_aux0/A[2] is connected to registers with an asynchronous reset. This is preventing the possibility of merging these registers in to the DSP Block since the DSP block registers only possess synchronous reset capability.  It is suggested to recode or change these registers to remove the reset or use a synchronous reset to get the best optimization for performance, power and area.
Related violations: <none>

DPIR-1#24 Warning
Asynchronous driver check  
DSP unit_digital_efects/Unit_EfectCOMPRESSOR/l_data_out_aux0 input pin unit_digital_efects/Unit_EfectCOMPRESSOR/l_data_out_aux0/A[3] is connected to registers with an asynchronous reset. This is preventing the possibility of merging these registers in to the DSP Block since the DSP block registers only possess synchronous reset capability.  It is suggested to recode or change these registers to remove the reset or use a synchronous reset to get the best optimization for performance, power and area.
Related violations: <none>

DPIR-1#25 Warning
Asynchronous driver check  
DSP unit_digital_efects/Unit_EfectCOMPRESSOR/l_data_out_aux0 input pin unit_digital_efects/Unit_EfectCOMPRESSOR/l_data_out_aux0/A[4] is connected to registers with an asynchronous reset. This is preventing the possibility of merging these registers in to the DSP Block since the DSP block registers only possess synchronous reset capability.  It is suggested to recode or change these registers to remove the reset or use a synchronous reset to get the best optimization for performance, power and area.
Related violations: <none>

DPIR-1#26 Warning
Asynchronous driver check  
DSP unit_digital_efects/Unit_EfectCOMPRESSOR/l_data_out_aux0 input pin unit_digital_efects/Unit_EfectCOMPRESSOR/l_data_out_aux0/A[5] is connected to registers with an asynchronous reset. This is preventing the possibility of merging these registers in to the DSP Block since the DSP block registers only possess synchronous reset capability.  It is suggested to recode or change these registers to remove the reset or use a synchronous reset to get the best optimization for performance, power and area.
Related violations: <none>

DPIR-1#27 Warning
Asynchronous driver check  
DSP unit_digital_efects/Unit_EfectCOMPRESSOR/l_data_out_aux0 input pin unit_digital_efects/Unit_EfectCOMPRESSOR/l_data_out_aux0/A[6] is connected to registers with an asynchronous reset. This is preventing the possibility of merging these registers in to the DSP Block since the DSP block registers only possess synchronous reset capability.  It is suggested to recode or change these registers to remove the reset or use a synchronous reset to get the best optimization for performance, power and area.
Related violations: <none>

DPIR-1#28 Warning
Asynchronous driver check  
DSP unit_digital_efects/Unit_EfectCOMPRESSOR/l_data_out_aux0 input pin unit_digital_efects/Unit_EfectCOMPRESSOR/l_data_out_aux0/A[7] is connected to registers with an asynchronous reset. This is preventing the possibility of merging these registers in to the DSP Block since the DSP block registers only possess synchronous reset capability.  It is suggested to recode or change these registers to remove the reset or use a synchronous reset to get the best optimization for performance, power and area.
Related violations: <none>

DPIR-1#29 Warning
Asynchronous driver check  
DSP unit_digital_efects/Unit_EfectCOMPRESSOR/l_data_out_aux0 input pin unit_digital_efects/Unit_EfectCOMPRESSOR/l_data_out_aux0/A[8] is connected to registers with an asynchronous reset. This is preventing the possibility of merging these registers in to the DSP Block since the DSP block registers only possess synchronous reset capability.  It is suggested to recode or change these registers to remove the reset or use a synchronous reset to get the best optimization for performance, power and area.
Related violations: <none>

DPIR-1#30 Warning
Asynchronous driver check  
DSP unit_digital_efects/Unit_EfectCOMPRESSOR/l_data_out_aux0 input pin unit_digital_efects/Unit_EfectCOMPRESSOR/l_data_out_aux0/A[9] is connected to registers with an asynchronous reset. This is preventing the possibility of merging these registers in to the DSP Block since the DSP block registers only possess synchronous reset capability.  It is suggested to recode or change these registers to remove the reset or use a synchronous reset to get the best optimization for performance, power and area.
Related violations: <none>

DPIR-1#31 Warning
Asynchronous driver check  
DSP unit_digital_efects/Unit_EfectCOMPRESSOR/r_data_out_aux0 input pin unit_digital_efects/Unit_EfectCOMPRESSOR/r_data_out_aux0/A[0] is connected to registers with an asynchronous reset. This is preventing the possibility of merging these registers in to the DSP Block since the DSP block registers only possess synchronous reset capability.  It is suggested to recode or change these registers to remove the reset or use a synchronous reset to get the best optimization for performance, power and area.
Related violations: <none>

DPIR-1#32 Warning
Asynchronous driver check  
DSP unit_digital_efects/Unit_EfectCOMPRESSOR/r_data_out_aux0 input pin unit_digital_efects/Unit_EfectCOMPRESSOR/r_data_out_aux0/A[10] is connected to registers with an asynchronous reset. This is preventing the possibility of merging these registers in to the DSP Block since the DSP block registers only possess synchronous reset capability.  It is suggested to recode or change these registers to remove the reset or use a synchronous reset to get the best optimization for performance, power and area.
Related violations: <none>

DPIR-1#33 Warning
Asynchronous driver check  
DSP unit_digital_efects/Unit_EfectCOMPRESSOR/r_data_out_aux0 input pin unit_digital_efects/Unit_EfectCOMPRESSOR/r_data_out_aux0/A[11] is connected to registers with an asynchronous reset. This is preventing the possibility of merging these registers in to the DSP Block since the DSP block registers only possess synchronous reset capability.  It is suggested to recode or change these registers to remove the reset or use a synchronous reset to get the best optimization for performance, power and area.
Related violations: <none>

DPIR-1#34 Warning
Asynchronous driver check  
DSP unit_digital_efects/Unit_EfectCOMPRESSOR/r_data_out_aux0 input pin unit_digital_efects/Unit_EfectCOMPRESSOR/r_data_out_aux0/A[12] is connected to registers with an asynchronous reset. This is preventing the possibility of merging these registers in to the DSP Block since the DSP block registers only possess synchronous reset capability.  It is suggested to recode or change these registers to remove the reset or use a synchronous reset to get the best optimization for performance, power and area.
Related violations: <none>

DPIR-1#35 Warning
Asynchronous driver check  
DSP unit_digital_efects/Unit_EfectCOMPRESSOR/r_data_out_aux0 input pin unit_digital_efects/Unit_EfectCOMPRESSOR/r_data_out_aux0/A[13] is connected to registers with an asynchronous reset. This is preventing the possibility of merging these registers in to the DSP Block since the DSP block registers only possess synchronous reset capability.  It is suggested to recode or change these registers to remove the reset or use a synchronous reset to get the best optimization for performance, power and area.
Related violations: <none>

DPIR-1#36 Warning
Asynchronous driver check  
DSP unit_digital_efects/Unit_EfectCOMPRESSOR/r_data_out_aux0 input pin unit_digital_efects/Unit_EfectCOMPRESSOR/r_data_out_aux0/A[14] is connected to registers with an asynchronous reset. This is preventing the possibility of merging these registers in to the DSP Block since the DSP block registers only possess synchronous reset capability.  It is suggested to recode or change these registers to remove the reset or use a synchronous reset to get the best optimization for performance, power and area.
Related violations: <none>

DPIR-1#37 Warning
Asynchronous driver check  
DSP unit_digital_efects/Unit_EfectCOMPRESSOR/r_data_out_aux0 input pin unit_digital_efects/Unit_EfectCOMPRESSOR/r_data_out_aux0/A[15] is connected to registers with an asynchronous reset. This is preventing the possibility of merging these registers in to the DSP Block since the DSP block registers only possess synchronous reset capability.  It is suggested to recode or change these registers to remove the reset or use a synchronous reset to get the best optimization for performance, power and area.
Related violations: <none>

DPIR-1#38 Warning
Asynchronous driver check  
DSP unit_digital_efects/Unit_EfectCOMPRESSOR/r_data_out_aux0 input pin unit_digital_efects/Unit_EfectCOMPRESSOR/r_data_out_aux0/A[16] is connected to registers with an asynchronous reset. This is preventing the possibility of merging these registers in to the DSP Block since the DSP block registers only possess synchronous reset capability.  It is suggested to recode or change these registers to remove the reset or use a synchronous reset to get the best optimization for performance, power and area.
Related violations: <none>

DPIR-1#39 Warning
Asynchronous driver check  
DSP unit_digital_efects/Unit_EfectCOMPRESSOR/r_data_out_aux0 input pin unit_digital_efects/Unit_EfectCOMPRESSOR/r_data_out_aux0/A[17] is connected to registers with an asynchronous reset. This is preventing the possibility of merging these registers in to the DSP Block since the DSP block registers only possess synchronous reset capability.  It is suggested to recode or change these registers to remove the reset or use a synchronous reset to get the best optimization for performance, power and area.
Related violations: <none>

DPIR-1#40 Warning
Asynchronous driver check  
DSP unit_digital_efects/Unit_EfectCOMPRESSOR/r_data_out_aux0 input pin unit_digital_efects/Unit_EfectCOMPRESSOR/r_data_out_aux0/A[18] is connected to registers with an asynchronous reset. This is preventing the possibility of merging these registers in to the DSP Block since the DSP block registers only possess synchronous reset capability.  It is suggested to recode or change these registers to remove the reset or use a synchronous reset to get the best optimization for performance, power and area.
Related violations: <none>

DPIR-1#41 Warning
Asynchronous driver check  
DSP unit_digital_efects/Unit_EfectCOMPRESSOR/r_data_out_aux0 input pin unit_digital_efects/Unit_EfectCOMPRESSOR/r_data_out_aux0/A[19] is connected to registers with an asynchronous reset. This is preventing the possibility of merging these registers in to the DSP Block since the DSP block registers only possess synchronous reset capability.  It is suggested to recode or change these registers to remove the reset or use a synchronous reset to get the best optimization for performance, power and area.
Related violations: <none>

DPIR-1#42 Warning
Asynchronous driver check  
DSP unit_digital_efects/Unit_EfectCOMPRESSOR/r_data_out_aux0 input pin unit_digital_efects/Unit_EfectCOMPRESSOR/r_data_out_aux0/A[1] is connected to registers with an asynchronous reset. This is preventing the possibility of merging these registers in to the DSP Block since the DSP block registers only possess synchronous reset capability.  It is suggested to recode or change these registers to remove the reset or use a synchronous reset to get the best optimization for performance, power and area.
Related violations: <none>

DPIR-1#43 Warning
Asynchronous driver check  
DSP unit_digital_efects/Unit_EfectCOMPRESSOR/r_data_out_aux0 input pin unit_digital_efects/Unit_EfectCOMPRESSOR/r_data_out_aux0/A[20] is connected to registers with an asynchronous reset. This is preventing the possibility of merging these registers in to the DSP Block since the DSP block registers only possess synchronous reset capability.  It is suggested to recode or change these registers to remove the reset or use a synchronous reset to get the best optimization for performance, power and area.
Related violations: <none>

DPIR-1#44 Warning
Asynchronous driver check  
DSP unit_digital_efects/Unit_EfectCOMPRESSOR/r_data_out_aux0 input pin unit_digital_efects/Unit_EfectCOMPRESSOR/r_data_out_aux0/A[21] is connected to registers with an asynchronous reset. This is preventing the possibility of merging these registers in to the DSP Block since the DSP block registers only possess synchronous reset capability.  It is suggested to recode or change these registers to remove the reset or use a synchronous reset to get the best optimization for performance, power and area.
Related violations: <none>

DPIR-1#45 Warning
Asynchronous driver check  
DSP unit_digital_efects/Unit_EfectCOMPRESSOR/r_data_out_aux0 input pin unit_digital_efects/Unit_EfectCOMPRESSOR/r_data_out_aux0/A[22] is connected to registers with an asynchronous reset. This is preventing the possibility of merging these registers in to the DSP Block since the DSP block registers only possess synchronous reset capability.  It is suggested to recode or change these registers to remove the reset or use a synchronous reset to get the best optimization for performance, power and area.
Related violations: <none>

DPIR-1#46 Warning
Asynchronous driver check  
DSP unit_digital_efects/Unit_EfectCOMPRESSOR/r_data_out_aux0 input pin unit_digital_efects/Unit_EfectCOMPRESSOR/r_data_out_aux0/A[23] is connected to registers with an asynchronous reset. This is preventing the possibility of merging these registers in to the DSP Block since the DSP block registers only possess synchronous reset capability.  It is suggested to recode or change these registers to remove the reset or use a synchronous reset to get the best optimization for performance, power and area.
Related violations: <none>

DPIR-1#47 Warning
Asynchronous driver check  
DSP unit_digital_efects/Unit_EfectCOMPRESSOR/r_data_out_aux0 input pin unit_digital_efects/Unit_EfectCOMPRESSOR/r_data_out_aux0/A[24] is connected to registers with an asynchronous reset. This is preventing the possibility of merging these registers in to the DSP Block since the DSP block registers only possess synchronous reset capability.  It is suggested to recode or change these registers to remove the reset or use a synchronous reset to get the best optimization for performance, power and area.
Related violations: <none>

DPIR-1#48 Warning
Asynchronous driver check  
DSP unit_digital_efects/Unit_EfectCOMPRESSOR/r_data_out_aux0 input pin unit_digital_efects/Unit_EfectCOMPRESSOR/r_data_out_aux0/A[25] is connected to registers with an asynchronous reset. This is preventing the possibility of merging these registers in to the DSP Block since the DSP block registers only possess synchronous reset capability.  It is suggested to recode or change these registers to remove the reset or use a synchronous reset to get the best optimization for performance, power and area.
Related violations: <none>

DPIR-1#49 Warning
Asynchronous driver check  
DSP unit_digital_efects/Unit_EfectCOMPRESSOR/r_data_out_aux0 input pin unit_digital_efects/Unit_EfectCOMPRESSOR/r_data_out_aux0/A[26] is connected to registers with an asynchronous reset. This is preventing the possibility of merging these registers in to the DSP Block since the DSP block registers only possess synchronous reset capability.  It is suggested to recode or change these registers to remove the reset or use a synchronous reset to get the best optimization for performance, power and area.
Related violations: <none>

DPIR-1#50 Warning
Asynchronous driver check  
DSP unit_digital_efects/Unit_EfectCOMPRESSOR/r_data_out_aux0 input pin unit_digital_efects/Unit_EfectCOMPRESSOR/r_data_out_aux0/A[27] is connected to registers with an asynchronous reset. This is preventing the possibility of merging these registers in to the DSP Block since the DSP block registers only possess synchronous reset capability.  It is suggested to recode or change these registers to remove the reset or use a synchronous reset to get the best optimization for performance, power and area.
Related violations: <none>

DPIR-1#51 Warning
Asynchronous driver check  
DSP unit_digital_efects/Unit_EfectCOMPRESSOR/r_data_out_aux0 input pin unit_digital_efects/Unit_EfectCOMPRESSOR/r_data_out_aux0/A[28] is connected to registers with an asynchronous reset. This is preventing the possibility of merging these registers in to the DSP Block since the DSP block registers only possess synchronous reset capability.  It is suggested to recode or change these registers to remove the reset or use a synchronous reset to get the best optimization for performance, power and area.
Related violations: <none>

DPIR-1#52 Warning
Asynchronous driver check  
DSP unit_digital_efects/Unit_EfectCOMPRESSOR/r_data_out_aux0 input pin unit_digital_efects/Unit_EfectCOMPRESSOR/r_data_out_aux0/A[29] is connected to registers with an asynchronous reset. This is preventing the possibility of merging these registers in to the DSP Block since the DSP block registers only possess synchronous reset capability.  It is suggested to recode or change these registers to remove the reset or use a synchronous reset to get the best optimization for performance, power and area.
Related violations: <none>

DPIR-1#53 Warning
Asynchronous driver check  
DSP unit_digital_efects/Unit_EfectCOMPRESSOR/r_data_out_aux0 input pin unit_digital_efects/Unit_EfectCOMPRESSOR/r_data_out_aux0/A[2] is connected to registers with an asynchronous reset. This is preventing the possibility of merging these registers in to the DSP Block since the DSP block registers only possess synchronous reset capability.  It is suggested to recode or change these registers to remove the reset or use a synchronous reset to get the best optimization for performance, power and area.
Related violations: <none>

DPIR-1#54 Warning
Asynchronous driver check  
DSP unit_digital_efects/Unit_EfectCOMPRESSOR/r_data_out_aux0 input pin unit_digital_efects/Unit_EfectCOMPRESSOR/r_data_out_aux0/A[3] is connected to registers with an asynchronous reset. This is preventing the possibility of merging these registers in to the DSP Block since the DSP block registers only possess synchronous reset capability.  It is suggested to recode or change these registers to remove the reset or use a synchronous reset to get the best optimization for performance, power and area.
Related violations: <none>

DPIR-1#55 Warning
Asynchronous driver check  
DSP unit_digital_efects/Unit_EfectCOMPRESSOR/r_data_out_aux0 input pin unit_digital_efects/Unit_EfectCOMPRESSOR/r_data_out_aux0/A[4] is connected to registers with an asynchronous reset. This is preventing the possibility of merging these registers in to the DSP Block since the DSP block registers only possess synchronous reset capability.  It is suggested to recode or change these registers to remove the reset or use a synchronous reset to get the best optimization for performance, power and area.
Related violations: <none>

DPIR-1#56 Warning
Asynchronous driver check  
DSP unit_digital_efects/Unit_EfectCOMPRESSOR/r_data_out_aux0 input pin unit_digital_efects/Unit_EfectCOMPRESSOR/r_data_out_aux0/A[5] is connected to registers with an asynchronous reset. This is preventing the possibility of merging these registers in to the DSP Block since the DSP block registers only possess synchronous reset capability.  It is suggested to recode or change these registers to remove the reset or use a synchronous reset to get the best optimization for performance, power and area.
Related violations: <none>

DPIR-1#57 Warning
Asynchronous driver check  
DSP unit_digital_efects/Unit_EfectCOMPRESSOR/r_data_out_aux0 input pin unit_digital_efects/Unit_EfectCOMPRESSOR/r_data_out_aux0/A[6] is connected to registers with an asynchronous reset. This is preventing the possibility of merging these registers in to the DSP Block since the DSP block registers only possess synchronous reset capability.  It is suggested to recode or change these registers to remove the reset or use a synchronous reset to get the best optimization for performance, power and area.
Related violations: <none>

DPIR-1#58 Warning
Asynchronous driver check  
DSP unit_digital_efects/Unit_EfectCOMPRESSOR/r_data_out_aux0 input pin unit_digital_efects/Unit_EfectCOMPRESSOR/r_data_out_aux0/A[7] is connected to registers with an asynchronous reset. This is preventing the possibility of merging these registers in to the DSP Block since the DSP block registers only possess synchronous reset capability.  It is suggested to recode or change these registers to remove the reset or use a synchronous reset to get the best optimization for performance, power and area.
Related violations: <none>

DPIR-1#59 Warning
Asynchronous driver check  
DSP unit_digital_efects/Unit_EfectCOMPRESSOR/r_data_out_aux0 input pin unit_digital_efects/Unit_EfectCOMPRESSOR/r_data_out_aux0/A[8] is connected to registers with an asynchronous reset. This is preventing the possibility of merging these registers in to the DSP Block since the DSP block registers only possess synchronous reset capability.  It is suggested to recode or change these registers to remove the reset or use a synchronous reset to get the best optimization for performance, power and area.
Related violations: <none>

DPIR-1#60 Warning
Asynchronous driver check  
DSP unit_digital_efects/Unit_EfectCOMPRESSOR/r_data_out_aux0 input pin unit_digital_efects/Unit_EfectCOMPRESSOR/r_data_out_aux0/A[9] is connected to registers with an asynchronous reset. This is preventing the possibility of merging these registers in to the DSP Block since the DSP block registers only possess synchronous reset capability.  It is suggested to recode or change these registers to remove the reset or use a synchronous reset to get the best optimization for performance, power and area.
Related violations: <none>

DPOP-1#1 Warning
PREG Output pipelining  
DSP unit_digital_efects/Unit_EfectCOMPRESSOR/l_data_out_aux0 output unit_digital_efects/Unit_EfectCOMPRESSOR/l_data_out_aux0/P[47:0] is not pipelined (PREG=0). Pipelining the DSP48 output will improve performance and often saves power so it is suggested whenever possible to fully pipeline this function.  If this DSP48 function was inferred, it is suggested to describe an additional register stage after this function.  If the DSP48 was instantiated in the design, it is suggested to set the PREG attribute to 1.
Related violations: <none>

DPOP-1#2 Warning
PREG Output pipelining  
DSP unit_digital_efects/Unit_EfectCOMPRESSOR/r_data_out_aux0 output unit_digital_efects/Unit_EfectCOMPRESSOR/r_data_out_aux0/P[47:0] is not pipelined (PREG=0). Pipelining the DSP48 output will improve performance and often saves power so it is suggested whenever possible to fully pipeline this function.  If this DSP48 function was inferred, it is suggested to describe an additional register stage after this function.  If the DSP48 was instantiated in the design, it is suggested to set the PREG attribute to 1.
Related violations: <none>

DPOP-2#1 Warning
MREG Output pipelining  
DSP unit_digital_efects/Unit_EfectCOMPRESSOR/l_data_out_aux0 multiplier stage unit_digital_efects/Unit_EfectCOMPRESSOR/l_data_out_aux0/P[47:0] is not pipelined (MREG=0). Pipelining the multiplier function will improve performance and will save significant power so it is suggested whenever possible to fully pipeline this function.  If this multiplier was inferred, it is suggested to describe an additional register stage after this function.  If there is no registered adder/accumulator following the multiply function, two pipeline stages are suggested to allow both the MREG and PREG registers to be used.  If the DSP48 was instantiated in the design, it is suggested to set both the MREG and PREG attributes to 1 when performing multiply functions.
Related violations: <none>

DPOP-2#2 Warning
MREG Output pipelining  
DSP unit_digital_efects/Unit_EfectCOMPRESSOR/r_data_out_aux0 multiplier stage unit_digital_efects/Unit_EfectCOMPRESSOR/r_data_out_aux0/P[47:0] is not pipelined (MREG=0). Pipelining the multiplier function will improve performance and will save significant power so it is suggested whenever possible to fully pipeline this function.  If this multiplier was inferred, it is suggested to describe an additional register stage after this function.  If there is no registered adder/accumulator following the multiply function, two pipeline stages are suggested to allow both the MREG and PREG registers to be used.  If the DSP48 was instantiated in the design, it is suggested to set both the MREG and PREG attributes to 1 when performing multiply functions.
Related violations: <none>


