#-----------------------------------------------------------
# Vivado v2017.2 (64-bit)
# SW Build 1909853 on Thu Jun 15 18:39:09 MDT 2017
# IP Build 1909766 on Thu Jun 15 19:58:00 MDT 2017
# Start of session at: Wed Nov 20 20:05:07 2019
# Process ID: 2632
# Current directory: C:/Vivado/i2s_playback
# Command line: vivado.exe -gui_launcher_event rodinguilauncherevent8236 C:\Vivado\i2s_playback\i2s_playback.xpr
# Log file: C:/Vivado/i2s_playback/vivado.log
# Journal file: C:/Vivado/i2s_playback\vivado.jou
#-----------------------------------------------------------
start_gui
open_project C:/Vivado/i2s_playback/i2s_playback.xpr
Scanning sources...
Finished scanning sources
INFO: [IP_Flow 19-234] Refreshing IP repositories
INFO: [IP_Flow 19-1704] No user IP repositories specified
INFO: [IP_Flow 19-2313] Loaded Vivado IP repository 'C:/Xilinx/Vivado/2017.2/data/ip'.
open_project: Time (s): cpu = 00:00:16 ; elapsed = 00:00:36 . Memory (MB): peak = 706.801 ; gain = 31.492
set_property source_mgmt_mode None [current_project]
exit
INFO: [Common 17-206] Exiting Vivado at Wed Nov 20 20:07:28 2019...
